02/01/2022	100	61d1d6f4-f231-433e-ab56-eff9f106f502	Transferência recebida pelo Pix - EVERSON SOBRAL RIBAS DA ROCHA - •••.069.780-•• - BCO DO ESTADO DO RS S.A. (0041) Agência: 100 Conta: 352893471-7
03/01/2022	-400	61aa249f-5272-4394-8b47-9a47958dc321	Transferência enviada pelo Pix - Luiz Afonso Cidade da Rocha - •••.368.200-•• - BCO DO ESTADO DO RS S.A. (0041) Agência: 51 Conta: 351223130-0
03/01/2022	-2764.01	61ba04ab-aa82-49ed-b85c-18c241750545	Pagamento de boleto efetuado - P.M. DE PORTO ALEGRE
03/01/2022	-109.39	61ba0503-b3aa-49dd-a390-61888b0fb535	Pagamento de boleto efetuado - PREF PORTO ALEGRE
03/01/2022	-237.85	61ba0535-5c99-4d06-a383-7d8d3dc6597b	Pagamento de boleto efetuado - PREF PORTO ALEGRE
03/01/2022	-10	61d355a7-fa31-48cd-903d-34c4d550ca37	Transferência enviada pelo Pix - Silvano Cristovao da Silva - •••.530.899-•• - CAIXA ECONOMICA FEDERAL (0104) Agência: 3880 Conta: 1288000000928031273-7
04/01/2022	-2764.01	61c22cbb-3fad-48e3-a061-7aa5496279f5	Pagamento de boleto efetuado - PREF PORTO ALEGRE
04/01/2022	-237.85	61c22d26-a0a3-4da7-8228-20577cd24b2d	Pagamento de boleto efetuado - PREF PORTO ALEGRE
04/01/2022	-101.14	61c22d50-bb21-4482-b4d0-5cd0ce5e329e	Pagamento de boleto efetuado - PREF PORTO ALEGRE
04/01/2022	-300	61d45ea0-3c63-4519-b9e1-3e634e61b789	Transferência enviada pelo Pix - SAQUE E PAGUE R - 12.901.364/0001-21 - BANCO TOPÁZIO S.A. (0082) Agência: 1 Conta: 4805516-4
04/01/2022	-3794.66	61d4862e-7a04-4442-af4b-ec4bdffb1165	Transferência enviada pelo Pix - FGTEC INFORMATICA LTDA - 03.067.658/0001-09 - BANCO INTER (0077) Agência: 1 Conta: 9871368-0
04/01/2022	-50	61d4871d-53d0-41aa-aae9-fbc65b317733	Transferência enviada pelo Pix - FGTEC INFORMATICA LTDA - 03.067.658/0001-09 - BANCO INTER (0077) Agência: 1 Conta: 9871368-0
04/01/2022	3850	61d48b76-0a9c-4d5c-86eb-424b706f89b6	Transferência recebida pelo Pix - EDUARDO PONS DIAS COSTA - •••.855.950-•• - BCO DO BRASIL S.A. (0001) Agência: 2821 Conta: 2746930-1
05/01/2022	80	61d5fc6f-619a-45d2-a87c-2be07a635bd1	Transferência recebida pelo Pix - EDUARDO PONS DIAS COSTA - •••.855.950-•• - BCO DO BRASIL S.A. (0001) Agência: 2821 Conta: 2746930-1
05/01/2022	-1044.5	61d60555-687c-49b1-989d-ab243d960a1e	Pagamento de boleto efetuado - ASSOCIACAO PARA O DESENVOLVIME
05/01/2022	-1044.5	61d605c0-0885-4ebc-b818-46c88f4da700	Pagamento de boleto efetuado - ASSOCIACAO PARA O DESENVOLVIME
07/01/2022	-85.4	61d8995d-6471-4b71-b150-d7f6bb4459db	Transferência enviada pelo Pix - Conta primaria - 37.571.048/0001-60 - PAGAR.ME PAGAMENTOS Agência: 1 Conta: 385408-5
09/01/2022	-14271.43	61da5828-d682-431e-8e3e-c8721e095a7a	Pagamento da fatura - Cartão Nubank
10/01/2022	-1379.34	61cb4bbe-e4f2-4a33-89e2-609da046dc5c	Pagamento de boleto efetuado - NAO INFORMADO
10/01/2022	-1072.59	61dcaff2-114f-447e-9bde-4c1824bfbb5d	Pagamento de boleto efetuado - EBCT
10/01/2022	-266.3	61dcb037-87b0-42b1-8f3e-4bc83abb9376	Pagamento de boleto efetuado - EBCT
13/01/2022	120	61e0b3e7-543f-4e80-ae76-f1df72135358	Transferência recebida pelo Pix - EDUARDO PONS DIAS COSTA - •••.855.950-•• - BCO DO BRASIL S.A. (0001) Agência: 2821 Conta: 2746930-1
15/01/2022	-346.96	61d36ce1-7c0d-4b1b-adb0-7e94cdb01bba	Transferência enviada pelo Pix - CLARO SA - 40.432.544/0001-47 - ITAÚ UNIBANCO S.A. (0341) Agência: 911 Conta: 6206-5
15/01/2022	154	61e333cb-e2d2-4c9c-b9ef-29f424f5fe95	Transferência recebida pelo Pix - EDUARDO PONS DIAS COSTA - •••.855.950-•• - BCO DO BRASIL S.A. (0001) Agência: 2821 Conta: 2746930-1
18/01/2022	-166.5	61e6d09f-724e-48f0-9a11-3e0ba4ef41c0	Pagamento de boleto efetuado - GPS
18/01/2022	-1675	61e6d0c6-6de8-4f7f-a65f-d0c9ee987539	Transferência enviada pelo Pix - SECRETARIA DA RECEITA FEDERAL DO BRASIL - 00.394.460/0058-87 - BCO DO BRASIL S.A. (0001) Agência: 1607 Conta: 333666-2
18/01/2022	166.5	61e6f2fb-ad30-4f87-a9e6-79e043a80acb	Pagamento de boleto devolvido - GPS
18/01/2022	-120	61e7141d-68b1-420f-8eb6-2041893b5d30	Transferência enviada pelo Pix - SONIA MARIA GONCALVES DIAS DA COSTA - •••.089.100-•• - BCO DO BRASIL S.A. (0001) Agência: 3537 Conta: 9195362-6
19/01/2022	-166.5	61e76874-b4ba-4131-b1e3-fa39bb8187d1	Pagamento de boleto efetuado - GPS
19/01/2022	166.5	61e80814-eaff-4e5e-b3db-6b6ed016def7	Pagamento de boleto devolvido - GPS
20/01/2022	-800	61e9832e-2dcd-41fc-80cb-46a71e9211ab	Transferência enviada pelo Pix - Eduardo Gonçalves Pons Dias da Costa - •••.669.240-•• - BCO DO BRASIL S.A. (0001) Agência: 3334 Conta: 125923-7
21/01/2022	-624.73	61de0475-bf97-4feb-b22d-16d22b9c286b	Pagamento de boleto efetuado - CEEE - RS
21/01/2022	-166.5	61eaa018-b7b7-4253-9ae2-507c65a76649	Pagamento de boleto efetuado - GPS
25/01/2022	-149.9	61f05f51-c6e7-4a49-9c58-eca115972944	Transferência enviada pelo Pix - PAYMEE BRASIL SERVICOS DE PAGAMENTOS - 28.683.892/0001-91 - BCO BS2 S.A. (0218) Agência: 1 Conta: 84132-3
31/01/2022	50023.59	61f7af7d-584a-4962-9cbc-7a8e40264591	Transferência Recebida - Eduardo Goncalves Pons Dias Costa - •••.669.240-•• - BCO DO ESTADO DO RS S.A. (0041) Agência: 82 Conta: 358523050-4
31/01/2022	3176.7	61f7d338-31b9-4d87-bd42-79a1ead616dd	Transferência Recebida - Eduardo Goncalves Pons Dias Costa - •••.669.240-•• - BCO DO ESTADO DO RS S.A. (0041) Agência: 82 Conta: 358523050-4
31/01/2022	890	61f7d37b-3085-4998-9b38-e7c33a13939a	Transferência Recebida - Eduardo Goncalves Pons Dias Costa - •••.669.240-•• - BCO DO ESTADO DO RS S.A. (0041) Agência: 82 Conta: 358523050-4
01/02/2022	-500	61e6cfd0-3afc-4892-8a1b-d2ee0b02101b	Transferência enviada pelo Pix - Luiz Afonso Cidade da Rocha - •••.368.200-•• - BCO DO ESTADO DO RS S.A. (0041) Agência: 51 Conta: 351223130-0
01/02/2022	-17	61f95f6e-3b82-46a4-a8d1-5be02d926284	Transferência enviada pelo Pix - ROGERIO KIELING - •••.074.600-•• - BCO DO BRASIL S.A. (0001) Agência: 653 Conta: 56456-7
01/02/2022	-20	61f9d974-ae7d-4b71-b3e2-3ec5ab03e518	Transferência enviada pelo Pix - VERA LUCIA FAGUNDES FIGUEIRA - •••.875.110-•• - ITAÚ UNIBANCO S.A. (0341) Agência: 5582 Conta: 16500-6
01/02/2022	-555.5	61f9da06-8dab-4fd9-b651-151e4b05fc17	Transferência enviada pelo Pix - MARCO ANTONIO CUNHA DA SILVA - •••.128.230-•• - BCO DO ESTADO DO RS S.A. (0041) Agência: 655 Conta: 351533850-5
02/02/2022	-699.62	61faa205-59fa-48b0-a75a-4548f819a919	Transferência enviada pelo Pix - UPS DO BRASIL REMESSAS EXPRESSAS LTDA - 74.155.052/0001-73 - BCO BRADESCO S.A. (0237) Agência: 3381 Conta: 747-1
03/02/2022	-106	61fbf708-ee34-40ab-a682-b9894a66ed0c	Transferência enviada pelo Pix - REJANE FERREIRA DA SILVA - •••.223.510-•• - BCO DO ESTADO DO RS S.A. (0041) Agência: 168 Conta: 398530350-4
03/02/2022	-25	61fbfd2f-dace-473b-b77f-bd52d0f9cfec	Transferência enviada pelo Pix - REJANE FERREIRA DA SILVA - •••.223.510-•• - BCO DO ESTADO DO RS S.A. (0041) Agência: 168 Conta: 398530350-4
03/02/2022	-14	61fbfe88-0ab9-4301-8c2b-a73b552f35f5	Transferência enviada pelo Pix - DAVI DE SOUZA MATOS - •••.321.705-•• - ITAÚ UNIBANCO S.A. (0341) Agência: 6419 Conta: 14170-7
06/02/2022	-5	62002f68-6954-47ab-bd70-3bb16a2ac66b	Compra no débito - Pag*Grandcrepe
07/02/2022	-1400.9	62014850-e685-460e-8412-154b93f00a5f	Transferência enviada pelo Pix - KABUM COMERCIO ELETRONICO SA - 05.570.714/0001-59 - ITAÚ UNIBANCO S.A. (0341) Agência: 279 Conta: 26467-5
09/02/2022	-12215.64	62033651-70dd-46f8-b7cf-02894983ff6a	Pagamento da fatura - Cartão Nubank
11/02/2022	-90	6206e017-5466-49a1-b8a6-523022cd3cce	Transferência enviada pelo Pix - SONIA MARIA GONCALVES DIAS DA COSTA - •••.089.100-•• - BCO DO BRASIL S.A. (0001) Agência: 3537 Conta: 9195362-6
14/02/2022	-338.67	61fbddf5-5a94-464e-8d70-037dc9bd1959	Transferência enviada pelo Pix - CLARO SA - 40.432.544/0001-47 - ITAÚ UNIBANCO S.A. (0341) Agência: 911 Conta: 6206-5
15/02/2022	-550	620aef05-a041-4b3d-a02e-d0b417c7614d	Pagamento de boleto efetuado - GPS
15/02/2022	-1649.16	620aef32-db2c-40b3-aa3d-ffd616e4a20a	Pagamento de boleto efetuado - DAS - Simples Nacional
15/02/2022	-106	620bbdf1-1132-4a85-9403-658dc0482450	Transferência enviada pelo Pix - SONIA MARIA GONCALVES DIAS DA COSTA - •••.089.100-•• - BCO DO BRASIL S.A. (0001) Agência: 3537 Conta: 9195362-6
16/02/2022	-400	620c6cc5-a3e7-46e9-94cd-ea6380e33d98	Transferência enviada pelo Pix - FABIO DOS SANTOS DIAS DA COSTA - •••.765.190-•• - ITAÚ UNIBANCO S.A. (0341) Agência: 3115 Conta: 25573-3
16/02/2022	-16382.08	620d78f1-bf07-4c58-9c3c-a7adbe4541b1	Transferência enviada pelo Pix - Conta primaria - 09.509.531/0009-36 - PAGAR.ME PAGAMENTOS Agência: 1 Conta: 325612-0
18/02/2022	-1196.03	61feb317-2511-40cb-b25b-8a0b6410608a	Pagamento de boleto efetuado - CEEE - RS
18/02/2022	-500	621010cf-c974-47b8-ab49-11c724ce4db7	Transferência enviada pelo Pix Saque - SAQUE E PAGUE R - 12.901.364/0001-21 - BANCO TOPÁZIO S.A. (0082) Agência: 1 Conta: 4805516-4
24/02/2022	-71.25	621828cf-199d-41bf-996c-a7dcc10ae3bc	Compra no débito - Ifd*Antonio Carlos da
24/02/2022	-30	6218290f-cfe4-43a8-82f1-d07ec24e9896	Compra no débito - Ifd*Antonio Carlos da
24/02/2022	-10	6218293a-b8ee-4435-91a9-ccaada87c63c	Compra no débito - Ifd*Antonio Carlos da
24/02/2022	-10	62182966-a4c6-4cf1-9769-f21ef18ca723	Compra no débito - Ifd*Antonio Carlos da
25/02/2022	-10	62197853-a66a-4754-9c7e-b1bbca93fd11	Transferência enviada pelo Pix - Ricardo de Azevedo ferri  - •••.226.230-•• - NU PAGAMENTOS - IP (0260) Agência: 1 Conta: 85804873-2
27/02/2022	-10	621b9cde-cba4-4760-8d51-f7594551754c	Transferência enviada pelo Pix - CARLOS LOPES DA SILVA - •••.251.489-•• - CAIXA ECONOMICA FEDERAL (0104) Agência: 4743 Conta: 1288000000816112604-4
28/02/2022	-46	621d3083-0051-46d3-b797-668975896e07	Compra no débito - Pag*Gelatodoroecafe
01/03/2022	-500	61e6cfea-dfcf-48d2-9121-8df0ea38de60	Transferência enviada pelo Pix - Luiz Afonso Cidade da Rocha - •••.368.200-•• - BCO DO ESTADO DO RS S.A. (0041) Agência: 51 Conta: 351223130-0
02/03/2022	-2136.42	62198d90-be08-46fe-b9e8-eeb28bc2c84e	Pagamento de boleto efetuado - ASSOCIACAO PARA O DESENVOLVIME
03/03/2022	-2089	62198de1-5b11-4872-9626-bb769fc804e6	Pagamento de boleto efetuado - ASSOCIACAO PARA O DESENVOLVIME
05/03/2022	10	622398a4-34b6-4dd4-879a-ce6ec7ddf423	Ajuste por compra contestada - IFD*ANTONIO CARLOS DA
07/03/2022	30	62260bd6-3a0f-46c7-ab79-7bbc3c8beb8d	Ajuste por compra contestada - IFD*ANTONIO CARLOS DA
07/03/2022	71.25	62260bdf-9b15-44dc-9896-80319bd33d3d	Ajuste por compra contestada - IFD*ANTONIO CARLOS DA
07/03/2022	-9000	62262eb6-4b99-4a45-9cd0-680db66e9f39	Transferência enviada - EDUARDO GONCALVES PONS DIAS COSTA - •••.669.240-•• - Easynvest - Título Corretora de Valores SA (0140) Agência: 1 Conta: 7428133-0
07/03/2022	-7522.69	622634bb-1bb3-47da-8909-767ad0ad5742	Transferência enviada - EDUARDO GONCALVES PONS DIAS COSTA - •••.669.240-•• - Easynvest - Título Corretora de Valores SA (0140) Agência: 1 Conta: 7428133-0
07/03/2022	40000	622651fc-05d5-4006-bdb5-6892ccca91a8	Transferência recebida pelo Pix - EDUARDO GONCALVES PONS DIAS DA COSTA - •••.669.240-•• - BCO DO BRASIL S.A. (0001) Agência: 3334 Conta: 125923-7
08/03/2022	7000	62271503-fd0a-4643-923b-a307db1804c7	Transferência recebida pelo Pix - EDUARDO GONCALVES PONS DIAS DA COSTA - •••.669.240-•• - BCO DO BRASIL S.A. (0001) Agência: 3334 Conta: 125923-7
08/03/2022	-190	622771f6-6d1c-4c05-96fc-5643777ba3a3	Transferência enviada pelo Pix - SONIA MARIA GONCALVES DIAS DA COSTA - •••.089.100-•• - BCO DO BRASIL S.A. (0001) Agência: 3537 Conta: 9195362-6
08/03/2022	10	622783c6-52dd-4d55-9193-d160c6a9db07	Ajuste por compra contestada - IFD*ANTONIO CARLOS DA
10/03/2022	-1137.81	62179bc3-891c-43e9-995f-19177208e597	Pagamento de boleto efetuado - NAO INFORMADO
10/03/2022	-14405.34	62297824-23a6-4188-9cd8-879eefd3e89c	Pagamento da fatura - Cartão Nubank
10/03/2022	-1360	6229f7b4-d502-46fe-b6f1-4a4770c3d992	Transferência enviada pelo Pix - RENATA MUENZER PEREIRA - •••.644.750-•• - BCO DO BRASIL S.A. (0001) Agência: 3537 Conta: 107575-6
10/03/2022	-85	622a7321-868c-476e-a37b-63fca9de7a73	Transferência enviada pelo Pix - SONIA MARIA GONCALVES DIAS DA COSTA - •••.089.100-•• - BCO DO BRASIL S.A. (0001) Agência: 3537 Conta: 9195362-6
14/03/2022	-550	622d0b59-7363-4f9a-a7fa-790dd7e9bd1d	Pagamento de boleto efetuado - GPS
16/03/2022	-258	6232a344-c1db-41b6-a1e3-6a80ee3c4bd2	Transferência enviada pelo Pix - FERNANDA TEIXEIRA PEREIRA 82169071091 - 32.377.662/0001-71 - MERCADO PAGO IP LTDA. (0323) Agência: 1 Conta: 7988680044-1
18/03/2022	-1459.24	623484a9-c1b1-4340-9b15-a7d22bd04a1e	Pagamento de boleto efetuado - NAO INFORMADO
20/03/2022	-190	62372ce7-2782-479a-a472-80149aa7de7e	Transferência enviada pelo Pix - SONIA MARIA GONCALVES DIAS DA COSTA - •••.089.100-•• - BCO DO BRASIL S.A. (0001) Agência: 3537 Conta: 9195362-6
22/03/2022	-888.63	62276325-00a4-4b8f-a743-d78c70899870	Pagamento de boleto efetuado - CEEE RIO GRANDE DO SUL
22/03/2022	-580	6239db94-dfec-49a4-8138-79270e4dce2a	Transferência enviada pelo Pix - Moacir Inácio da Silveira - •••.463.440-•• - ITAÚ UNIBANCO S.A. (0341) Agência: 3003 Conta: 7869-2
25/03/2022	-330.07	623d1ed6-f2ca-4861-8622-021457d2c057	Pagamento de boleto efetuado - NET SERV
25/03/2022	-34.5	623dc224-bba5-45ef-a2eb-4a214d502271	Transferência enviada pelo Pix - FOTO DIGITAL GUSMAO NUNES LTDA - 40.063.553/0001-08 - BCO DO BRASIL S.A. (0001) Agência: 2817 Conta: 40957-0
25/03/2022	41301.08	623dc30d-12f1-4f5f-b789-69759206f3f5	Transferência Recebida - Eduardo Goncalves Pons Dias Costa - •••.669.240-•• - BCO DO ESTADO DO RS S.A. (0041) Agência: 82 Conta: 358523050-4
27/03/2022	-320	624121ea-46d3-40c2-a170-5f43df39eb5b	Transferência enviada pelo Pix - SONIA MARIA GONCALVES DIAS DA COSTA - •••.089.100-•• - BCO DO BRASIL S.A. (0001) Agência: 3537 Conta: 9195362-6
31/03/2022	-347.52	6245afb4-b08f-4f4d-b5c1-b34b709059f7	Transferência enviada pelo Pix - CLARO SA - 40.432.544/0001-47 - ITAÚ UNIBANCO S.A. (0341) Agência: 911 Conta: 6206-5
01/04/2022	-2089	623f668d-b4e7-483b-81e3-4d15b56ca175	Pagamento de boleto efetuado - ASSOCIACAO PARA O DESENVOLVIME
04/04/2022	-1000.99	624b0467-87f6-48f6-934f-67153d7b5cba	Transferência enviada pelo Pix - Marília Gemelli Eick - •••.575.500-•• - NU PAGAMENTOS - IP (0260) Agência: 1 Conta: 34749528-5
05/04/2022	-210	624cb402-3a7c-4098-a629-dad10a85ea25	Transferência enviada pelo Pix - SONIA MARIA GONCALVES DIAS DA COSTA - •••.089.100-•• - BCO DO BRASIL S.A. (0001) Agência: 3537 Conta: 9195362-6
06/04/2022	-249.9	624d91a3-5594-4f72-ac8f-cf1e7739fa31	Pagamento de boleto efetuado - CERTISIGN CERT DIGITAL S
06/04/2022	-300	624ddb74-c725-4190-b79c-cde5fbb4eb64	Transferência enviada pelo Pix - Luiz Afonso Cidade da Rocha - •••.368.200-•• - BCO DO ESTADO DO RS S.A. (0041) Agência: 51 Conta: 351223130-0
06/04/2022	-500	624de928-1b7a-46e0-aa36-3498caa57fd5	Transferência enviada pelo Pix - Luiz Afonso Cidade da Rocha - •••.368.200-•• - BCO DO ESTADO DO RS S.A. (0041) Agência: 51 Conta: 351223130-0
08/04/2022	-1402.28	62430872-b887-4b8e-9810-6ee962c3b37e	Pagamento de boleto efetuado - NAO INFORMADO
09/04/2022	-13986.74	625105df-bc73-4467-aa3f-a5a2572d4955	Pagamento da fatura - Cartão Nubank
11/04/2022	-10613.42	6254436f-5558-4c5a-9fd9-64c78db47143	Pagamento de boleto efetuado - BRADESCO
12/04/2022	-4679.7	6255dbe9-f8cf-4fec-83d4-83ec9ed1cf64	Transferência enviada pelo Pix - GABRIEL RODRIGUES MACHADO - •••.633.200-•• - BCO SANTANDER (BRASIL) S.A. (0033) Agência: 3407 Conta: 1033972-3
13/04/2022	-348.79	62574af7-6d02-47a8-b71a-da9154836204	Transferência enviada pelo Pix - PAYMONTT INTERM SERV BANCARIOS - 35.375.442/0001-05 - ITAÚ UNIBANCO S.A. (0341) Agência: 188 Conta: 26241-4
15/04/2022	-350	62596428-b421-4f83-b2a6-70ecf2505b1b	Transferência enviada pelo Pix Saque - SAQUE E PAGUE R - 12.901.364/0001-21 - BANCO TOPÁZIO S.A. (0082) Agência: 1 Conta: 4805516-4
19/04/2022	-883.95	624cb336-7669-4bfa-b0e3-176be9adab4c	Pagamento de boleto efetuado - CEEE - RS
19/04/2022	-2701.23	625c952a-a4c7-4e78-b5e1-b78a31b37743	Transferência enviada pelo Pix - SECRETARIA DA RECEITA FEDERAL DO BRASIL - 00.394.460/0058-87 - BCO DO BRASIL S.A. (0001) Agência: 1607 Conta: 333666-2
19/04/2022	-10250	625f199d-eab8-41e1-b44f-7c86ac4dc943	Transferência enviada pelo Pix - NOEMA TEREZINHA PARISE GOMES - •••.698.790-•• - BCO C6 S.A. (0336) Agência: 1 Conta: 16108712-4
19/04/2022	-120	625f270b-ae31-492e-a496-f89425be51b3	Transferência enviada pelo Pix - SONIA MARIA GONCALVES DIAS DA COSTA - •••.089.100-•• - BCO DO BRASIL S.A. (0001) Agência: 3537 Conta: 9195362-6
20/04/2022	-550	625c94ea-b272-48a1-a0f5-461329a5018a	Pagamento de boleto efetuado - GPS
21/04/2022	-100	6260cd31-2c27-46a0-9aa2-c22e2b42ad81	Transferência enviada pelo Pix - EVERSON SOBRAL RIBAS DA ROCHA - •••.069.780-•• - BCO SANTANDER (BRASIL) S.A. (0033) Agência: 4363 Conta: 1026259-3
25/04/2022	-360	6266afea-600b-4439-b5c3-ae2e4d9140fa	Compra no débito - Clinica de Atendimento
26/04/2022	47760.38	6267fa5c-7fe7-4f27-8ce2-bb9be119f9dc	Transferência Recebida - Eduardo Goncalves Pons Dias Costa - •••.669.240-•• - BCO DO ESTADO DO RS S.A. (0041) Agência: 82 Conta: 358523050-4
26/04/2022	-195	62688a50-0c37-4f0d-922f-d11cb858eb3c	Transferência enviada pelo Pix - SONIA MARIA GONCALVES DIAS DA COSTA - •••.089.100-•• - BCO DO BRASIL S.A. (0001) Agência: 3537 Conta: 9195362-6
27/04/2022	-239.8	626978e6-36d2-40da-a414-e51b6aad4050	Pagamento de boleto efetuado - EBCT
02/05/2022	-2089	623f66b3-618a-43ec-a9c5-17b673b2ed8d	Pagamento de boleto efetuado - ASSOCIACAO PARA O DESENVOLVIME
02/05/2022	-500	624de959-6f53-49fa-804d-b940875b39cd	Transferência enviada pelo Pix - Luiz Afonso Cidade da Rocha - •••.368.200-•• - BCO DO ESTADO DO RS S.A. (0041) Agência: 51 Conta: 351223130-0
02/05/2022	-3000	62705f49-1ab3-4753-8730-6a509d1f9c76	Transferência enviada pelo Pix - Marília Gemelli Eick - •••.575.500-•• - BCO DO BRASIL S.A. (0001) Agência: 5770 Conta: 23243-2
05/05/2022	-306	62746301-cfec-4ba2-9ba3-c707358c568f	Transferência enviada pelo Pix - SONIA MARIA GONCALVES DIAS DA COSTA - •••.089.100-•• - BCO DO BRASIL S.A. (0001) Agência: 3537 Conta: 9195362-6
07/05/2022	-4	6276cdf4-bf5a-40e6-bf73-00287ca28f50	Compra no débito - Loly Balas
09/05/2022	-1489.01	626acd90-03cb-4525-9518-092616938cb6	Pagamento de boleto efetuado - NAO INFORMADO
09/05/2022	-15584.09	62788d40-591a-4cd3-aad6-1d975633327e	Pagamento da fatura - Cartão Nubank
09/05/2022	-1440	62794e63-4c12-4ec7-b9d6-6b3c28d6fd3c	Transferência enviada pelo Pix - RENATA MUENZER PEREIRA - •••.644.750-•• - BCO DO BRASIL S.A. (0001) Agência: 3537 Conta: 107575-6
13/05/2022	-347.42	62707533-dbb6-4647-bbd4-bbe95f08481a	Pagamento de boleto efetuado - CLARO SP DDD 11
13/05/2022	-230	627e712d-2862-415a-9ea9-3dd66fe6bd08	Transferência enviada pelo Pix - SONIA MARIA GONCALVES DIAS DA COSTA - •••.089.100-•• - BCO DO BRASIL S.A. (0001) Agência: 3537 Conta: 9195362-6
13/05/2022	2000	627e91b9-5d03-4d65-b49e-67f102390946	Transferência recebida pelo Pix - THIAGO GONCALVES SARTORI - •••.811.790-•• - ITAÚ UNIBANCO S.A. (0341) Agência: 1617 Conta: 29694-0
14/05/2022	-110	628021d7-3c78-46be-9423-816fd4f5279f	Transferência enviada pelo Pix - SONIA MARIA GONCALVES DIAS DA COSTA - •••.089.100-•• - BCO DO BRASIL S.A. (0001) Agência: 3537 Conta: 9195362-6
18/05/2022	-300	62857b30-3468-4c54-9c26-d6b7fb080f84	Transferência enviada pelo Pix - SONIA MARIA GONCALVES DIAS DA COSTA - •••.089.100-•• - BCO DO BRASIL S.A. (0001) Agência: 3537 Conta: 9195362-6
19/05/2022	-558.98	62746629-9dac-4866-924c-9da97ec83f4b	Pagamento de boleto efetuado - CEEE RIO GRANDE DO SUL
19/05/2022	-550	6282d478-5fd4-484e-bd04-a4759d80625f	Pagamento de boleto efetuado - GPS
19/05/2022	-1498.02	6282d4aa-2dba-4ae6-bb93-235540481c35	Pagamento de boleto efetuado - DAS - Simples Nacional
20/05/2022	-200	62879277-bc1b-481b-8462-6b00fd6066b0	Transferência enviada pelo Pix Saque - SAQUE E PAGUE R - 12.901.364/0001-21 - BANCO TOPÁZIO S.A. (0082) Agência: 1 Conta: 4805516-4
27/05/2022	-482.29	629106b0-6778-4bdf-8409-0047838ba7a3	Transferência enviada pelo Pix - Camicado - 03.002.339/0001-15 - SPIN PAY  Agência: 1 Conta: 670093-5
30/05/2022	43071.84	6294bf3e-8afa-4e27-bf0a-7bd93c267b1c	Transferência Recebida - Eduardo Goncalves Pons Dias Costa - •••.669.240-•• - BCO DO ESTADO DO RS S.A. (0041) Agência: 82 Conta: 358523050-4
02/06/2022	-2089	623f66e0-a330-46f8-b0ee-b2850750e15b	Pagamento de boleto efetuado - ASSOCIACAO PARA O DESENVOLVIME
02/06/2022	-500	624de96c-7e28-4acf-b47f-273818c1357d	Transferência enviada pelo Pix - Luiz Afonso Cidade da Rocha - •••.368.200-•• - BCO DO ESTADO DO RS S.A. (0041) Agência: 51 Conta: 351223130-0
02/06/2022	-375.54	629950b2-7dd0-4417-8e62-a1c15e670e7c	Transferência enviada pelo Pix - PAYMONTT INTERM SERV BANCARIOS - 35.375.442/0001-05 - ITAÚ UNIBANCO S.A. (0341) Agência: 188 Conta: 26241-4
03/06/2022	-207	629a371f-c8df-45f0-b2ab-daae6ab0522f	Transferência enviada pelo Pix - Positivo Casa Inteligente - 18.944.113/0002-91 - SPIN PAY  Agência: 1 Conta: 775063-2
03/06/2022	-200	629ac4ce-c8c2-441f-a46b-06e2cf8a7b01	Transferência enviada pelo Pix - SONIA MARIA GONCALVES DIAS DA COSTA - •••.089.100-•• - BCO DO BRASIL S.A. (0001) Agência: 3537 Conta: 9195362-6
04/06/2022	-8076.69	629bfa68-3b7f-49ad-bf08-d6846f2352d8	Transferência enviada pelo Pix - Marília Gemelli Eick - •••.575.500-•• - NU PAGAMENTOS - IP (0260) Agência: 1 Conta: 34749528-5
04/06/2022	-150	629c0593-9178-494b-8895-98a19a211427	Transferência enviada pelo Pix - EVERSON SOBRAL RIBAS DA ROCHA - •••.069.780-•• - BCO SANTANDER (BRASIL) S.A. (0033) Agência: 4363 Conta: 1026259-3
07/06/2022	-624.08	629ec65b-fefd-4009-98a3-87e63d492359	Pagamento de boleto efetuado - CEEE - RS
08/06/2022	-15636.9	62a03274-6a3b-4795-adcf-b57655057c1d	Pagamento de fatura
08/06/2022	-5677.96	62a0d7cf-e27b-4631-80b7-40212960030d	Transferência enviada - EDUARDO GONCALVES PONS DIAS COSTA - •••.669.240-•• - Easynvest - Título Corretora de Valores SA (0140) Agência: 1 Conta: 7428133-0
09/06/2022	-1549.91	628fdcc5-77d9-4837-9053-79e1a55104d2	Pagamento de boleto efetuado - NAO INFORMADO
09/06/2022	-198	62a28dbc-d9b6-4de2-838f-7e8823cc7676	Transferência enviada pelo Pix - SONIA MARIA GONCALVES DIAS DA COSTA - •••.089.100-•• - BCO DO BRASIL S.A. (0001) Agência: 3537 Conta: 9195362-6
10/06/2022	-4700	62a39984-6bc5-4176-9898-6d997273ca31	Transferência enviada - EDUARDO GONCALVES PONS DIAS COSTA - •••.669.240-•• - Easynvest - Título Corretora de Valores SA (0140) Agência: 1 Conta: 7428133-0
10/06/2022	-4700	62a39c3d-b317-4f5a-9088-d8763bb1393e	Transferência enviada - EDUARDO GONCALVES PONS DIAS COSTA - •••.669.240-•• - Easynvest - Título Corretora de Valores SA (0140) Agência: 1 Conta: 7428133-0
13/06/2022	-343.63	62a749ab-e142-4151-9c86-e4408513c569	Pagamento de boleto efetuado - CLARO SP DDD 11
14/06/2022	-343.63	6295501b-0be8-4523-818d-e505420e7fb5	Pagamento de boleto efetuado - CLARO SP DDD 11
14/06/2022	343.63	62a88e0c-26ef-496e-abe7-0c76989df64a	Pagamento de boleto devolvido - CLARO SP DDD 11
16/06/2022	-410	62ab38ed-9e2d-48a0-aeea-3e80b059eb47	Transferência enviada pelo Pix - SONIA MARIA GONCALVES DIAS DA COSTA - •••.089.100-•• - BCO DO BRASIL S.A. (0001) Agência: 3537 Conta: 9195362-6
18/06/2022	-90	62ae35ee-5116-4727-8163-33ac4302d5d4	Transferência enviada pelo Pix - SONIA MARIA GONCALVES DIAS DA COSTA - •••.089.100-•• - BCO DO BRASIL S.A. (0001) Agência: 3537 Conta: 9195362-6
18/06/2022	-254.24	62ae481c-720f-42cd-bd0a-91bf1fac9211	Transferência enviada pelo Pix - WERTICE PUBLICIDADE VIRTUAL L - 20.121.953/0001-15 - PAGAR.ME INSTITUICAO DE PAGAME Agência: 1 Conta: 475-0
20/06/2022	-1333.34	62ab68ff-2967-4167-ba17-0ff3ef53ba3d	Transferência enviada pelo Pix - SECRETARIA DA RECEITA FEDERAL DO BRASIL - 00.394.460/0058-87 - BCO DO BRASIL S.A. (0001) Agência: 1607 Conta: 333666-2
20/06/2022	-550	62ab6930-942b-49e1-b1f2-efe71d30a6a9	Pagamento de boleto efetuado - GPS
20/06/2022	-257	62b128b9-d086-4ad8-aa4b-f14c139ab15b	Transferência enviada pelo Pix - ARQUITETURA DAS FLORES - 05.725.768/0001-46 - BCO DO ESTADO DO RS S.A. (0041) Agência: 77 Conta: 60414040-6
22/06/2022	-353.07	62b395ed-621b-4a99-b9d9-17465574f28c	Pagamento de boleto efetuado - EBCT
23/06/2022	-209	62b49011-3bb5-4162-8e1b-a6f801a9c2f2	Transferência enviada pelo Pix - SONIA MARIA GONCALVES DIAS DA COSTA - •••.089.100-•• - BCO DO BRASIL S.A. (0001) Agência: 3537 Conta: 9195362-6
25/06/2022	-59.66	62b716b2-a66f-46ce-a34a-cc66388b286b	Transferência enviada pelo Pix - DILSON VALENCIO MENDONCA - •••.102.000-•• - ITAÚ UNIBANCO S.A. (0341) Agência: 9239 Conta: 22723-5
01/07/2022	-2089	623f66fd-a82d-4091-ab93-b990bd398b4b	Pagamento de boleto efetuado - ASSOCIACAO PARA O DESENVOLVIME
01/07/2022	49772.39	62beebfc-466c-4074-a8c8-ac94587d8d98	Transferência Recebida - Eduardo Goncalves Pons Dias Costa - •••.669.240-•• - BCO DO ESTADO DO RS S.A. (0041) Agência: 82 Conta: 358523050-4
01/07/2022	-11970.55	62beec8d-2c95-4b80-8cb5-3ed3210e3b7e	Pagamento de fatura
01/07/2022	-100	62bf1ddb-b239-4553-af83-d74685895b29	Transferência enviada pelo Pix - ASAAS GESTAO FINANCEIRA S/A - 19.540.550/0001-21 - BCO BRADESCO S.A. (0237) Agência: 2693 Conta: 1669-1
02/07/2022	-500	62ab69c8-37e9-4550-87a4-07d29c05fad5	Transferência enviada pelo Pix - Luiz Afonso Cidade da Rocha - •••.368.200-•• - BCO DO ESTADO DO RS S.A. (0041) Agência: 51 Conta: 351223130-0
03/07/2022	-1280	62c24145-174f-4193-bb1e-04ee40c2736a	Transferência enviada pelo Pix - RENATA MUENZER PEREIRA - •••.644.750-•• - BCO DO BRASIL S.A. (0001) Agência: 3537 Conta: 107575-6
05/07/2022	-210	62c4cdf9-c27f-467b-809d-929cb4747d00	Transferência enviada pelo Pix - SONIA MARIA GONCALVES DIAS DA COSTA - •••.089.100-•• - BCO DO BRASIL S.A. (0001) Agência: 3537 Conta: 9195362-6
06/07/2022	-4200	62c5d564-1f38-4ff8-8f91-fd84e653a126	Transferência enviada - EDUARDO GONCALVES PONS DIAS COSTA - •••.669.240-•• - Easynvest - Título Corretora de Valores SA (0140) Agência: 1 Conta: 7428133-0
08/07/2022	-2126	62bb033a-82f7-4427-8a27-c0ea902e1776	Pagamento de boleto efetuado - NAO INFORMADO
15/07/2022	-343.63	62bef1af-9a26-4d74-a7fb-6bae68c0a1ec	Transferência enviada pelo Pix - CLARO SA - 40.432.544/0001-47 - ITAÚ UNIBANCO S.A. (0341) Agência: 911 Conta: 6206-5
15/07/2022	-343.63	62ceac91-1cfb-4b4e-8a0e-dcdec9de5dd2	Pagamento de boleto efetuado - CLARO SP DDD 11
15/07/2022	-20	62d17dde-1c71-4af9-8d4d-fc34b3df41dc	Transferência enviada pelo Pix - R  N ATELIER - 19.893.154/0001-88 - CAIXA ECONOMICA FEDERAL (0104) Agência: 429 Conta: 3000000000002046-7
16/07/2022	-9.75	62d2d240-6fb2-4554-9899-654e2f43c7d4	Transferência enviada pelo Pix - Antonio Regis Machado Pontes - •••.029.480-•• - NU PAGAMENTOS - IP (0260) Agência: 1 Conta: 25350747-0
16/07/2022	-1090	62d2ef9b-f9b3-49be-9390-0fcdfa39b105	Transferência enviada pelo Pix - CIA DO CHOPP DISTRIBUIDORA DE BEBIDAS LTDA - 18.787.541/0001-77 - BCO DO BRASIL S.A. (0001) Agência: 314 Conta: 137550-4
17/07/2022	-14.55	62d45750-345d-4d16-a6c8-b82a0d01f1c4	Compra no débito - Safe Estacionamentos
19/07/2022	-300	62d73484-3d1a-4c88-bc08-930e02c907c7	Transferência enviada pelo Pix - SONIA MARIA GONCALVES DIAS DA COSTA - •••.089.100-•• - BCO DO BRASIL S.A. (0001) Agência: 3537 Conta: 9195362-6
20/07/2022	-715.58	62c64cc9-361b-415d-99a8-d3ec1b99ca78	Pagamento de boleto efetuado - CEEE - RS
20/07/2022	-550	62d0abc3-7fdf-45b0-bab7-ad8ffbd73d69	Pagamento de boleto efetuado - GPS
20/07/2022	-1528.95	62d0abed-0cec-4a3f-b9fe-fb11886e8612	Pagamento de boleto efetuado - DAS - Simples Nacional
20/07/2022	550	62d7e31b-3ae3-474b-a433-5cfc73587bf4	Pagamento de boleto devolvido - GPS
20/07/2022	-7444.15	62d84030-08c3-4943-8795-246d4082d448	Pagamento de fatura
20/07/2022	-550	62d843f5-68fa-4c05-922b-1b5179c04dee	Transferência enviada pelo Pix - Luiz Afonso Cidade da Rocha - •••.368.200-•• - BCO DO ESTADO DO RS S.A. (0041) Agência: 51 Conta: 351223130-0
22/07/2022	-390	62db3931-61ba-49b5-ac62-af9700cb744a	Transferência enviada pelo Pix - SONIA MARIA GONCALVES DIAS DA COSTA - •••.089.100-•• - BCO DO BRASIL S.A. (0001) Agência: 3537 Conta: 9195362-6
25/07/2022	-85	62df4121-aaaa-430e-9b07-0b8d161fc66f	Transferência enviada pelo Pix - RENATA MUENZER PEREIRA - •••.644.750-•• - BCO DO BRASIL S.A. (0001) Agência: 3537 Conta: 107575-6
27/07/2022	-5500	62e1bc5b-d649-45db-8130-3ba447fffd35	Transferência enviada pelo Pix - Flávia Wagner de Almeida - •••.621.270-•• - BANCO INTER (0077) Agência: 1 Conta: 2244179-4
30/07/2022	-40	62e5bbda-47ce-432c-9c38-8c63f4eb85d9	Transferência enviada pelo Pix - Raquel Pereira Curti - •••.643.637-•• - NEON PAGAMENTOS Agência: 655 Conta: 7655769-3
01/08/2022	47681.54	62e7a140-c147-4f99-9563-029ec32baa5c	Transferência Recebida - Eduardo Goncalves Pons Dias Costa - •••.669.240-•• - BCO DO ESTADO DO RS S.A. (0041) Agência: 82 Conta: 358523050-4
01/08/2022	-5000	62e80692-11b3-449e-b0c6-83d22cdf220b	Transferência enviada pelo Pix - Marília Gemelli Eick - •••.575.500-•• - NU PAGAMENTOS - IP (0260) Agência: 1 Conta: 34749528-5
01/08/2022	-176.86	62e836ff-7b86-4a02-9ce8-fe6ddc78cdc1	Pagamento de boleto efetuado - CLARO SA
02/08/2022	-2089	623f671d-3830-4fc9-83e4-0858929c5d72	Pagamento de boleto efetuado - ASSOCIACAO PARA O DESENVOLVIME
02/08/2022	-500	62ab69e9-2923-47e7-9fff-a14798929a3a	Transferência enviada pelo Pix - Luiz Afonso Cidade da Rocha - •••.368.200-•• - BCO DO ESTADO DO RS S.A. (0041) Agência: 51 Conta: 351223130-0
02/08/2022	-500	62d84447-8356-43d0-ba94-0d5c748105c6	Transferência enviada pelo Pix - Luiz Afonso Cidade da Rocha - •••.368.200-•• - BCO DO ESTADO DO RS S.A. (0041) Agência: 51 Conta: 351223130-0
02/08/2022	500	62e909d1-67bc-4aa2-ba94-602f4c5baeb3	Reembolso recebido pelo Pix - Luiz Afonso Cidade da Rocha - •••.368.200-•• - BCO DO ESTADO DO RS S.A. (0041) Agência: 51 Conta: 351223130-0
05/08/2022	-264	62ed61c5-68b7-4cff-b18c-0553cbe2ae15	Transferência enviada pelo Pix - SONIA MARIA GONCALVES DIAS DA COSTA - •••.089.100-•• - BCO DO BRASIL S.A. (0001) Agência: 3537 Conta: 9195362-6
08/08/2022	-1586.7	62e03bd3-e48e-4d61-a31f-d9dfdc0e05cb	Pagamento de boleto efetuado - NAO INFORMADO
11/08/2022	-3794.21	62f56c71-66a8-4e5d-ae2b-2e04ad218e06	Transferência enviada pelo Pix - TRAMONTO VEICULOS LTDA - 11.512.618/0001-57 - BCO BRADESCO S.A. (0237) Agência: 3507 Conta: 389-1
14/08/2022	-110	62f97da5-52d2-430f-bdd9-b37aff47d0de	Transferência enviada pelo Pix - VIVIANE SOBRAL RIBAS DA ROCHA - •••.069.780-•• - BCO SANTANDER (BRASIL) S.A. (0033) Agência: 4363 Conta: 1026259-3
18/08/2022	-1459.56	62fecc04-9282-46e0-b514-5d18b01b2d52	Transferência enviada pelo Pix - SECRETARIA DA RECEITA FEDERAL DO BRASIL - 00.394.460/0058-87 - BCO DO BRASIL S.A. (0001) Agência: 1607 Conta: 333666-2
19/08/2022	-550.19	62edc541-9376-49ab-acaf-b29550c4d324	Pagamento de boleto efetuado - CEEE - RS
19/08/2022	-550	62fecbb9-f53d-4191-a46e-b7ca3e122c3f	Pagamento de boleto efetuado - GPS
20/08/2022	-9756.57	63005bad-50b3-4079-80d0-51e9f2eb9e07	Pagamento de fatura
20/08/2022	-132	6300d17a-2331-411d-8444-78d811ca77f8	Transferência enviada pelo Pix - SONIA MARIA GONCALVES DIAS DA COSTA - •••.089.100-•• - BCO DO BRASIL S.A. (0001) Agência: 3537 Conta: 9195362-6
25/08/2022	-132	63077f9c-02be-4631-b894-e10d0efef071	Transferência enviada pelo Pix - SONIA MARIA GONCALVES DIAS DA COSTA - •••.089.100-•• - BCO DO BRASIL S.A. (0001) Agência: 3537 Conta: 9195362-6
25/08/2022	-864.72	6307cede-5c55-4034-8bfd-f912a691b662	Transferência enviada pelo Pix - HP BOUTIQUE - 15.718.204/0001-30 - CAIXA ECONOMICA FEDERAL (0104) Agência: 439 Conta: 3000000000001868-8
26/08/2022	46660.43	63089cf0-a70d-43ed-8722-1c75e35ce46e	Transferência Recebida - Eduardo Goncalves Pons Dias Costa - •••.669.240-•• - BCO DO ESTADO DO RS S.A. (0041) Agência: 82 Conta: 358523050-4
26/08/2022	-172.77	6308f53e-e9f0-4816-a018-56b0814f1cc0	Compra no débito - Boa Terra
29/08/2022	-978.44	630ccd14-37dc-4943-ac7a-703972a252a9	Transferência enviada pelo Pix - GENERA - 12.841.848/0001-22 - FLAGSHIP IP LTDA Agência: 191 Conta: 67969-0
30/08/2022	-9270	630eafc4-fab1-4dbd-a11e-a04cf913d91a	Transferência enviada pelo Pix - CASA LUDICA FESTAS E EVENTOS LTDA - 30.665.043/0001-57 - BCO SANTANDER (BRASIL) S.A. (0033) Agência: 3735 Conta: 13002098-1
01/09/2022	-10	63111908-4091-4e41-940f-632e3cee7c2a	Transferência enviada pelo Pix - WILLIAM ANDRADE FARIAS - •••.686.450-•• - ITAÚ UNIBANCO S.A. (0341) Agência: 6933 Conta: 33112-3
02/09/2022	-2089	623f674d-7c6a-4da1-ba73-4abe3d1e9d5c	Pagamento de boleto efetuado - ASSOCIACAO PARA O DESENVOLVIME
02/09/2022	-500	62d8445d-e7e6-45b1-b287-774a8f2afda2	Transferência enviada pelo Pix - Luiz Afonso Cidade da Rocha - •••.368.200-•• - BCO DO ESTADO DO RS S.A. (0041) Agência: 51 Conta: 351223130-0
03/09/2022	-4508.68	63138abd-9e78-46d0-b846-075dbd07187e	Transferência enviada pelo Pix - PAYMONTT INTERM SERV BANCARIOS - 35.375.442/0001-05 - ITAÚ UNIBANCO S.A. (0341) Agência: 188 Conta: 26241-4
06/09/2022	-536.53	6317324a-0c9c-4501-be43-e4d771f09fdd	Pagamento de boleto efetuado - CEEE - RS
06/09/2022	-260	6317d783-900b-494e-a8ea-d31c1db59767	Transferência enviada pelo Pix - SONIA MARIA GONCALVES DIAS DA COSTA - •••.089.100-•• - BCO DO BRASIL S.A. (0001) Agência: 3537 Conta: 9195362-6
07/09/2022	-14	6318cfc3-15e3-43b8-80e5-de05bea6650c	Compra no débito - Ok Park
08/09/2022	-1819.33	6308db45-be15-49a5-8fa0-9fa1dc873ea7	Pagamento de boleto efetuado - NAO INFORMADO
09/09/2022	-147	631b4b03-fdd3-41ef-b796-e07aabf1d645	Transferência enviada pelo Pix - SONIA MARIA GONCALVES DIAS DA COSTA - •••.089.100-•• - BCO DO BRASIL S.A. (0001) Agência: 3537 Conta: 9195362-6
13/09/2022	-131.32	6321323a-3a97-463d-9f2b-1cd72ccbf463	Transferência enviada pelo Pix - P-EXP EMPREENDIMENTOS DIGITAIS E INTERMEDIACOES LTDA - 41.614.482/0001-57 - MERCADO PAGO IP LTDA. (0323) Agência: 1 Conta: 2708807349-0
14/09/2022	-176.86	6311654c-ddf2-49b8-8133-ea6d682fdf7b	Pagamento de boleto efetuado - CLARO SA
16/09/2022	-129	6324c7ed-85ab-455d-af41-7423287e4c45	Transferência enviada pelo Pix - SONIA MARIA GONCALVES DIAS DA COSTA - •••.089.100-•• - BCO DO BRASIL S.A. (0001) Agência: 3537 Conta: 9195362-6
16/09/2022	-1432.48	6324c894-1a2a-4c5c-9492-6fa6c0e8be9f	Transferência enviada pelo Pix - SECRETARIA DA RECEITA FEDERAL DO BRASIL - 00.394.460/0058-87 - BCO DO BRASIL S.A. (0001) Agência: 1607 Conta: 333666-2
16/09/2022	-550	6324c8bf-8d86-4328-929c-5ab8ae41741f	Pagamento de boleto efetuado - GPS
18/09/2022	-14	63273a80-ce64-4229-ac92-a9b8bb98ab17	Compra no débito - Ok Park
20/09/2022	-10595.62	63293a7e-5456-4ef6-a2f8-66bc0e83ba30	Pagamento de fatura
20/09/2022	-14	6329f435-167c-4a21-b874-c4455c0ec784	Compra no débito - Ok Park
20/09/2022	-167.5	632a6b6c-647f-4d61-afa3-86d7163272fd	Transferência enviada pelo Pix - PCR ALCE INDUSTRIA E COMERCIO DE CONFECC - 17.963.594/0001-39 - BCO SANTANDER (BRASIL) S.A. (0033) Agência: 163 Conta: 13015809-5
23/09/2022	-130	632dc70c-1ce3-498c-b922-714614f58824	Transferência enviada pelo Pix - SONIA MARIA GONCALVES DIAS DA COSTA - •••.089.100-•• - BCO DO BRASIL S.A. (0001) Agência: 3537 Conta: 9195362-6
24/09/2022	-14	632f319f-b02d-43e2-b2df-37833f420fd4	Compra no débito - Ok Park
24/09/2022	-150	632f9bf1-8db6-4a23-84c1-f061d965c10a	Transferência enviada pelo Pix - Paula Borsatto Zanella - •••.017.740-•• - NU PAGAMENTOS - IP (0260) Agência: 1 Conta: 91490060-8
30/09/2022	43000	63372fff-14ff-44da-80ce-afbb20f309ec	Transferência recebida pelo Pix - EDUARDO GONCALVES PONS DIAS COSTA - •••.669.240-•• - BCO DO ESTADO DO RS S.A. (0041) Agência: 82 Conta: 358523050-4
30/09/2022	6000	63373021-9ad5-4d26-a999-dd6b67a71381	Transferência recebida pelo Pix - EDUARDO GONCALVES PONS DIAS COSTA - •••.669.240-•• - BCO DO ESTADO DO RS S.A. (0041) Agência: 82 Conta: 358523050-4
02/10/2022	-500	6324c842-462e-407e-adf2-9d506bd0a94c	Transferência enviada pelo Pix - Luiz Afonso Cidade da Rocha - •••.368.200-•• - BCO DO ESTADO DO RS S.A. (0041) Agência: 51 Conta: 351223130-0
02/10/2022	-10	6339d654-9d52-4907-87c0-c549443d68cf	Transferência enviada pelo Pix - Everton Luis Guarnieri Alves - •••.826.070-•• - PICPAY (0380) Agência: 1 Conta: 27924992-6
03/10/2022	-2089	623f6773-5fe8-44d2-81d3-7d3169bd3111	Pagamento de boleto efetuado - ASSOCIACAO PARA O DESENVOLVIME
03/10/2022	4600	633ac2ab-4379-44a8-bed0-ae1cb98e31f6	Transferência recebida pelo Pix - EDUARDO GONCALVES PONS DIAS COSTA - •••.669.240-•• - BCO DO ESTADO DO RS S.A. (0041) Agência: 82 Conta: 358523050-4
03/10/2022	-100	633ad87d-9640-490b-9ca3-8e989b36a5c0	Transferência enviada - EDUARDO GONCALVES PONS DIAS COSTA - •••.669.240-•• - BCO DO BRASIL S.A. (0001) Agência: 3334 Conta: 125923-7
03/10/2022	-280.74	633b44d0-aed8-4782-90c7-dec26b1bd570	Transferência enviada pelo Pix - CLARO - 40.432.544/0001-47 - ITAÚ UNIBANCO S.A. (0341) Agência: 911 Conta: 6206-5
04/10/2022	-1275	633c9c8e-6662-406c-891b-3e8e0b77d2e1	Transferência enviada pelo Pix - RENATA MUENZER PEREIRA - •••.644.750-•• - BCO DO BRASIL S.A. (0001) Agência: 3537 Conta: 107575-6
07/10/2022	-1929.94	63332db1-0e36-4726-b8b3-d1db43ae306a	Pagamento de boleto efetuado - NAO INFORMADO
08/10/2022	-260	634190a5-fbb6-4de0-8e50-b367482a8cfe	Transferência enviada pelo Pix - SONIA MARIA GONCALVES DIAS DA COSTA - •••.089.100-•• - BCO DO BRASIL S.A. (0001) Agência: 3537 Conta: 9195362-6
08/10/2022	-5	6341ce13-3141-418b-990e-ebd8b92e2df7	Transferência enviada pelo Pix - EVERTON LUIS GUARNIERI ALVES - •••.826.070-•• - CAIXA ECONOMICA FEDERAL (0104) Agência: 428 Conta: 1288000000812648922-5
08/10/2022	-10	6341d2b3-c2cc-42d8-800a-4f3464c17110	Transferência enviada pelo Pix - Everton Luis Guarnieri Alves - •••.826.070-•• - PICPAY (0380) Agência: 1 Conta: 27924992-6
08/10/2022	-10	6341d656-1e7c-4b09-b72d-d75086fa8efd	Transferência enviada pelo Pix - Antonio Giambastiani Dutra - •••.591.530-•• - BCO BRADESCO S.A. (0237) Agência: 268 Conta: 549993-3
10/10/2022	-4.9	63447114-4169-48bc-959a-353afe3bcd5e	Compra no débito - Pag*Farmaciapreco
11/10/2022	-1258	6345ba4c-fe44-4906-86dd-6607ad4927b4	Transferência enviada pelo Pix - FERNANDO BICCA MACHADO - •••.144.180-•• - BCO DO ESTADO DO RS S.A. (0041) Agência: 670 Conta: 392080040-4
12/10/2022	-245	6346d16d-1921-4c3c-a55e-28edc26996ae	Transferência enviada pelo Pix - SONIA MARIA GONCALVES DIAS DA COSTA - •••.089.100-•• - BCO DO BRASIL S.A. (0001) Agência: 3537 Conta: 9195362-6
13/10/2022	-1656.54	63474a63-eb49-4ce1-aab8-4524a03945bf	Pagamento de boleto efetuado - EBCT
15/10/2022	-14	634ae718-cd19-4479-84ca-94af8901c2e0	Compra no débito - Ok Park
17/10/2022	-550	634dbb2f-7075-4249-b8ed-ab7c7cb7949f	Pagamento de boleto efetuado - GPS
17/10/2022	-1649.43	634dbb59-1a21-4e0c-91d6-eda19131bc56	Transferência enviada pelo Pix - SECRETARIA DA RECEITA FEDERAL DO BRASIL - 00.394.460/0058-87 - BCO DO BRASIL S.A. (0001) Agência: 1607 Conta: 333666-2
17/10/2022	550	634dc334-2d4b-4227-83a6-b0739c342d7a	Pagamento de boleto devolvido - GPS
19/10/2022	-550	6350275d-61b3-482d-9b9d-19b9aa4072b5	Pagamento de boleto efetuado - GPS
20/10/2022	-16523.04	6350c3d7-ce61-4944-b879-4cc9cb4c7b8e	Pagamento de fatura
20/10/2022	-290.76	635182b9-58e6-45e1-8a7d-f6749ab964ac	Transferência enviada pelo Pix - PAYMONTT INTERM SERV BANCARIOS - 35.375.442/0001-05 - ITAÚ UNIBANCO S.A. (0341) Agência: 188 Conta: 26241-4
20/10/2022	-250	6351ae7a-660b-4b32-9343-5de0e1ab3bbe	Transferência enviada pelo Pix - SONIA MARIA GONCALVES DIAS DA COSTA - •••.089.100-•• - BCO DO BRASIL S.A. (0001) Agência: 3537 Conta: 9195362-6
23/10/2022	-14	635569c3-6d0e-4b21-8c89-2943f268273b	Compra no débito - Ok Park
23/10/2022	-5	63559d17-024f-4504-8536-f7748da31f9f	Compra no débito - Pag*Grandcrepe
23/10/2022	-13	63559d4b-5055-4bca-b004-3952ceca502a	Compra no débito - Lara Poc
23/10/2022	-20	6355a1f9-28a1-4256-9939-042899f69165	Compra no débito - Loly Balas
24/10/2022	-1245	6356b7e5-325f-4fa7-890d-9283051f027f	Transferência enviada pelo Pix - ISABEL CRISTINA BITENCOURT CAPUTO - •••.887.590-•• - CAIXA ECONOMICA FEDERAL (0104) Agência: 448 Conta: 1000000000029267-7
27/10/2022	-1659.5	635a874a-1755-4446-94e3-d0464b1529df	Pagamento de boleto efetuado - NAO INFORMADO
28/10/2022	-274	635c2017-bb7f-4fe8-8699-92720aedede7	Transferência enviada pelo Pix - SONIA MARIA GONCALVES DIAS DA COSTA - •••.089.100-•• - BCO DO BRASIL S.A. (0001) Agência: 3537 Conta: 9195362-6
29/10/2022	-14	635d577a-9b85-4b49-9970-64ca451ee05b	Compra no débito - Ok Park
31/10/2022	-4000	63607be3-e817-47bd-b17d-f1f3bc8f9d7a	Transferência enviada pelo Pix - Marília Gemelli Eick - •••.575.500-•• - NU PAGAMENTOS - IP (0260) Agência: 1 Conta: 34749528-5
31/10/2022	-238.66	636081f3-9c0c-48ad-9174-1760d0512b43	Transferência enviada pelo Pix - EDITORA DENTRO DA HISTORIA - 20.261.176/0001-04 - PAGAR.ME INSTITUICAO DE PAGAME Agência: 1 Conta: 933-1
01/11/2022	-2089	623f6793-3764-40aa-ac1d-182593e5b6ef	Pagamento de boleto efetuado - ASSOCIACAO PARA O DESENVOLVIME
01/11/2022	-539.74	6361123a-cf36-4eab-9863-c7bfd8811eac	Pagamento de boleto efetuado - CEEE - RS
01/11/2022	49814.44	63615d05-7626-49e6-8e31-15175ad473a6	Transferência recebida pelo Pix - EDUARDO GONCALVES PONS DIAS COSTA - •••.669.240-•• - BCO DO ESTADO DO RS S.A. (0041) Agência: 82 Conta: 358523050-4
02/11/2022	-500	6324c855-5654-4291-a00a-d6cc6a682a47	Transferência enviada pelo Pix - Luiz Afonso Cidade da Rocha - •••.368.200-•• - BCO DO ESTADO DO RS S.A. (0041) Agência: 51 Conta: 351223130-0
02/11/2022	-100	63632c6b-9449-47ec-ac75-82c701330135	Transferência enviada pelo Pix - SONIA MARIA GONCALVES DIAS DA COSTA - •••.089.100-•• - BCO DO BRASIL S.A. (0001) Agência: 3537 Conta: 9195362-6
04/11/2022	-821	63656b40-a1a2-41c3-ab2f-7ef10d957966	Transferência enviada pelo Pix - LOJAS BECKER - 04.415.928/0001-98 - COOP SICREDI UNIÃO RS Agência: 307 Conta: 29565-5
05/11/2022	-15	636651b1-ff75-45fb-a3a0-632fd4ba0598	Transferência enviada pelo Pix - Jeferson Caetano Mendes - •••.936.770-•• - NU PAGAMENTOS - IP (0260) Agência: 1 Conta: 97775178-0
05/11/2022	-1360	63671926-b1b9-46c7-bca5-1e82de2233dd	Transferência enviada pelo Pix - RENATA MUENZER PEREIRA - •••.644.750-•• - BCO DO BRASIL S.A. (0001) Agência: 3537 Conta: 107575-6
07/11/2022	-32	63690f60-da61-46c7-9ec3-b4e25ad3022a	Transferência enviada pelo Pix - FOTO DIGITAL GUSMAO NUNES LTDA - 40.063.553/0001-08 - BCO DO BRASIL S.A. (0001) Agência: 2817 Conta: 40957-0
07/11/2022	-216.65	63694675-33d2-4112-8286-411f2ad6a32b	Transferência enviada pelo Pix - PAYMONTT INTERM SERV BANCARIOS - 35.375.442/0001-05 - ITAÚ UNIBANCO S.A. (0341) Agência: 188 Conta: 26241-4
07/11/2022	-253	6369661c-99dc-489f-be97-3764a48dd2b0	Transferência enviada pelo Pix - FERNANDA TEIXEIRA PEREIRA 82169071091 - 32.377.662/0001-71 - MERCADO PAGO IP LTDA. (0323) Agência: 1 Conta: 7988680044-1
08/11/2022	-534.67	636a95a6-ef40-4848-928e-8013ae617461	Pagamento de boleto efetuado - CEEE - RS
09/11/2022	-55000	636bbd0c-dce9-4cb8-b178-3d760de4469f	Transferência enviada pelo Pix - CRISTIANO DOS SANTOS DUARTE - 03.146.140/0001-60 - BCO SANTANDER (BRASIL) S.A. (0033) Agência: 3738 Conta: 13002829-2
09/11/2022	-725.95	636bfa99-30ac-4d0b-b566-fd852646faed	Pagamento de boleto efetuado - EBCT
11/11/2022	-238	636ea35d-202b-4b09-8007-d9550d2c128d	Transferência enviada pelo Pix - SONIA MARIA GONCALVES DIAS DA COSTA - •••.089.100-•• - BCO DO BRASIL S.A. (0001) Agência: 3537 Conta: 9195362-6
13/11/2022	-200	63716302-93e1-48c7-8979-cbc0318289ed	Transferência enviada pelo Pix - Julia Machado Lemos da Silva - •••.963.910-•• - NU PAGAMENTOS - IP (0260) Agência: 1 Conta: 56871969-3
13/11/2022	-126	6371adc7-5a51-456e-80b6-0f1f1dd5e20f	Transferência enviada pelo Pix - SONIA MARIA GONCALVES DIAS DA COSTA - •••.089.100-•• - BCO DO BRASIL S.A. (0001) Agência: 3537 Conta: 9195362-6
14/11/2022	-322.31	6362e59f-d2fc-4ce8-a336-21adc77518a0	Transferência enviada pelo Pix - CLARO - 40.432.544/0001-47 - ITAÚ UNIBANCO S.A. (0341) Agência: 911 Conta: 6206-5
15/11/2022	-200	6374087e-0e3b-48e4-9c84-543578151946	Transferência enviada pelo Pix - Julia Machado Lemos da Silva - •••.963.910-•• - NU PAGAMENTOS - IP (0260) Agência: 1 Conta: 56871969-3
16/11/2022	-550	6373f372-d166-4d6e-9247-11f390ca77a9	Pagamento de boleto efetuado - GPS
20/11/2022	-13746.02	6379a520-94b7-488a-bb66-92547176d4e4	Pagamento de fatura
20/11/2022	-14	637a5075-0bd9-4e18-9aba-9999184f0a1c	Compra no débito - Ok Park
20/11/2022	-400	637a73c4-b1e2-4e68-9b43-a275a9203f97	Transferência enviada pelo Pix - SONIA MARIA GONCALVES DIAS DA COSTA - •••.089.100-•• - BCO DO BRASIL S.A. (0001) Agência: 3537 Conta: 9195362-6
23/11/2022	-1044.05	637ec467-0b87-4769-b4a6-8e0050c68291	Transferência enviada pelo Pix - Conta primaria - 03.106.170/0002-24 - PAGAR.ME INSTITUICAO DE PAGAME Agência: 1 Conta: 91187-1
26/11/2022	-14	63823b1c-0f4c-46e0-b276-3de5277b4104	Compra no débito - Ok Park
26/11/2022	-445	63825bc3-a122-4ef1-9bd0-157881c92e0b	Transferência enviada pelo Pix - CIA DO CHOPP CANOAS - 18.787.541/0005-09 - BCO DO BRASIL S.A. (0001) Agência: 314 Conta: 77300-0
28/11/2022	-554.99	638398a9-e220-430c-ab5b-564cde470bee	Pagamento de boleto efetuado - EBCT
28/11/2022	49016.01	6384df71-e2de-4f28-9682-da522c367118	Transferência Recebida - EDUARDO GONCALVES PONS DIAS DA COSTA - 10.271.226/0001-80 - NU PAGAMENTOS - IP (0260) Agência: 1 Conta: 16234894-2
28/11/2022	200	6384eae6-6846-4f3f-ab8e-d2ff757e8f03	Transferência recebida pelo Pix - EDUARDO PONS DIAS COSTA - •••.855.950-•• - BCO DO BRASIL S.A. (0001) Agência: 2821 Conta: 2746930-1
30/11/2022	1900	638806fb-d581-4919-8207-6e6842899386	Nubank Rewards - Dinheiro de volta
30/11/2022	-600	638807a5-008d-4f64-a37b-129ef65fd93c	Transferência enviada pelo Pix - SONIA MARIA GONCALVES DIAS DA COSTA - •••.089.100-•• - BCO DO BRASIL S.A. (0001) Agência: 3537 Conta: 9195362-6
01/12/2022	-1107	63825602-dd66-4f92-8ce3-8c0440c97e13	Pagamento de boleto efetuado - ASSOCIACAO PARA O DESENVOLVIME
01/12/2022	-1774.2	63863b86-cd40-4076-a514-7b47aa80208d	Pagamento de boleto efetuado - NAO INFORMADO
01/12/2022	-322.31	63890209-68f7-433e-a911-43f0b6a1fe71	Transferência enviada pelo Pix - CLARO - 40.432.544/0001-47 - ITAÚ UNIBANCO S.A. (0341) Agência: 911 Conta: 6206-5
02/12/2022	-2089	623f67b2-eb7c-41c3-9406-da1dbf42fbdf	Pagamento de boleto efetuado - ASSOCIACAO PARA O DESENVOLVIME
02/12/2022	-1000	6372834d-c14c-40ba-bb61-a6d48f3e5bec	Transferência enviada pelo Pix - Luiz Afonso Cidade da Rocha - •••.368.200-•• - BCO DO ESTADO DO RS S.A. (0041) Agência: 51 Conta: 351223130-0
02/12/2022	-4500	638a007a-a903-4948-b57e-483e65d4b04f	Transferência enviada - EDUARDO GONCALVES PONS DIAS COSTA - •••.669.240-•• - Easynvest - Título Corretora de Valores SA (0140) Agência: 1 Conta: 742813-3
03/12/2022	-150	638b861a-84e0-4e84-aba4-9cbeec2e4c4b	Transferência enviada pelo Pix - SONIA MARIA GONCALVES DIAS DA COSTA - •••.089.100-•• - BCO DO BRASIL S.A. (0001) Agência: 3537 Conta: 9195362-6
03/12/2022	-3860.89	638baa3e-528d-4f8f-b005-ecea37115882	Transferência enviada pelo Pix - KABUM COMERCIO ELETRONICO SA - 05.570.714/0001-59 - ITAÚ UNIBANCO S.A. (0341) Agência: 279 Conta: 26467-5
04/12/2022	-168	638c951c-1e13-49a4-bf8e-d67d1cb0935d	Transferência enviada pelo Pix - EDUARDO GONCALVES PONS DIAS COSTA - •••.669.240-•• - BCO DO ESTADO DO RS S.A. (0041) Agência: 82 Conta: 358523050-4
04/12/2022	-100	638ca5f9-1414-469a-bf52-256d5835197c	Transferência enviada pelo Pix - SONIA MARIA GONCALVES DIAS DA COSTA - •••.089.100-•• - BCO DO BRASIL S.A. (0001) Agência: 3537 Conta: 9195362-6
04/12/2022	-400	638ce739-f4cd-441e-a54c-ad06b2308b9f	Transferência enviada pelo Pix - Julia Machado Lemos da Silva - •••.963.910-•• - NU PAGAMENTOS - IP (0260) Agência: 1 Conta: 56871969-3
05/12/2022	-265.9	638e1409-e305-4259-8927-00c03879b24b	Transferência enviada pelo Pix - Conta primaria - 03.106.170/0002-24 - PAGAR.ME INSTITUICAO DE PAGAME Agência: 1 Conta: 91187-1
06/12/2022	-1360	638f43cd-5cae-40f1-900e-18a51b9f9499	Transferência enviada pelo Pix - RENATA MUENZER PEREIRA - •••.644.750-•• - BCO DO BRASIL S.A. (0001) Agência: 3537 Conta: 107575-6
06/12/2022	-550	638f4621-bbcd-4e7b-9860-2a9fb0d145c0	Pagamento de boleto efetuado - GPS
06/12/2022	-3030.94	638f4639-abd4-48d7-a36e-da0603d548ce	Pagamento de boleto efetuado - DAS - Simples Nacional
07/12/2022	-220	63900b94-6688-40ad-a934-97f032e86fca	Transferência enviada pelo Pix - SONIA MARIA GONCALVES DIAS DA COSTA - •••.089.100-•• - BCO DO BRASIL S.A. (0001) Agência: 3537 Conta: 9195362-6
07/12/2022	-415	6390d5af-6836-4e16-97ed-3c45e4517308	Transferência enviada pelo Pix - DEBORA SCHNECK - •••.993.020-•• - ITAÚ UNIBANCO S.A. (0341) Agência: 6941 Conta: 10404-1
08/12/2022	-914	63825636-968c-4596-a8e9-4f11165a7677	Pagamento de boleto efetuado - ASSOCIACAO PARA O DESENVOLVIME
08/12/2022	-628.56	63921c63-5634-4ea8-ae83-e254eb580517	Pagamento de boleto efetuado - CEEE - RS
09/12/2022	-400	6393789d-6d14-4516-b181-87fbbfd5c425	Transferência enviada pelo Pix - CASA LUDICA FESTAS E EVENTOS LTDA - 30.665.043/0001-57 - BCO SANTANDER (BRASIL) S.A. (0033) Agência: 3735 Conta: 13002098-1
12/12/2022	-20318.86	63972d42-ce6a-415f-9013-baa87352d25c	Transferência enviada pelo Pix - BRACCI COMERCIO DE METAIS SANITARIOS EIRELI - 22.393.299/0001-24 - BCO DO BRASIL S.A. (0001) Agência: 575 Conta: 1800-7
12/12/2022	-1650	6397c825-289c-4798-9b98-74d0fc6358cc	Transferência enviada pelo Pix - CASA LUDICA FESTAS E EVENTOS LTDA - 30.665.043/0001-57 - BCO SANTANDER (BRASIL) S.A. (0033) Agência: 3735 Conta: 13002098-1
13/12/2022	-237	63988938-d0e2-4b35-bdb1-d32eca0d5862	Transferência enviada pelo Pix - Michelle Assis Hirahata Eirelli - 05.725.768/0001-46 - PAGAR.ME INSTITUICAO DE PAGAME Agência: 1 Conta: 531773-1
14/12/2022	-2000	639a1b23-51a1-48f7-87c5-58fb43385b9c	Transferência enviada pelo Pix - Marília Gemelli Eick - •••.575.500-•• - BCO DO BRASIL S.A. (0001) Agência: 5770 Conta: 23243-2
14/12/2022	-520	639a2b4f-44a7-4e50-bb97-67e6099603a2	Transferência enviada pelo Pix - CHOPP FÁCIL - 33.984.100/0001-59 - CORA SCD S.A. (0403) Agência: 1 Conta: 1590259-8
15/12/2022	-1139.71	639b391c-2434-4475-b644-d1e024f95c2f	Compra no débito - Brooksfield
15/12/2022	-11000	639ba36f-a176-454f-b9e8-986361d81cd1	Transferência enviada pelo Pix - Flávia Wagner de Almeida - •••.621.270-•• - BANCO INTER (0077) Agência: 1 Conta: 2244179-4
16/12/2022	-100	639c6cfc-578e-4b21-918b-c447bebec447	Transferência enviada pelo Pix - REINALDO FERREIRA                        - •••.231.270-•• - BCO BRADESCO S.A. (0237) Agência: 3143 Conta: 72299-5
17/12/2022	-285	639e016f-6059-4cd7-b91b-2d66f89b301f	Transferência enviada pelo Pix - SONIA MARIA GONCALVES DIAS DA COSTA - •••.089.100-•• - BCO DO BRASIL S.A. (0001) Agência: 3537 Conta: 9195362-6
20/12/2022	-14223.64	63a1c456-d952-45b3-9718-3ef3c8f3e8cc	Pagamento de fatura
20/12/2022	-700	63a25cd2-0f0c-4deb-a74b-9845d1727f9b	Transferência enviada pelo Pix - SONIA MARIA GONCALVES DIAS DA COSTA - •••.089.100-•• - BCO DO BRASIL S.A. (0001) Agência: 3537 Conta: 9195362-6
22/12/2022	52121.91	63a4c61c-7995-41ff-9ffc-9e1e6b753b85	Transferência Recebida - EDUARDO GONCALVES PONS DIAS DA COSTA - 10.271.226/0001-80 - NU PAGAMENTOS - IP (0260) Agência: 1 Conta: 16234894-2
22/12/2022	-642	63a50b8f-b269-4890-b492-6a27a12df64e	Transferência enviada pelo Pix - LUCIANA GEMELLI EICK - •••.309.470-•• - BCO DO BRASIL S.A. (0001) Agência: 3255 Conta: 9753-5
23/12/2022	-659.91	63a5bbed-c62f-4661-acdf-f79d403a13d1	Transferência enviada pelo Pix - IGUASPORT LTDA - 02.314.041/0001-88 - MERCADO PAGO IP LTDA. (0323) Agência: 1 Conta: 7810298170-5
23/12/2022	-342.5	63a642d8-47d2-46cc-a6ea-77ac8a6f21d9	Transferência enviada pelo Pix - LUCIANA GEMELLI EICK - •••.309.470-•• - BCO DO BRASIL S.A. (0001) Agência: 3255 Conta: 9753-5
24/12/2022	-170	63a73d12-a6f2-4fc3-a9a8-b391d0b8ee0c	Transferência enviada pelo Pix - SONIA MARIA GONCALVES DIAS DA COSTA - •••.089.100-•• - BCO DO BRASIL S.A. (0001) Agência: 3537 Conta: 9195362-6
24/12/2022	-350	63a7aa48-4fcb-4e9e-9263-053808ecfbd7	Transferência enviada pelo Pix - RENATO LUIZ DA ROCHA MENEZES - •••.545.870-•• - BCO DO BRASIL S.A. (0001) Agência: 3527 Conta: 102020-0
27/12/2022	-1487.15	63aaff3c-4246-40ad-b12b-f01151b6b124	Pagamento de boleto efetuado - NAO INFORMADO
28/12/2022	-11.92	63ac8472-0f7f-4ecb-9aea-404f3f928d95	Compra no débito - 7 Tabelionato de Notas
28/12/2022	-12	63ac8617-3e0c-4910-805f-77e80770569f	Compra no débito - Metapark Estac.
29/12/2022	-10	63ae0153-a7e1-4e07-9730-14381c91be30	Compra no débito - Pag*Golmrbare
30/12/2022	-3283.62	63ae5637-ed21-4a73-829a-3846cfbcb5ec	Transferência enviada pelo Pix - IPVA SEFAZ/ RS - 87.958.674/0001-81 - BCO DO ESTADO DO RS S.A. (0041) Agência: 100 Conta: 34395300-9
30/12/2022	-547.28	63ae568b-a11a-4580-acd2-3c700f602318	Transferência enviada pelo Pix - IPVA SEFAZ/ RS - 87.958.674/0001-81 - BCO DO ESTADO DO RS S.A. (0041) Agência: 100 Conta: 34395300-9
30/12/2022	-12	63af239a-def7-4615-a372-0c97b328b465	Transferência enviada pelo Pix - Fernando Dias Goulart - •••.583.610-•• - NU PAGAMENTOS - IP (0260) Agência: 1 Conta: 79443828-6
30/12/2022	-20	63af38bb-ca16-4f75-a050-7661cb41804f	Transferência enviada pelo Pix - Emerson reis silva - •••.517.805-•• - NU PAGAMENTOS - IP (0260) Agência: 1 Conta: 24035196-5
31/12/2022	-20	63b08576-d858-48de-a6ec-63a328aedde7	Transferência enviada pelo Pix - VALTAIR BORBA DA SILVA - •••.383.830-•• - BCO BRADESCO S.A. (0237) Agência: 3905 Conta: 125170-8
09 JAN Coco Bambu P*Cb Porto 120,91
09 JAN Ifood *Ifood 79,90
09 JAN Zaffari Cabral 276,35
09 JAN Pagamento em 09 JAN 14.271,43
09 JAN Ifood *Ifood 34,99
09 JAN Ifood *Ifoodgorjeta 2,00
10 JAN Ok Park 14,00
10 JAN Barranquinho 401,50
10 JAN Mercadolivre*Toyseart 74,68
11 JAN D'Oro Gelato Italiano 50,00
11 JAN Mr Park 14,00
11 JAN Zaffari Cabral 415,89
11 JAN Mercadolivre*Epocaelt 117,62
12 JAN Ed Com Trend City Cent 10,00
12 JAN Games e Celulares 789,90
12 JAN Zp *Cp 149,90
13 JAN Ifood *Ifood 64,80
13 JAN Mercadolivre*Lojadoga 46,76
14 JAN Mercadolivre*Notecom 119,99
14 JAN Zp *Cp 149,90
14 JAN Ifood *Ifood 160,21
15 JAN Zaffari Cabral 428,95
15 JAN Ebanx*Spotify 34,90
16 JAN Coco Bambu P*Cb Porto 122,91
17 JAN Zaffari Cabral 267,72
17 JAN Mercadolivre*Arsnet 154,90
19 JAN Zaffari Cabral 453,05
19 JAN Netflix.Com 55,90
20 JAN Alo Bebe 1.246,10
20 JAN Superlegal Comercio de 197,98
20 JAN Drive Kids 25,00
20 JAN Ifood *Ifood 59,80
21 JAN Ifood *Ifood 171,91
23 JAN Zaffari Cabral 363,69
24 JAN Trem Expresso Diversoe 40,00
24 JAN Mercadolivre*Megashop 145,52
24 JAN Drive Kids 9,00
24 JAN Trem Expresso Diversoe 2,00
24 JAN Drive Kids 25,00
24 JAN Di Argento Iguatemi 16,00
24 JAN Mercadolivre*Plusremo 79,60
24 JAN Di Argento Iguatemi 12,00
25 JAN Ifood *Ifood 89,70
25 JAN Zp *Cp 149,90
26 JAN Zaffari Cabral 405,66
28 JAN Payu *Directvgo 69,90
28 JAN Zaffari Cabral 461,82
28 JAN Ifood *Ifood 172,91
29 JAN Zp *Cp 149,90
29 JAN Zp *Cp 149,90
30 JAN Emporio Bela Vista 302,63
30 JAN Pag*Ilhadosorvete 23,90
30 JAN Vip Bela Vista 222,42
30 JAN Ifood *Ifood 131,60
30 JAN Vip Bela Vista 15,90
30 JAN Amiga Sua Louca 20,00
31 JAN Ifood *Ifood 147,80
31 JAN Supermercado Avenida X 175,81
31 JAN Pag*Rogeriokieling 33,00
31 JAN Pag*Rogeriokieling 37,00
01 FEV Ifood *Ifood 91,91
02 FEV Pag*Rogeriokieling 17,00
02 FEV Pag*Rogeriokieling 40,00
02 FEV Ifood *Ifood 149,83
02 FEV Pag*Rogeriokieling 42,00
03 FEV Supermercado Avenida X 428,07
04 FEV Amiga Sua Louca 20,00
04 FEV Mercadolivre*Mercadol 198,87
04 FEV Mercadolivre*Mercadol 351,68
05 FEV Zaffari Cabral 423,54
05 FEV Mercadolivre*Mercadol 147,80
06 FEV Coco Bambu P*Cb Porto 143,91
06 FEV Ifood *Ifood 172,91
07 FEV Mercadolivre*Barbarar 92,89
07 FEV Ifood *Ifood 77,80
07 FEV Freddo 15,50
07 FEV Pag*Grandcrepe 5,00
07 FEV Lara Poc 13,00
07 FEV Pag*Grandcrepe 5,00
08 FEV Mp *Hbomaxassin 13,95
09 FEV Pagamento em 09 FEV 12.215,64
09 FEV Pag*Panvelfilial357 86,60
09 FEV Zaffari Cabral 356,16
10 FEV Mercadolivre*Mercadol 459,00
10 FEV Zp *Cp 99,90
11 FEV Pag*Fruteiraemercado 38,85
11 FEV Ifood *Ifood 172,91
12 FEV Ifood *Ifood 51,10
12 FEV Zaffari Cabral 365,82
13 FEV Coco Bambu P*Cb Porto 199,91
13 FEV Ifood *Ifood 149,90
13 FEV Zaffari Cabral 285,63
14 FEV Deza 5,00
14 FEV Boulevard 12,00
15 FEV Zaffari Cabral 431,45
15 FEV Ebanx*Spotify 34,90
16 FEV Produtos Globo 38,90
17 FEV Zaffari Cabral 229,54
17 FEV Ifood *Ifood 172,91
18 FEV Ebanx *Sonyplaystatn 15,51
18 FEV Zaffari Cabral 214,61
19 FEV Pag*Panvelfilial44 62,99
19 FEV Netflix.Com 55,90
19 FEV Mercadolivre*Comp 80,59
19 FEV Mercadolivre*Ajamix 94,50
19 FEV Mercadolivre*Mercadol 379,45
19 FEV Maria Candida Miranda 35,00
19 FEV Vip Bela Vista 45,75
19 FEV Vip Bela Vista 282,02
20 FEV Ifood *Ifood 86,90
21 FEV Zaffari Cabral 466,11
23 FEV Vip Bela Vista 25,90
23 FEV Zaffari Cabral 421,30
25 FEV Ifood *Ifood 172,91
25 FEV Metapark 30,00
26 FEV Asiana Comercio de Ali 603,90
26 FEV Supermercado Avenida X 312,92
27 FEV Ifood *Ifood 147,90
28 FEV Pag*Rogeriokieling 30,00
28 FEV Zaffari Cabral 365,33
01 MAR Ifood *Ifood 172,91
01 MAR Mercadolivre*Mercadol 3.919,00
02 MAR Zp *Cp 89,90
02 MAR Zaffari Cabral 247,72
03 MAR Mercadolivre*Mercadol 73,88
04 MAR Zaffari Cabral 518,82
04 MAR Mercadolivre*Pccold 249,66
05 MAR Ifood *Ifood 172,91
06 MAR Casa de Carnes Bela Vi 183,45
06 MAR Zaffari Cabral 484,88
06 MAR Zp *Cp 149,90
06 MAR Ifood *Ifood 42,80
07 MAR Panvel Matriz 170,79
07 MAR Ifood *Ifood 143,60
08 MAR Zp *Cp 149,90
08 MAR Ferragem Thony 188,83
08 MAR Zaffari Cabral 326,42
09 MAR Zaffari Cabral 288,58
09 MAR Pag*Panvelfilial357 234,99
09 MAR Zp *Cp 149,90
10 MAR Pagamento em 10 MAR 14.405,34
11 MAR Zp *Cp 149,90
12 MAR Ifood *Ifood 171,91
12 MAR Coco Bambu P*Cb Porto 212,91
12 MAR Mp *Hbomaxassin 13,95
12 MAR Pag*Mkbu35flavia 1.214,64
12 MAR Bourbon Ipiranga 217,68
12 MAR Lbbi Comercial 209,00
13 MAR Vip Bela Vista 346,00
13 MAR Zaffari Cabral 281,34
13 MAR Raia 130,51
13 MAR Zp *Cp 99,90
14 MAR Vip Bela Vista 25,90
15 MAR Coco Bambu P*Cb Porto 98,81
16 MAR Zp *Cp 89,90
16 MAR Zp *Cp 89,90
17 MAR Vip Bela Vista 19,85
17 MAR Zaffari Cabral 394,83
19 MAR Zp *Cp 99,90
19 MAR Zaffari Cabral 459,46
19 MAR Ifood *Ifood 178,21
19 MAR Ebanx*Spotify 19,90
19 MAR Netflix.Com 55,90
20 MAR Ifood *Ifood 83,60
20 MAR Zaffari Cabral 292,36
20 MAR Lj 0072 Shop Barra Sul 23,40
20 MAR Ri Happy Loja 249,97
20 MAR Raia 430,93
20 MAR Kalunga Barra Sul 123,30
22 MAR Zp *Cp 149,90
22 MAR Zaffari Cabral 647,31
24 MAR Zp *Cp 99,90
25 MAR Ifood *Ifood 202,21
26 MAR Zp *Cp 99,90
26 MAR Zaffari Cabral 368,45
27 MAR Zaffari Cabral I

Total a pagar: R$ 384,36 (valor original de R$ 360,00 + R$ 1,97 de
IOF + R$ 22,39 de juros).

384,36

27 MAR Zp *Cp 99,90
27 MAR Zaffari Cabral 152,35
27 MAR Zaffari Cabral I

Total a pagar: R$ 202,85 (valor original de R$ 190,00 + R$ 1,04 de IOF
+ R$ 11,82 de juros).

202,86

28 MAR Vip Bela Vista 39,70
28 MAR Ifood *Ifood 133,20
29 MAR Zaffari Cabral 305,21
30 MAR Zaffari Cabral 126,37
31 MAR Zp *Cp 99,90
31 MAR Zp *Cp 99,90
01 ABR Zaffari Cabral 278,79
01 ABR Mercadolivre*Termixsh 159,99
01 ABR Mercadolivre*Fastchar 323,10
01 ABR Mercadolivre*Toalinfo 750,00
02 ABR Zaffari Cabral 312,63
03 ABR Sc Remocoes e Guarda 20,00
03 ABR e! Sucos Cais 18,00
03 ABR O Xiss - Embarcadero 15,00
03 ABR e! Sucos Cais 0,01
03 ABR Egl Empreendimentos e 25,00
04 ABR Zp *Cp 99,90
04 ABR Mercadolivre*Mecanica 126,27
05 ABR Carters, Inc.
USD 110,20
Conversão: USD 1 = R$ 4,89

538,47

05 ABR IOF de "Carters, Inc." 34,35
06 ABR Zp *Cp 149,90
07 ABR Vip Bela Vista 318,20
07 ABR Zp *Cp 149,90
07 ABR Zaffari Cabral 306,64
07 ABR Zp *Cp 99,90
07 ABR Zp *Cp 99,90
08 ABR Zp *Cp 99,90
08 ABR Mp *Hbomaxassin 13,95
08 ABR Zaffari Cabral 378,18
09 ABR Zp *Cp 99,90
09 ABR Coco Bambu P*Cb Porto 212,91
09 ABR Zp *Cp 99,90
09 ABR Zp *Cp 99,90
09 ABR Pagamento em 09 ABR 13.986,74
10 ABR Zaffari Cabral 380,95
10 ABR Kalunga Barra Sul 13,40
10 ABR Superlegal Comercio de 189,98
11 ABR Ifood *Ifood 178,21
12 ABR Zp *Cp 99,90
13 ABR Zaffari Cabral 327,07
13 ABR Vip Bela Vista 16,90
13 ABR Ebanx Spotify 24,90
15 ABR Zp *Cp 149,90
15 ABR Peixaria 59 Prime 219,80
15 ABR Farmacia Sao Joao 131,80
15 ABR Getulio Vargas 12,00
16 ABR IOF de "Paypal *Unitytechno" 11,55
16 ABR Ifood *Ifood 178,21
16 ABR Vip Bela Vista 16,90
16 ABR Zaffari Cabral 431,31
16 ABR Paypal *Unitytechno
BRL 173,74 = USD 36,92
Conversão: BRL 4,71 = USD 1 = R$ 4,90

181,07

16 ABR Zp *Cp 149,90
17 ABR Vip Bela Vista 16,90
17 ABR Zp *Cp 149,90
17 ABR Zaffari Cabral 399,43
18 ABR Zp *Cp 149,90
18 ABR Coco Bambu P*Cb Porto 150,91
18 ABR Zp *Cp 149,90
18 ABR Zaffari Cabral 225,44
19 ABR Zaffari Cabral 223,52
19 ABR Maria Candida Miranda 38,00
19 ABR Netflix.Com 55,90
19 ABR Pag*Panvelfilial44 105,88
20 ABR Zp *Cp 149,90
20 ABR Zp *Cp 149,90
20 ABR Ebanx Sonyplaystatn 200,66
21 ABR Zp *Cp 149,90
21 ABR Zaffari Cabral 321,57
22 ABR Zp *Cp 149,90
23 ABR D'Oro Gelato Italiano 13,00
23 ABR D'Oro Gelato Italiano 70,00
23 ABR Zaffari Cabral 408,24
24 ABR Kalunga Shopping Prai 2.179,00
24 ABR Lbbi Comercial 123,00
24 ABR Tok e Stok 595,60
24 ABR Zp *Cp 149,90
24 ABR Zaffari Cabral 176,03
24 ABR Ri Happy Brinquedos - 1/5 40,02
24 ABR Ifood *Ifood 173,71
24 ABR Vip Bela Vista 28,80
25 ABR Paypal *Uber 3,00
25 ABR Paypal *Uber 29,96
25 ABR Zaffari Cabral 279,94
26 ABR Mercadolivre*Magazine 67,90
26 ABR Zaffari Bordini 182,07
26 ABR Zp *Cp 149,90
27 ABR Zp *Cp 149,90
27 ABR Zp *Cp 149,90
28 ABR Mercadolivre*Mercadol 113,80
28 ABR Zaffari Cabral 423,37
29 ABR Zaffari Cabral 161,81
29 ABR Zp *Cp 29,90
29 ABR Paypal *Ingressocom 45,60
29 ABR Zp *Cp 149,90
29 ABR Coco Bambu P*Cb Porto 98,81
29 ABR Zp *Cp 99,90
30 ABR Amzn Mktp Us*1300q4jb1
BRL 145,03 = USD 29,08
Conversão: BRL 4,99 = USD 1 = R$ 5,21

151,55

30 ABR IOF de "Amzn Mktp Us*1300q4jb1" 9,67
30 ABR Zp *Cp 49,90
01 MAI Outback Barra Sul 266,78
02 MAI Google Globo 49,90
02 MAI Zaffari Cabral 470,18
02 MAI IOF de "Paypal *Tradingview Pr" 53,66
02 MAI Paypal *Tradingview Pr
BRL 810,41 = USD 164,41
Conversão: BRL 4,93 = USD 1 = R$ 5,12

841,10

04 MAI Zp *Cp 149,90
04 MAI Zp *Cp 99,90
04 MAI Zp *Cp 49,90
05 MAI Zaffari Cabral 548,35
06 MAI Paypal *Uber 5,00
06 MAI Paypal *Uber 21,98
06 MAI Paypal *Uber 3,00
06 MAI Paypal*Paypal *Uber 21,42
06 MAI Cinemark Brasil 32,00
07 MAI Flores On Line 151,04
07 MAI Zp *Cp 99,90
07 MAI Zp *Cp 149,90
07 MAI Pag*Pauloroberto 15,00
07 MAI Metapark 30,00
07 MAI Zaffari Cabral 207,23
08 MAI Flores On Line 144,69
09 MAI Pagamento em 09 MAI 15.584,09
09 MAI Panvel 6,64
09 MAI Ri Happy Brinquedos - 2/5 39,99
09 MAI Hbomaxassin 19,53
10 MAI Zp *Cp 149,90
11 MAI Zp *Cp 149,90
11 MAI Zp *Cp 99,90
11 MAI Zp *Cp 149,90
11 MAI Zp *Cp 49,90
11 MAI Zp *Cp 99,90
11 MAI Zp *Cp 149,90
12 MAI Zaffari Cabral 239,59
12 MAI Posto Bela Vista 16,90
12 MAI Zp *Cp 49,90
12 MAI Zp *Cp 49,90
13 MAI Zaffari Cabral 365,28
13 MAI Ebanx Spotify 24,90
13 MAI Paypal *Nintendo
BRL 21,96 = USD 4,28
Conversão: BRL 5,13 = USD 1 = R$ 5,33

22,81

13 MAI IOF de "Paypal *Nintendo" 1,46
14 MAI Zp *Cp 99,90
14 MAI Zp *Cp 29,90
15 MAI Posto Bela Vista 10,95
15 MAI Zaffari Cabral 252,42
16 MAI Posto Bela Vista 30,80
16 MAI Zp *Cp 49,90
16 MAI Paypal *Unitytechno
BRL 188,71 = USD 36,90
Conversão: BRL 5,11 = USD 1 = R$ 5,31

196,01

16 MAI IOF de "Paypal *Unitytechno" 12,51
16 MAI Mercpago*Nivel6 9,90
17 MAI IFood 185,41
19 MAI Zp *Cp 49,90
19 MAI Zp *Cp 49,90
19 MAI Zp *Cp 49,90
19 MAI Netflix.Com 55,90
21 MAI Posto Bela Vista 16,90
21 MAI Paypal *Www.Plex.Tv Pa
BRL 25,96 = USD 5,25
Conversão: BRL 4,94 = USD 1 = R$ 5,07

26,63

21 MAI IOF de "Paypal *Www.Plex.Tv Pa" 1,70
21 MAI Zp *Cp 29,90
21 MAI Raia 535,58
21 MAI Zaffari Cabral 432,85
22 MAI Mapfre Seguros 6.045,86
23 MAI Ifood *Ifood 183,61
25 MAI Zaffari Cabral 280,85
25 MAI Posto Bela Vista 13,90
25 MAI Raia 367,07
27 MAI Zp *Cp 49,90
27 MAI IOF de "Google *Google Store" 41,37
27 MAI Google *Google Store

USD 129,98
Conversão: USD 1 = R$ 4,99

648,41

27 MAI Zaffari Cabral 440,62
27 MAI Zp *Cp 49,90
28 MAI Zp *Cp 149,90
28 MAI Zaffari Cabral 255,56
29 MAI Zp *Cp 99,90
29 MAI Zaffari Cabral 341,58
29 MAI Ifood *Ifood 183,61
30 MAI Zp *Cp 99,90
31 MAI Cristina de Fatima Mo 17,00
01 JUN IOF de "Google *Google Store" 37,45
01 JUN Zp *Cp 99,90
01 JUN Google *Google Store

USD 119,00
Conversão: USD 1 = R$ 4,93

587,04

02 JUN Zaffari Cabral 244,99
02 JUN Google Globo 49,90
02 JUN Amazon-Marketplace 54,14
02 JUN Zp *Cp 149,90
02 JUN Posto Bela Vista 335,74
04 JUN Zaffari Cabral 428,09
05 JUN Restaurante Moinhos 22,00
05 JUN Gremio Nautico Uniao 44,00
05 JUN Gremio Nautico Uniao 35,00
05 JUN Gremio Nautico Uniao 90,00
08 JUN Desconto Antecipação Ri Happy Brinquedos 1,85
08 JUN Mp *Hbomaxassin 13,95
08 JUN Pagamento em 08 JUN 15.636,90
08 JUN Antecipada - Ri Happy Brinquedos - 4/5 39,99
08 JUN Antecipada - Ri Happy Brinquedos - 3/5 39,99
08 JUN Antecipada - Ri Happy Brinquedos - 5/5 39,99

09 JUN Zp *Cp 50,00
09 JUN Zaffari Cabral 318,51
09 JUN Zp *Cp 50,00
10 JUN Associacao Hospitalar 42,00
10 JUN Vitiaceri Casa das Cuc 82,00
10 JUN Associacao Hospitalar 36,00
10 JUN Deza 37,00
10 JUN Estorno de IOF de compra internacional 0,22
10 JUN Pag*Panvelfilial2 174,32
10 JUN Crédito de "AMZN Mktp US" 3,41
11 JUN Seg Park Estacionament 13,00
12 JUN Associacao Hospitalar 55,00
12 JUN Magic Games Empreendim 15,00
12 JUN Posto Bela Vista 10,45
12 JUN Superlegal Comercio de 429,89
12 JUN Raia 19,85
12 JUN Zaffari Cabral 480,92
12 JUN Associacao Hospitalar 30,00
12 JUN Bourbon Wallig 6,00
12 JUN Magic Games Empreendim 30,00
12 JUN Gelatone Sorvetes 29,00
13 JUN Paypal *Uber do Brasi 25,38
13 JUN Paypal *Uber 3,00
13 JUN Paypal *Uber 17,00
13 JUN Paypal *Nintendo
BRL 21,69 = USD 4,39
Conversão: BRL 4,94 = USD 1 = R$ 5,18

22,75

13 JUN Ebanx*Spotify 24,90
13 JUN IOF de "Paypal *Nintendo" 1,45
13 JUN Zp *Cp 150,00
14 JUN Seg Park Estacionament 23,00
15 JUN Zaffari Cabral 645,31

15 JUN Alo Bebe 3.438,00
15 JUN Ec*Nivel6 9,90
16 JUN Posto Bela Vista 46,70
16 JUN Raia 12,74
16 JUN Associacao Hospitalar 18,00
17 JUN Paypal *Unitytechno
BRL 188,78 = USD 36,93
Conversão: BRL 5,11 = USD 1 = R$ 5,33

196,66

17 JUN IOF de "Paypal *Unitytechno" 12,55
18 JUN Ifood *Ifood 173,70
18 JUN Zaffari Cabral 279,26
20 JUN Netflix.Com 55,90
21 JUN Pag*Panvelfilial44 93,76
21 JUN Google Storage 3,49
21 JUN Maria Candida Miranda 38,00
21 JUN IOF de "Paypal *Www.Plex.Tv Pa" 1,81
21 JUN Paypal *Www.Plex.Tv Pa
BRL 26,94 = USD 5,28
Conversão: BRL 5,10 = USD 1 = R$ 5,37

28,36

23 JUN Raia 159,98
23 JUN Zp *Cp 30,00
23 JUN Zaffari Cabral 355,26
23 JUN Posto Bela Vista 16,90
23 JUN Zp *Cp 150,00
23 JUN Posto Bela Vista 287,95
24 JUN Zp *Cp 150,00
24 JUN Zp *Cp 100,00
25 JUN Zaffari Cabral 433,79
26 JUN Ifood *Ifood 102,80
27 JUN Zaffari Cabral 502,07
27 JUN Zp *Cp 50,00
29 JUN Zaffari Cabral 349,23
29 JUN Zp *Cp 50,00

29 JUN Zp *Cp 100,00
29 JUN Paypal*Paypal *Uber 40,00
29 JUN Paypal *Uber 3,00
29 JUN Zp *Cp 50,00
30 JUN Paypal *Uber 3,00
30 JUN Paypal *Uber 38,44
30 JUN Zp *Cp 30,00
30 JUN Zp *Cp 50,00
01 JUL Pag*Panvelfilial378 90,98
01 JUL Zp *Cp 30,00
01 JUL Zp *Cp 30,00
01 JUL Zp *Cp 50,00
01 JUL Zaffari Cabral 380,32
01 JUL Zp *Cp 30,00
01 JUL Pagamento em 01 JUL 11.970,55
02 JUL Zp *Cp 30,00
02 JUL Zp *Cp 30,00
02 JUL Paypal *Uber 3,00
02 JUL Paypal *Uber 39,95
02 JUL Google Globo 49,90
02 JUL Zp *Cp 50,00
02 JUL Zp *Cp 50,00
02 JUL Zp *Cp 50,00
03 JUL Paypal *Uber 27,27
03 JUL Zaffari Cabral 716,05
04 JUL Paypal *Uber 26,32
04 JUL Zp *Cp 30,00
04 JUL Posto Bela Vista 10,95
04 JUL Raia 271,45
05 JUL Paypal *Ingressocom 47,88
05 JUL IOF de "Paypal *Tradingview Pr" 0,37

05 JUL Paypal *Tradingview Pr
BRL 5,59 = USD 1,06
Conversão: BRL 5,27 = USD 1 = R$ 5,52

5,85

05 JUL Zaffari Cabral 183,72
06 JUL Paypal *Uber 19,16
06 JUL Paypal *Uber 21,36
06 JUL Silva Lanches 37,50
06 JUL Zp *Cp 50,00
06 JUL Zaffari Cabral 203,77
06 JUL Ifood *Ifood 217,15
07 JUL Pfc Estacionamentos e 14,00
07 JUL Zp *Cp 30,00
08 JUL Zp *Cp 30,00
08 JUL Zp *Cp 100,00
08 JUL Zp *Cp 30,00
08 JUL Zp *Cp 100,00
08 JUL Zp *Cp 30,00
08 JUL Mp *Hbomaxassin 13,95
09 JUL Cameron 137,80
09 JUL Zaffari Cabral 374,87
09 JUL Paypal *Uber 31,02
09 JUL Cinemark Brasil 30,00
09 JUL Posto Bela Vista 16,90
09 JUL Paypal *Uber 28,79
09 JUL Zp *Cp 30,00
09 JUL Zp *Cp 50,00
10 JUL Raia 159,98
10 JUL Posto Bela Vista 10,95
10 JUL Zaffari Cabral 216,90
10 JUL Zp *Cp 50,00
11 JUL Deza 52,00
11 JUL Zp *Cp 30,00

11 JUL Pasta Sciutta 411,40
11 JUL Zp *Cp 50,00
12 JUL Paypal *Nintendo
BRL 22,78 = USD 4,28
Conversão: BRL 5,32 = USD 1 = R$ 5,52

23,63

12 JUL Mercadolivre*Brinqued 71,23
12 JUL Zp *Cp 50,00
12 JUL Zp *Cp 50,00
12 JUL IOF de "Paypal *Nintendo" 1,51
12 JUL Mercadolivre*Neusasto 52,74
13 JUL Ebw*Spotify 24,90
13 JUL Zp *Cp 50,00
13 JUL Zp *Cp 50,00
14 JUL Boulevard 10,00
15 JUL Zp *Cp 30,00
15 JUL Zp *Cp 50,00
15 JUL Zp *Cp 30,00
15 JUL Zp *Cp 50,00
15 JUL Ec*Nivel6 9,90
15 JUL Zp *Cp 50,00
15 JUL Zp *Cp 30,00
15 JUL Zp *Cp 30,00
16 JUL Paypal *Unitytechno
BRL 201,20 = USD 37,08
Conversão: BRL 5,43 = USD 1 = R$ 5,68

210,43

16 JUL Zaffari Cabral 39,73
16 JUL IOF de "Paypal *Unitytechno" 13,43
16 JUL Mk Po33 Beccaro Comerc 499,80
16 JUL Paypal *Uber do Brasi 46,27
16 JUL Zaffari Cabral 788,31
16 JUL Raia 138,45
16 JUL Kalunga Iguatemi Porto 56,30
16 JUL Paypal *Uber 24,83

16 JUL Mandabrasa Restaurante 104,50
16 JUL Posto Bela Vista 17,45
16 JUL Lindt & Sprungli Brazi 99,90
16 JUL Zaffari Cabral 1.008,20
17 JUL Cameron F 175,00
17 JUL Zp *Cp 30,00
18 JUL Safe Estacionamentos 14,55
18 JUL Ifood *Ifood 173,70
19 JUL Zp *Cp 30,00
19 JUL Zp *Cp 30,00
19 JUL Zaffari Cabral 185,73
19 JUL Netflix.Com 55,90
19 JUL Posto Bela Vista 17,45

20 JUL Zp *Cp 50,00
20 JUL Zp *Cp 30,00
20 JUL Zp *Cp 50,00
20 JUL Pagamento em 20 JUL 7.444,15
20 JUL Zp *Cp 50,00
21 JUL IOF de "Paypal *Skype.Com" 1,05
21 JUL Zp *Cp 30,00
21 JUL Paypal *Www.Plex.Tv Pa
BRL 28,41 = USD 5,26
Conversão: BRL 5,40 = USD 1 = R$ 5,65

29,70

21 JUL Paypal *Skype.Com
BRL 31,83 = USD 5,88
Conversão: BRL 5,41 = USD 1 = R$ 5,61

32,96

21 JUL IOF de "Paypal *Www.Plex.Tv Pa" 1,89
21 JUL IOF de "Paypal *Skype.Com" 2,10
21 JUL Google Storage 69,99
21 JUL Paypal *Skype.Com
BRL 15,91 = USD 2,94
Conversão: BRL 5,41 = USD 1 = R$ 5,61

16,48

22 JUL Raia 216,59
22 JUL Zaffari Cabral 230,53
22 JUL Posto Bela Vista 387,65
22 JUL Zp *Camp 50,00
22 JUL Zp *Camp 30,00
23 JUL Trem Expresso Diversoe 42,00
24 JUL Magic Games Empreendim 15,00
24 JUL Zp *Camp 30,00
24 JUL Lojas Renner Fl 59,90
24 JUL Magic Games Empreendim 30,00
24 JUL Bourbon Shopping Walli 25,00
24 JUL Gelatone Sorvetes 30,00
24 JUL Bourbon Wallig 6,00
25 JUL Pag*Evertonluis 5,00
27 JUL Posto Bela Vista 18,45
27 JUL Zp *Camp 30,00
27 JUL Zaffari Cabral 267,73
27 JUL Zp *Camp 30,00
28 JUL Pag*Grandcrepe 5,00
28 JUL Lara Poc 13,00
28 JUL Ifood *Ifood 177,00
28 JUL Zaffari Cabral 382,35
29 JUL Zp *Camp 30,00
30 JUL Kalunga Iguatemi Porto 77,10
30 JUL Zaffari Cabral 354,94
30 JUL Casa Ludica Brinquedot 165,00
30 JUL Le Petit Iguatemi 26,40
30 JUL Drive Kids 25,00
30 JUL Zp *Camp 30,00
30 JUL Posto Bela Vista 17,45
30 JUL Raia 216,59
30 JUL Zp *Camp 50,00
31 JUL Pag*Grandcrepe 5,00
01 AGO Zp *Camp 50,00
01 AGO Emporio Bela Vista 227,84
01 AGO Zp *Camp 50,00
01 AGO Posto Bela Vista 29,40
02 AGO Zp *Camp 50,00
02 AGO Kalunga Iguatemi Porto 71,60
02 AGO Le Petit Iguatemi 14,30
02 AGO Superlegal Comercio de 134,97
02 AGO Google Globo 49,90
03 AGO Zaffari Cabral 324,82
04 AGO Zaffari Cabral 353,25
04 AGO Maria Candida Miranda 38,00
04 AGO Pag*Panvelfilial44 74,64

05 AGO Paypal *Tradingview Pr
BRL 5,57 = USD 1,06
Conversão: BRL 5,25 = USD 1 = R$ 5,45

5,78

05 AGO Letto Premium 89,90
05 AGO IOF de "Paypal *Tradingview Pr" 0,37
05 AGO Posto Bela Vista 17,45
05 AGO Zp *Camp 30,00
05 AGO Zp *Camp 50,00
05 AGO Zaffari Cabral 256,47
06 AGO Zp *Camp 50,00
06 AGO Zp *Camp 50,00
08 AGO Mercadolivre*Hbomaxas 13,95
08 AGO Zp *Camp 30,00
08 AGO Zaffari Cabral 442,94
08 AGO Posto Bela Vista 29,40
08 AGO Letto Premium 149,00
09 AGO Zp *Camp 30,00
09 AGO Paypal *Uber 31,22
10 AGO Paypal *Uber 5,00
10 AGO Zp *Camp 30,00
10 AGO Paypal *Uber 24,36
11 AGO Paypal *Uber 3,00
11 AGO Paypal *Nintendo
BRL 22,07 = USD 4,31
Conversão: BRL 5,12 = USD 1 = R$ 5,33

22,96

11 AGO Paypal *Uber 5,00
11 AGO Paypal *Uber 17,56
11 AGO Zp *Camp 30,00
11 AGO IOF de "Paypal *Nintendo" 1,46
11 AGO Paypal *Uber 24,45
11 AGO Google Fitbit Llc 38,99
12 AGO Paypal *Uber 43,98
12 AGO Zaffari Cabral 857,30
12 AGO Zp *Camp 30,00
12 AGO Paypal *Uber 3,00
13 AGO Zp *Camp 30,00
13 AGO Ebw*Spotify 24,90
13 AGO Zaffari Cabral 115,74
14 AGO Ec*Nivel6 9,90
14 AGO Dog Gourmet 15,00
14 AGO Sc Remocoes e Guarda 20,00
14 AGO Dog Gourmet 15,00
14 AGO Zp *Camp 30,00
16 AGO Zp *Camp 30,00
16 AGO IOF de "Paypal *Unitytechno" 12,50
16 AGO Zp *Camp 30,00
16 AGO Paypal *Unitytechno
BRL 189,25 = USD 36,91
Conversão: BRL 5,13 = USD 1 = R$ 5,31

195,86

16 AGO Zp *Camp 30,00
16 AGO Zp *Camp 50,00
17 AGO Posto Bela Vista 27,35
17 AGO Zaffari Cabral 252,33
17 AGO Zp *Camp 30,00
18 AGO Zp *Camp 30,00
18 AGO Ebw*Banggood 1.091,71
18 AGO Zp *Camp 30,00
19 AGO Zp *Camp 30,00
19 AGO Zaffari Cabral 225,26
19 AGO Zp *Camp 50,00
19 AGO Netflix.Com 55,90

20 AGO Pagamento em 20 AGO 9.756,57
21 AGO Zaffari Cabral 395,56
21 AGO Zp *Camp 50,00
21 AGO Ifood *Ifood 181,70
21 AGO Di Paolo Lacador 273,90
22 AGO Paypal *Www.Plex.Tv Pa
BRL 27,27 = USD 5,25
Conversão: BRL 5,19 = USD 1 = R$ 5,40

28,37

22 AGO Zp *Camp 30,00
22 AGO IOF de "Paypal *Www.Plex.Tv Pa" 1,81
22 AGO Zp *Camp 30,00
23 AGO Zp *Camp 30,00
24 AGO Zp *Camp 30,00
24 AGO Zaffari Cabral 269,36
24 AGO Zp *Camp 30,00
24 AGO Zp *Camp 30,00
24 AGO Posto Bela Vista 27,35
24 AGO Zp *Camp 30,00
24 AGO Posto Bela Vista 352,93
24 AGO Zp *Camp 30,00
24 AGO Zp *Camp 30,00
25 AGO Zp *Camp 30,00
25 AGO Zp *Camp 30,00
25 AGO Zp *Camp 30,00
26 AGO Pag*Rafaeladami 10,00
26 AGO Zaffari Cabral 432,33
27 AGO Pag*Cp 30,00
27 AGO Pag*Cp 50,00
28 AGO Coco Bambu P*Cb Porto 104,81
28 AGO Zaffari Cabral 408,49
28 AGO Ifood *Ifood 171,90
29 AGO Pag*Cp 30,00
30 AGO Zaffari Cabral 358,78
30 AGO Pag*Cp 30,00
30 AGO Posto Bela Vista 24,85
30 AGO Raia 148,81
31 AGO Pag*Cp 30,00
01 SET Mercadolivre*Mercadol 29,49
02 SET Pag*Cp 30,00
02 SET Zaffari Cabral 290,06
02 SET Raia 150,14
02 SET Posto Bela Vista 29,40
02 SET Raia 104,86
02 SET Google Globo 49,90
03 SET Zaffari Cabral 360,22
03 SET Mercadolivre*Gorilash 30,90
03 SET Mercadolivre*Mercadol 67,60
04 SET Ifood *Ifood 181,70
04 SET Ebw*Sonyplaystatn 351,23
04 SET Voa Park 60,00
04 SET Pfc Estacionamentos Ei 12,00
04 SET Coco Bambu P*Cb Porto 128,81
05 SET IOF de "Paypal *Tradingview Pr" 0,36
05 SET Bourbon Wallig 6,00
05 SET Magic Games Empreendim 15,00
05 SET Posto Bela Vista 28,45
05 SET Pag*Panvelfilial357 39,10
05 SET Magic Games Empreendim 30,00
05 SET Zaffari Cabral 271,52
05 SET Paypal *Tradingview Pr
BRL 5,49 = USD 1,05
Conversão: BRL 5,23 = USD 1 = R$ 5,40

5,67

06 SET Pag*Cp 100,00
07 SET Posto Bela Vista 15,45

07 SET Raia 161,89
07 SET Zaffari Cabral 315,73
08 SET Zaffari Cabral 196,16
08 SET Barranquinho 497,20
08 SET Mercadolivre*Hbomaxas 13,95
09 SET Paypal *Nintendo
BRL 172,01 = USD 33,10
Conversão: BRL 5,20 = USD 1 = R$ 5,43

179,79

09 SET IOF de "Paypal *Nintendo" 11,47
10 SET Zaffari Cabral 337,07
10 SET IOF de "Paypal *Nintendo" 1,47
10 SET Paypal *Nintendo
BRL 22,04 = USD 4,25
Conversão: BRL 5,19 = USD 1 = R$ 5,42

23,05

10 SET Pag*Panvelfilial357 84,34
11 SET Gianluca - Canoas 13,00
11 SET Pfc Estacionamentos Ei 12,00
11 SET Voa Park 60,00
11 SET Pag*Cp 150,00
11 SET Pag*Cp 150,00
11 SET Ruta Asado Y Bar 12,00
12 SET Google Fitbit Llc 38,99
12 SET Pasta Sciutta 402,60
13 SET Ebw*Spotify 24,90
13 SET Ec*Nivel6 9,90
16 SET IOF de "Paypal *Unitytechno" 12,65
16 SET Zaffari Cabral 370,13
16 SET Pag*Cp 150,00
16 SET Paypal *Unitytechno
BRL 190,50 = USD 36,82
Conversão: BRL 5,17 = USD 1 = R$ 5,38

198,26

16 SET Posto Bela Vista 17,45
17 SET Zaffari Cabral 416,51
18 SET Gianluca - Canoas 15,00

18 SET Roister Nilo Square Ga 14,00
18 SET Pfc Estacionamentos Ei 12,00
18 SET Voa Park 45,00
18 SET Ruta Asado Y Bar 12,00
19 SET Barranquinho 422,40
19 SET Netflix.Com 55,90
20 SET Pagamento em 20 SET 10.595,62
21 SET Zaffari Cabral 309,09
21 SET Mercadolivre*Sllivros 57,53
21 SET IOF de "Paypal *Www.Plex.Tv Pa" 1,82
21 SET Paypal *Www.Plex.Tv Pa
BRL 27,70 = USD 5,29
Conversão: BRL 5,24 = USD 1 = R$ 5,38

28,45

21 SET Barranquinho 503,80
23 SET Posto Bela Vista 17,90
23 SET Zaffari Cabral 381,89
24 SET IOF de "Paypal *Paddle.Net" 35,53
24 SET Zp *Camp 150,00
24 SET Paypal *Paddle.Net
BRL 536,10 = USD 103,61
Conversão: BRL 5,17 = USD 1 = R$ 5,37

556,84

24 SET Zaffari Cabral 356,29
25 SET Voa Park 45,00
25 SET Gianluca - Canoas 35,00
25 SET Barranquinho 275,00
25 SET Ruta Asado Y Bar 18,00
25 SET Pfc Estacionamentos Ei 12,00
25 SET Ruta Asado Y Bar 18,00
26 SET Superlegal Comercio de 69,99
26 SET Zaffari Cabral 374,11
26 SET Kalunga Iguatemi Porto 92,60
27 SET Zp *Camp 50,00
27 SET Zp *Camp 150,00
29 SET Zp *Camp 100,00
29 SET Zaffari Cabral 396,82
30 SET Ifood *Ifood 181,72
01 OUT Zp *Camp 150,00
01 OUT Coco Bambu P*Cb Porto 225,91
02 OUT Raia 118,78
02 OUT Zaffari Cabral 470,98
02 OUT Posto Bela Vista 11,00
02 OUT Superlegal Comercio de 99,99
03 OUT Ifood *Ifood 102,90
03 OUT Ifood *Ifood 2,00
03 OUT Google Gsuite_thelabor 10,20
03 OUT Google Globo 49,90
04 OUT Zp *Camp 150,00
04 OUT Pag*Panvelfilial44 154,76
04 OUT Maria Candida Miranda 38,00
05 OUT IOF de "Paypal *Tradingview Pr" 0,36
05 OUT Paypal *Tradingview Pr
BRL 5,66 = USD 1,07
Conversão: BRL 5,29 = USD 1 = R$ 5,35

5,72

06 OUT Mercadolivre*Mercadol 1.399,90
06 OUT Posto Bela Vista 28,00
06 OUT Zaffari Cabral 411,93
07 OUT Zaffari Cabral 372,94
08 OUT Zp *Camp 150,00
08 OUT Mercadolivre*Hbomaxas 13,95
09 OUT Poa Ai Mare 436,70
10 OUT Paypal *Nintendo
BRL 21,08 = USD 4,04
Conversão: BRL 5,22 = USD 1 = R$ 5,43

21,94

10 OUT Posto Bela Vista 28,00
10 OUT Raia 142,53
10 OUT IOF de "Paypal *Nintendo" 1,40
10 OUT Zaffari Cabral 315,96
11 OUT Mr Park 10,00
11 OUT Google Fitbit Llc 38,99
12 OUT Mercadolivre*Leiturap 78,90
12 OUT Zaffari Cabral 590,75
13 OUT Ifood *Ifood 181,72
13 OUT Pag*Veteranabeertruck 10,00
13 OUT Ebw*Spotify 24,90
13 OUT Ec*Nivel6 9,90
13 OUT Google *Google Store
USD 459,98
Conversão: USD 1 = R$ 5,41

2.488,00

13 OUT IOF de "Google *Google Store" 158,73
14 OUT Zaffari Cabral 304,69
15 OUT Posto Bela Vista 17,50
15 OUT Zaffari Cabral 213,68
15 OUT Google *Google Store

USD 119,99
Conversão: USD 1 = R$ 5,51

661,60

15 OUT Emporio Bela Vista 162,27
15 OUT Zp *Camp 150,00
15 OUT IOF de "Google *Google Store" 42,21
15 OUT Posto Bela Vista 350,99
16 OUT Barranquinho 446,30
17 OUT Stl*Ydreams Brasil 60,00
17 OUT Lavire Eventos 40,00
17 OUT IOF de "Paypal *Unitytechno" 13,00
17 OUT Paypal *Unitytechno
BRL 195,49 = USD 37,09
Conversão: BRL 5,27 = USD 1 = R$ 5,49

203,76

17 OUT Bacio Lj 0099 Shop Pr 23,00
17 OUT Zaffari Cabral 248,84
17 OUT Pag*Saraiva48 71,80
18 OUT Zp *Camp 150,00
19 OUT Zp *Camp 150,00
19 OUT Zaffari Cabral 236,78
19 OUT Paypal *Nostarchpre
BRL 178,68 = USD 33,90
Conversão: BRL 5,27 = USD 1 = R$ 5,48

185,84

19 OUT IOF de "Paypal *Nostarchpre" 11,86
19 OUT Netflix.Com 55,90
20 OUT Pagamento em 20 OUT 16.523,04
20 OUT Paypal *Uber 29,60
20 OUT Mercadolivre*Mercadol 136,15
21 OUT IOF de "Paypal *Www.Plex.Tv Pa" 1,82
21 OUT Paypal *Www.Plex.Tv Pa
BRL 27,69 = USD 5,26
Conversão: BRL 5,26 = USD 1 = R$ 5,43

28,54

22 OUT Posto Bela Vista 21,00
22 OUT Ifood *Ifood 181,72
22 OUT Zaffari Cabral 464,98
22 OUT Zp *Camp 150,00
23 OUT Zaffari Cabral 318,69
23 OUT Zp *Camp 150,00
24 OUT Barranquinho 498,30
25 OUT Zaffari Cabral 457,06
26 OUT Zaffari Cabral 161,36
26 OUT Posto Bela Vista 15,50
26 OUT Raia 232,59
27 OUT Zp *Camp 150,00
28 OUT Zaffari Cabral 355,16
28 OUT Posto Bela Vista 18,00
29 OUT Coco Bambu P*Cb Porto 132,81
29 OUT Mercadolivre*Grassyst 299,00
30 OUT Barranquinho 426,80
31 OUT Zaffari Cabral 375,61
31 OUT Posto Bela Vista 18,00
01 NOV IOF de "Paypal *Nintendo" 18,54
01 NOV Paypal *Nintendo
BRL 277,69 = USD 52,28
Conversão: BRL 5,31 = USD 1 = R$ 5,56

290,64

01 NOV IOF de "Google *Google Store" 76,73
01 NOV Google *Google Store

USD 219,98
Conversão: USD 1 = R$ 5,47

1.202,69

01 NOV Paypal *Uber 3,00
01 NOV Google *Google Store

USD 149,99
Conversão: USD 1 = R$ 5,56

833,83

01 NOV IOF de "Google *Google Store" 53,20
01 NOV Paypal *Uber 39,92
02 NOV Google Globo 49,90
02 NOV Ingresso.Com 49,02
02 NOV Google Gsuite_thelabor 8,10
03 NOV Zaffari Cabral 391,21
03 NOV Sogipa 40,00
04 NOV Ifood *Ifood 181,72
04 NOV Zaffari Cabral 276,11
04 NOV Zp *Camp 150,00
05 NOV IOF de "Paypal *Tradingview Pr" 0,35
05 NOV Posto Bela Vista 36,50
05 NOV Pag*Supermercado 462,88
05 NOV Paypal *Tradingview Pr
BRL 5,47 = USD 1,06
Conversão: BRL 5,16 = USD 1 = R$ 5,24

5,55

05 NOV Posto Bela Vista 334,07
05 NOV Pag*Schucksorvetes 43,42
06 NOV Pag*Ilhadosorvete 19,82
07 NOV Zaffari Cabral 249,90
07 NOV Pag*Panvelfilial357 245,07
07 NOV Pag*Supermercado 78,21
08 NOV Mercadolivre*Hbomaxas 13,95
10 NOV Ifood *Ifood 181,73
10 NOV Zaffari Cabral 317,51
11 NOV Superlegal Comercio de 179,98
11 NOV Paypal *Uber 30,94
11 NOV Paypal *Uber 3,00
11 NOV Google Fitbit Llc 38,99
11 NOV Paypal *Uber 3,00
11 NOV Paypal *Uber 39,15
11 NOV Cinemark Brasil 31,00
12 NOV Ec*Nivel6 9,90
12 NOV Brookies Cookies & Co 54,72
12 NOV Zaffari Cabral 178,86
12 NOV Pg *Dr. Fabricio Sinam 280,00
12 NOV Zp *Camp 150,00
13 NOV Posto Bela Vista 22,50
13 NOV Ebw*Spotify 24,90
13 NOV Zaffari Cabral 321,05
15 NOV Zaffari Cabral 255,95
15 NOV Zp *Camp 150,00
16 NOV IOF de "Paypal *Unitytechno" 13,00
16 NOV Paypal *Unitytechno
BRL 196,14 = USD 36,96
Conversão: BRL 5,31 = USD 1 = R$ 5,51

203,77

16 NOV Zaffari Cabral 234,78
16 NOV Coco Bambu P*Cb Porto 138,91
18 NOV Zaffari Cabral 333,66
18 NOV Farmacia Sao Joao 332,07
19 NOV Netflix.Com 55,90
19 NOV Ifood *Ifood 181,73
19 NOV Zp *Camp 50,00
19 NOV Ifood *Ifood 2,00
19 NOV Zp *Camp 150,00

20 NOV Posto Bela Vista 295,04
20 NOV Posto Bela Vista 11,00
20 NOV Pagamento em 20 NOV 13.746,02
20 NOV Letto Premium 99,00
20 NOV Zaffari Cabral 448,21
21 NOV IOF de "Paypal *Www.Plex.Tv Pa" 1,86
21 NOV Barranquinho 341,00
21 NOV Paypal *Www.Plex.Tv Pa
BRL 28,34 = USD 5,25
Conversão: BRL 5,40 = USD 1 = R$ 5,56

29,20

23 NOV Zaffari Cabral 303,54
23 NOV Posto Bela Vista 18,00
24 NOV Pag*Independencia 20,00
24 NOV Pag*Cp 150,00
26 NOV Pag*Atos29prrenan 16,00
26 NOV Superlegal Comercio de 129,99
26 NOV Zaffari Cabral 336,96
26 NOV D'Oro Gelato Italiano 30,00
26 NOV Pag*Cp 127,50
26 NOV Ifood *Ifood 3,00
26 NOV Pag*Cp 127,50
27 NOV Maria Candida Miranda 38,00
27 NOV Ifood *Ifood 181,73
27 NOV Barranquinho 322,30
28 NOV Emporio Bela Vista 135,51
28 NOV Posto Bela Vista 18,00
28 NOV Zaffari Cabral 759,22
29 NOV Pag*Cp 225,00
01 DEZ Kmg Comercio Vestuar 58,00
01 DEZ Estacionamento Pontal 15,00
01 DEZ Zaffari Cabral 196,41
01 DEZ Pag*Cp 112,50
02 DEZ Google Globo 49,90
02 DEZ Google Gsuite_thelabor 8,10
03 DEZ D'Oro Gelato Italiano 24,00
03 DEZ D'Oro Gelato Italiano 18,00
03 DEZ Loja 07 Zaffari Cabral 249,30
04 DEZ sem Par*sem Parar * 37,86
04 DEZ Pag*Cp 150,00
04 DEZ Loja 07 Zaffari Cabral 201,28
04 DEZ Posto Bela Vista 11,00
04 DEZ Raia 374,90
05 DEZ Paypal *Tradingview Pr
BRL 5,49 = USD 1,06
Conversão: BRL 5,18 = USD 1 = R$ 5,41

5,73

05 DEZ IOF de "Paypal *Tradingview Pr" 0,37
06 DEZ Pag*Saudenocopo 35,00
06 DEZ Pag*Saudenocopo 16,00
06 DEZ IOF de "Paypal *Unitytechno" 7,28
06 DEZ Paypal *Unitytechno
BRL 109,74 = USD 21,10
Conversão: BRL 5,20 = USD 1 = R$ 5,41

114,05

08 DEZ Mercadolivre*Hbomaxas 13,95
08 DEZ Estorno de "Google *Google Store" 763,73
08 DEZ IOF de "Google *Google Store" 48,73
08 DEZ Pag*Garagemeestaciona 22,00
08 DEZ Loja 07 Zaffari Cabral 388,34
10 DEZ Raia 276,43
10 DEZ Zaffari Cabral 433,64
10 DEZ Ebw*Spotify 34,90
10 DEZ Jvc Estacionamentos L 20,00
10 DEZ Posto Bela Vista 297,03
10 DEZ Posto Bela Vista 11,00
10 DEZ Pag*Cp 150,00
11 DEZ Aldeia do Papai Noel 257,00

11 DEZ Pag*Cp 75,00
11 DEZ Mamma Mia Gramado 445,50
11 DEZ Jm Comercio Varejista 57,00
11 DEZ Jm Comercio Varejista 7,00
11 DEZ Ifood *Ifood 181,73
11 DEZ Posto Bela Vista 56,00
11 DEZ Google Fitbit Llc 38,99
11 DEZ Jm Comercio Varejista 30,00
12 DEZ Castelo Magico Restaur 211,00
12 DEZ Everton Lamera 5,00
12 DEZ Parque Terra Magica Fl 20,00
12 DEZ Parque Terra Magica Fl 95,00
12 DEZ Parque Terra Magica Fl 400,00
12 DEZ Ec*Nivel6 9,90
12 DEZ Castelo Magico Restaur 5,00
12 DEZ Panvel Filial 110,71
13 DEZ Brasco - Viva 70,78
13 DEZ Siena Administracao e 719,94
13 DEZ Boteco Pedrini 360,69
13 DEZ Pag*Filial 8,00
14 DEZ Ifood *Ifood 183,74
14 DEZ Zaffari Cabral 208,05
14 DEZ Posto Bela Vista 18,00
15 DEZ Posto Bela Vista 11,00
15 DEZ Zaffari Cabral 255,10
15 DEZ Zaffari Cabral 180,26
15 DEZ Raia 130,00
16 DEZ Paypal *Unitytechno
BRL 196,89 = USD 37,03
Conversão: BRL 5,32 = USD 1 = R$ 5,55

205,67

16 DEZ Pag*Lojaspaqueta16 299,99
16 DEZ IOF de "Paypal *Unitytechno" 13,12

16 DEZ A Cantina - Iguatemi 92,55
16 DEZ Superlegal Comercio de 149,98
17 DEZ Zaffari Cabral 318,44
17 DEZ Bourbon Wallig 6,00
17 DEZ Associacao Hospitalar 24,00
18 DEZ Zaffari Cabral 993,48
18 DEZ Pag*Cp 150,00
18 DEZ Raia 190,50
18 DEZ Emporio Bela Vista 66,84
18 DEZ Posto Bela Vista 363,33
19 DEZ Farmacia Sao Joao 185,02
19 DEZ Farmacia Sao Joao 73,62
19 DEZ Netflix.Com 55,90
19 DEZ Pag*Filial 16,00
19 DEZ Ifood *Ifood 181,74

20 DEZ Pagamento em 20 DEZ 14.223,64
20 DEZ Pag*Cp 112,50
21 DEZ IOF de "Paypal *Www.Plex.Tv Pa" 1,83
21 DEZ Paypal *Www.Plex.Tv Pa
BRL 27,90 = USD 5,25
Conversão: BRL 5,31 = USD 1 = R$ 5,45

28,63

21 DEZ Villa Amiche 33,70
21 DEZ Voa Park Garden 35,00
22 DEZ Casa Ludica Brinquedot 130,00
22 DEZ Pag*Saraiva662 89,80
22 DEZ Alo Bebe 109,00
22 DEZ Alo Bebe 470,90
24 DEZ Zaffari Cabral 494,11
24 DEZ Pag*Cp 150,00
24 DEZ Coco Bambu P*Cb Porto 141,91
25 DEZ Posto Bela Vista 18,00
25 DEZ Zaffari Cabral 324,76
26 DEZ Pag*Cp 150,00
29 DEZ Maria Candida Miranda 38,00
29 DEZ Posto Bela Vista 18,00
29 DEZ Pag*Panvelfilial44 120,54
29 DEZ Pag*Zaffarianita 151,79
30 DEZ Cafe do Brique 45,00
30 DEZ Parquinho da Redencao 70,00
31 DEZ Pag*Rogeriokieling 20,00
31 DEZ Pag*Rogeriokieling 9,00
31 DEZ Posto Bela Vista 42,00
31 DEZ Pag*Rogeriokieling 18,00
31 DEZ Pag*Supermercado 573,42
31 DEZ Ifood *Ifd*Tokyo Sus 181,74