02/07/2023	-500	64a1623f-c067-44de-bbd0-2f5125cdc567	Transferência enviada pelo Pix - Luiz Afonso Cidade da Rocha - •••.368.200-•• - BCO DO ESTADO DO RS S.A. (0041) Agência: 51 Conta: 351223130-0
03/07/2023	-2214	63825721-0349-48c1-8b93-6cc9180798eb	Pagamento de boleto efetuado - ASSOCIACAO PARA O DESENVOLVIME
03/07/2023	-1992.6	63b5ae2c-4830-47cd-b177-237e4b84c85c	Pagamento de boleto efetuado - ASSOCIACAO PARA O DESENVOLVIME
03/07/2023	100000	64a304aa-f1a8-4a58-ab48-35a378d96bda	Transferência Recebida - EDUARDO PONS DIAS COSTA - •••.855.950-•• - BCO DO BRASIL S.A. (0001) Agência: 2821 Conta: 2746930-1
03/07/2023	-560	64a3764b-0cb1-482a-92b1-6dc2e5ed7c58	Transferência enviada pelo Pix - RUI BICHINHO CORREA - •••.163.090-•• - BCO DO ESTADO DO RS S.A. (0041) Agência: 50 Conta: 358502360-6
05/07/2023	-30000	64a5bf38-7774-4c48-888b-4ec67b89e1c3	Transferência enviada pelo Pix - SIMONETTO DESIGN - 03.146.140/0001-60 - BCO SANTANDER (BRASIL) S.A. (0033) Agência: 3738 Conta: 13002829-2
05/07/2023	-10000	64a5c592-c9e6-41f1-a5a2-be1c2eb1acc8	Transferência enviada pelo Pix - SIMONETTO DESIGN - 03.146.140/0001-60 - BCO SANTANDER (BRASIL) S.A. (0033) Agência: 3738 Conta: 13002829-2
05/07/2023	-2000	64a5db46-1ee5-4968-90c7-c404639c6a10	Transferência enviada pelo Pix - JORGIANO DA SILVA - •••.116.710-•• - CAIXA ECONOMICA FEDERAL (0104) Agência: 3480 Conta: 1288000000810893859-5
06/07/2023	-640	64a6d4ab-4f89-4283-a0cb-6ae36cc78189	Transferência enviada pelo Pix - CHOPP FÁCIL - 33.984.100/0001-59 - CORA SCD S.A. (0403) Agência: 1 Conta: 1590259-8
06/07/2023	-126.65	64a6db92-6c99-4b08-86a3-7f3c6f365124	Transferência enviada pelo Pix - Flávia Wagner de Almeida - •••.621.270-•• - BANCO INTER (0077) Agência: 1 Conta: 2244179-4
07/07/2023	-1500	64a83ef3-6b4e-4836-9c7b-415958f13732	Transferência enviada pelo Pix - jerri Adriano Machado dias - •••.310.370-•• - NU PAGAMENTOS - IP (0260) Agência: 1 Conta: 98458273-3
10/07/2023	-2256.65	64972b4d-5135-4877-95fd-79184fcdc449	Pagamento de boleto efetuado - AUXILIADORA PREDIAL LTDA
10/07/2023	-1707.73	6499fc5a-a919-45fa-a92f-7749c1f2918c	Pagamento de boleto efetuado - NAO INFORMADO
11/07/2023	-380	64ad46a1-f49c-4507-a77f-933de03bce87	Transferência enviada pelo Pix - Flávia Wagner de Almeida - •••.621.270-•• - BANCO INTER (0077) Agência: 1 Conta: 2244179-4
11/07/2023	-697	64adfe44-d899-4dcf-8d1f-bfffb3744351	Transferência enviada pelo Pix - Flávia Wagner de Almeida - •••.621.270-•• - BANCO INTER (0077) Agência: 1 Conta: 2244179-4
12/07/2023	-638	64ae9efd-27c9-4d2c-bf64-aeaa349ae448	Transferência enviada pelo Pix - Ferragem Thony Ltda - 87.093.290/0001-43 - COOP SICREDI UNIÃO METROLITANA Agência: 116 Conta: 14106-0
12/07/2023	-247.7	64aeac51-10e4-40df-b879-4d325b1072ae	Transferência enviada pelo Pix - jerri Adriano Machado dias - •••.310.370-•• - NU PAGAMENTOS - IP (0260) Agência: 1 Conta: 98458273-3
13/07/2023	-60	64b0307a-c5a1-4246-95cf-e9d09be21b46	Pagamento de boleto efetuado - ASSOCIACAO PARA O DESENVOLVIME
14/07/2023	-333.96	64a37555-8006-460c-b0e6-50678e24c9dc	Pagamento de boleto efetuado - Claro
14/07/2023	-899.52	64b14f3c-e881-4620-8c09-3e2ae02b22c9	Transferência enviada pelo Pix - SECRETARIA DA RECEITA FEDERAL DO BRASIL - 00.394.460/0058-87 - BCO DO BRASIL S.A. (0001) Agência: 1607 Conta: 333666-2
14/07/2023	-1553.45	64b14f7a-77e7-4864-aeaa-839596f457c8	Transferência enviada pelo Pix - SECRETARIA DA RECEITA FEDERAL DO BRASIL - 00.394.460/0058-87 - BCO DO BRASIL S.A. (0001) Agência: 1607 Conta: 333666-2
14/07/2023	-2000	64b1b401-87dc-4df9-a67d-ce781a57b713	Transferência enviada pelo Pix - jerri Adriano Machado dias - •••.310.370-•• - NU PAGAMENTOS - IP (0260) Agência: 1 Conta: 98458273-3
18/07/2023	-2000	64b6e713-cde5-4659-9d3f-001747683e10	Transferência enviada pelo Pix - Marília Gemelli Eick - •••.575.500-•• - BCO DO BRASIL S.A. (0001) Agência: 5770 Conta: 23243-2
19/07/2023	-640.64	64a6c290-4456-4605-bc58-72106bd0ff03	Transferência enviada pelo Pix - CIA ESTADUAL DE DISTRIBUICAO DE - 08.467.115/0001-00 - Banco Citibank S.A. (0745) Agência: 1 Conta: 9002140-7
19/07/2023	-6732	64b7db48-9c4e-4c3b-b18a-f39576fd9db1	Transferência enviada pelo Pix - Robinson Roberto Espindola - •••.755.200-•• - NU PAGAMENTOS - IP (0260) Agência: 1 Conta: 51108239-9
19/07/2023	-343.01	64b7e4e0-39bd-4e9b-b477-b752821fdfde	Transferência enviada pelo Pix - Ferragem Thony Ltda - 87.093.290/0001-43 - COOP SICREDI UNIÃO METROLITANA Agência: 116 Conta: 14106-0
20/07/2023	-9340.05	64b9257f-ce43-4fe4-bf05-0b2966d3afac	Pagamento de fatura
20/07/2023	-509.06	64b9263b-53c3-4708-8fea-24dcda086a34	Transferência enviada pelo Pix - Ferragem Thony Ltda - 87.093.290/0001-43 - COOP SICREDI UNIÃO METROLITANA Agência: 116 Conta: 14106-0
21/07/2023	-812.06	64ba727c-1027-428c-a311-abd39bb008ba	Transferência enviada pelo Pix - Ferragem Thony Ltda - 87.093.290/0001-43 - COOP SICREDI UNIÃO METROLITANA Agência: 116 Conta: 14106-0
21/07/2023	-2000	64bad05f-0a4f-4624-a22e-236e368e39b1	Transferência enviada pelo Pix - jerri Adriano Machado dias - •••.310.370-•• - NU PAGAMENTOS - IP (0260) Agência: 1 Conta: 98458273-3
21/07/2023	-113	64bad0fe-020c-4aba-96ac-8d9c1bb73e80	Transferência enviada pelo Pix - SONIA MARIA GONCALVES DIAS DA COSTA - •••.089.100-•• - BCO DO BRASIL S.A. (0001) Agência: 3537 Conta: 9195362-6
24/07/2023	-1458.9	64bee9a4-802d-46bb-a5c2-4b733a7e53fd	Transferência enviada pelo Pix - FAST SHOP S A - 43.708.379/0001-00 - ITAÚ UNIBANCO S.A. (0341) Agência: 748 Conta: 28020-3
25/07/2023	-2000	64c085ad-4e49-4089-92c8-9398cdc9819c	Transferência enviada pelo Pix - Marília Gemelli Eick - •••.575.500-•• - BCO DO BRASIL S.A. (0001) Agência: 5770 Conta: 23243-2
26/07/2023	47275.59	64c14dbd-b35b-4e6f-b122-9d5df311268c	Transferência Recebida - EDUARDO GONCALVES PONS DIAS DA COSTA - 10.271.226/0001-80 - NU PAGAMENTOS - IP (0260) Agência: 1 Conta: 16234894-2
26/07/2023	-214.2	64c1b1fd-6a97-4149-8b85-1dfdd4e18958	Transferência enviada pelo Pix - VEPPO CIA LIMITADA - 92.660.760/0001-43 - FLAGSHIP IP LTDA Agência: 64 Conta: 102593-7
27/07/2023	-60	64b030c0-6fa2-4a7f-8296-1794829d9dec	Pagamento de boleto efetuado - ASSOCIACAO PARA O DESENVOLVIME
28/07/2023	-834.75	64c3b62e-546f-4a5d-b878-e0998ce2c5f5	Transferência enviada pelo Pix - Ferragem Thony Ltda - 87.093.290/0001-43 - COOP SICREDI UNIÃO METROLITANA Agência: 116 Conta: 14106-0
28/07/2023	-1500	64c3ba97-73e8-4cbf-a8a1-c7900d6d5271	Transferência enviada pelo Pix - jerri Adriano Machado dias - •••.310.370-•• - NU PAGAMENTOS - IP (0260) Agência: 1 Conta: 98458273-3
28/07/2023	-3495	64c3cb1b-4bba-4ed2-ab23-befc3a3c4d45	Transferência enviada pelo Pix - JORGIANO DA SILVA - •••.116.710-•• - CAIXA ECONOMICA FEDERAL (0104) Agência: 3480 Conta: 1288000000810893859-5
30/07/2023	-15800	64c641f7-8716-41a6-a0e8-2c2f662e7f54	Transferência enviada pelo Pix - EDUARDO GONCALVES PONS DIAS COSTA - •••.669.240-•• - BCO DO ESTADO DO RS S.A. (0041) Agência: 82 Conta: 358523050-4
01/06/2023	-1992.6	63b5ae16-4eec-42b7-ace5-5280d7a691ad	Pagamento de boleto efetuado - ASSOCIACAO PARA O DESENVOLVIME
01/06/2023	-100	64791d8b-c967-452b-ac24-a11c32f2a17d	Transferência enviada pelo Pix - Gustavo Antonio Goncalves Sobral - •••.036.440-•• - PICPAY (0380) Agência: 1 Conta: 8207300-7
01/06/2023	-1500	64792bd7-b7c5-4613-a4fb-6895f257a5c3	Transferência enviada pelo Pix - jerri Adriano Machado dias - •••.310.370-•• - NU PAGAMENTOS - IP (0260) Agência: 1 Conta: 98458273-3
02/06/2023	-2214	6382570d-71cf-4690-bebd-2bc8b622c326	Pagamento de boleto efetuado - ASSOCIACAO PARA O DESENVOLVIME
02/06/2023	-500	6479b892-6ff0-404f-a534-7b02aa70c6de	Transferência enviada pelo Pix - Luiz Afonso Cidade da Rocha - •••.368.200-•• - BCO DO ESTADO DO RS S.A. (0041) Agência: 51 Conta: 351223130-0
05/06/2023	-100	647e9fbf-867c-4bb4-8cd1-4396ffb07259	Transferência enviada pelo Pix - EVERSON SOBRAL RIBAS DA ROCHA - •••.128.240-•• - BANCO INTER (0077) Agência: 1 Conta: 9922898-0
06/06/2023	-116.77	647f87fc-b813-4fb0-b514-252dcec42bed	Pagamento de boleto efetuado - EBCT
07/06/2023	-1543.24	646fdb91-6045-40ba-9882-0361e4fb472b	Pagamento de boleto efetuado - NAO INFORMADO
07/06/2023	-2370.83	6470b7ec-4e59-4b45-9e91-84c7f063306d	Pagamento de boleto efetuado - AUXILIADORA PREDIAL LTDA
09/06/2023	-16000	648350e1-51ee-49a0-a1ac-d0848cd2b77f	Transferência enviada pelo Pix - Flávia Wagner de Almeida - •••.621.270-•• - BANCO INTER (0077) Agência: 1 Conta: 2244179-4
09/06/2023	-1500	648351de-a556-4c14-9311-e390d994ff24	Transferência enviada pelo Pix - jerri Adriano Machado dias - •••.310.370-•• - NU PAGAMENTOS - IP (0260) Agência: 1 Conta: 98458273-3
09/06/2023	-8000	64837d2a-039d-4b4a-a499-15f2d4372e11	Transferência enviada pelo Pix - Robinson Roberto Espindola - •••.755.200-•• - NU PAGAMENTOS - IP (0260) Agência: 1 Conta: 51108239-9
09/06/2023	-6760	648383a8-5405-4b9d-b8ee-1ecaea5ed989	Transferência enviada pelo Pix - Robinson Roberto Espindola - •••.755.200-•• - NU PAGAMENTOS - IP (0260) Agência: 1 Conta: 51108239-9
09/06/2023	-3400	6483840a-d867-4f2a-9d26-5b1acfc9c9e2	Transferência enviada pelo Pix - Robinson Roberto Espindola - •••.755.200-•• - NU PAGAMENTOS - IP (0260) Agência: 1 Conta: 51108239-9
13/06/2023	-5984.14	6488763c-20ec-4bfa-a11f-d30dc0126ce7	Transferência enviada pelo Pix - Samsung - 27.932.734/0001-65 - NUPAY IP LTDA. Agência: 1 Conta: 615761-6
13/06/2023	-750	6488af44-5dab-405d-b4a3-ae8851c85bf5	Transferência enviada pelo Pix - EDUARDO GONCALVES PONS DIAS DA COSTA - 10.271.226/0001-80 - BCO DO ESTADO DO RS S.A. (0041) Agência: 82 Conta: 61833740-9
13/06/2023	-899.52	6488cbbf-b93c-4a53-946c-ef62a73d044b	Transferência enviada pelo Pix - SECRETARIA DA RECEITA FEDERAL DO BRASIL - 00.394.460/0058-87 - BCO DO BRASIL S.A. (0001) Agência: 1607 Conta: 333666-2
13/06/2023	-1328.62	6488cc11-3d4c-4b17-a1ae-ae0b84b8c472	Transferência enviada pelo Pix - SECRETARIA DA RECEITA FEDERAL DO BRASIL - 00.394.460/0058-87 - BCO DO BRASIL S.A. (0001) Agência: 1607 Conta: 333666-2
13/06/2023	-404.91	6488e254-ed34-4fa6-80dc-10700146d55a	Transferência enviada pelo Pix - SECRETARIA DA RECEITA FEDERAL DO BRASIL - 00.394.460/0058-87 - BCO DO BRASIL S.A. (0001) Agência: 1607 Conta: 333666-2
13/06/2023	-1674.95	6488e284-0687-4218-9590-4f912ea98027	Transferência enviada pelo Pix - SECRETARIA DA RECEITA FEDERAL DO BRASIL - 00.394.460/0058-87 - BCO DO BRASIL S.A. (0001) Agência: 1607 Conta: 333666-2
14/06/2023	-334.4	64792dc6-1beb-4e9c-a7cd-1793e9c31848	Pagamento de boleto efetuado - Claro
14/06/2023	18186.16	6489ca83-1606-4151-bdf0-7d9c4244ace2	Transferência Recebida - EDUARDO GONCALVES PONS DIAS DA COSTA - •••.669.240-•• - Easynvest - Título Corretora de Valores SA (0140) Agência: 1 Conta: 742813-3
14/06/2023	-628.1	6489cdcb-2007-408a-b927-9a9db9ade581	Transferência enviada pelo Pix - SECRETARIA DA RECEITA FEDERAL DO BRASIL - 00.394.460/0058-87 - BCO DO BRASIL S.A. (0001) Agência: 1607 Conta: 333666-2
14/06/2023	-4600	648a19ea-2364-4a48-8b37-446dad9490b7	Transferência enviada pelo Pix - ELEVATO MATERIAIS DE CONSTRUCAO E DECORACAO LTDA - 87.305.850/0001-86 - COOP SICREDI UNIÃO METROLITANA Agência: 116 Conta: 13204-7
16/06/2023	-1500	648c7bb9-5144-45fc-a029-2f31872a617e	Transferência enviada pelo Pix - jerri Adriano Machado dias - •••.310.370-•• - NU PAGAMENTOS - IP (0260) Agência: 1 Conta: 98458273-3
17/06/2023	-46	648df6ce-3a09-4555-85fd-da38f169eb98	Transferência enviada pelo Pix - ASSOCIACAO PARA O DESENVOLVIMENTO DA EDUCACAO PERSONALIZADA ADEP - 12.947.194/0001-16 - COOP SICREDI UNIÃO METROLITANA Agência: 116 Conta: 10565-2
17/06/2023	-20	648e0b38-194c-48cc-98b3-21ddcab2122d	Transferência enviada pelo Pix - ASSOCIACAO PARA O DESENVOLVIMENTO DA EDUCACAO PERSONALIZADA ADEP - 12.947.194/0001-16 - COOP SICREDI UNIÃO METROLITANA Agência: 116 Conta: 10565-2
20/06/2023	-585.17	647f1edc-2dd6-456d-8622-ea6a6207a645	Pagamento de boleto efetuado - CEEE  RS
21/06/2023	-9836.99	6493273e-7f9b-443e-a2d7-bab49fb5ce00	Pagamento de fatura
21/06/2023	194.84	64932757-399b-4ce9-b622-25c7ec335dc4	Nubank Rewards - Dinheiro de volta
21/06/2023	-5300	649327cc-1460-4abf-ad75-4037ebedaefa	Transferência enviada pelo Pix - ELEVATO MATERIAIS DE CONSTRUCAO E DECORACAO LTDA - 87.305.850/0001-86 - COOP SICREDI UNIÃO METROLITANA Agência: 116 Conta: 13204-7
21/06/2023	-5000	64934bf4-1726-47a0-b7a7-88c6d334801f	Transferência enviada pelo Pix - CRISTIANO DOS SANTOS DUARTE - 03.146.140/0001-60 - BCO SANTANDER (BRASIL) S.A. (0033) Agência: 3738 Conta: 13002829-2
23/06/2023	-1500	64959ac4-f994-44e1-8d51-15431885dbc7	Transferência enviada pelo Pix - jerri Adriano Machado dias - •••.310.370-•• - NU PAGAMENTOS - IP (0260) Agência: 1 Conta: 98458273-3
26/06/2023	-990	649a05e9-3be4-47b5-9fdf-111696f254ea	Transferência enviada pelo Pix - ELEVATO MATERIAIS DE CONSTRUCAO E DECORACAO LTDA - 87.305.850/0001-86 - COOP SICREDI UNIÃO METROLITANA Agência: 116 Conta: 13204-7
28/06/2023	-800	649c24e6-07bb-481b-b722-1543aede89ba	Transferência enviada pelo Pix - EDUARDO GONCALVES PONS DIAS COSTA - •••.669.240-•• - BCO DO BRASIL S.A. (0001) Agência: 3334 Conta: 125923-7
28/06/2023	50866.82	649c6320-3e09-4f54-9873-8b121faed920	Transferência Recebida - EDUARDO GONCALVES PONS DIAS DA COSTA - 10.271.226/0001-80 - NU PAGAMENTOS - IP (0260) Agência: 1 Conta: 16234894-2
30/06/2023	-15800	649ec038-438b-45bf-bcc9-332dcf572bc5	Transferência enviada pelo Pix - EDUARDO GONCALVES PONS DIAS COSTA - •••.669.240-•• - BCO DO ESTADO DO RS S.A. (0041) Agência: 82 Conta: 358523050-4
30/06/2023	-889.7	649ed449-784b-47f8-af1b-e65a12c003b4	Transferência enviada pelo Pix - Ferragem Thony Ltda - 87.093.290/0001-43 - COOP SICREDI UNIÃO METROLITANA Agência: 116 Conta: 14106-0
30/06/2023	-1500	649ed4d1-8829-43d0-ae99-b4f33e003e79	Transferência enviada pelo Pix - jerri Adriano Machado dias - •••.310.370-•• - NU PAGAMENTOS - IP (0260) Agência: 1 Conta: 98458273-3
30/06/2023	-180	649ee145-583a-48cd-86ca-980df72922d0	Transferência enviada pelo Pix - PORTAL DOS VARAIS - 08.959.830/0001-52 - CAIXA ECONOMICA FEDERAL (0104) Agência: 434 Conta: 3000000000001294-1
01/05/2023	-200	64504eec-0349-4f84-b509-6c02d1182ddd	Transferência enviada pelo Pix - SONIA MARIA GONCALVES DIAS DA COSTA - •••.089.100-•• - BCO DO BRASIL S.A. (0001) Agência: 3537 Conta: 9195362-6
02/05/2023	-2214	638256fa-0c6e-40b8-a276-5e7820e7c9ad	Pagamento de boleto efetuado - ASSOCIACAO PARA O DESENVOLVIME
02/05/2023	-1992.6	63b5ae03-3694-4ac3-8486-06bd8a7ae37d	Pagamento de boleto efetuado - ASSOCIACAO PARA O DESENVOLVIME
02/05/2023	-500	642343ad-0789-49af-b716-2c8ad7c03204	Transferência enviada pelo Pix - Luiz Afonso Cidade da Rocha - •••.368.200-•• - BCO DO ESTADO DO RS S.A. (0041) Agência: 51 Conta: 351223130-0
03/05/2023	-334.4	6451bd80-3b51-4565-bdef-687300740b27	Pagamento de boleto efetuado - Claro
03/05/2023	-236.77	64531126-379e-429c-9a22-c8934df0190c	Transferência enviada pelo Pix - MELHORIDEIA NEGOCIOS DIGITAIS LTDA - 48.629.902/0001-18 - MERCADO PAGO IP LTDA. (0323) Agência: 1 Conta: 5746352464-4
04/05/2023	-16000	6453b6bf-da84-4092-88fe-e12ed6aa77ef	Transferência enviada pelo Pix - EDUARDO GONCALVES PONS DIAS COSTA - •••.669.240-•• - BCO DO ESTADO DO RS S.A. (0041) Agência: 82 Conta: 358523050-4
05/05/2023	-560	6454f3f0-9e49-4bd9-88c6-8eebdf1b9392	Transferência enviada pelo Pix - RUI BICHINHO CORREA - •••.163.090-•• - BCO DO ESTADO DO RS S.A. (0041) Agência: 50 Conta: 358502360-6
05/05/2023	-1500	64554269-fc3d-49ee-a34b-e5680cc7f872	Transferência enviada pelo Pix - jerri Adriano Machado dias - •••.310.370-•• - NU PAGAMENTOS - IP (0260) Agência: 1 Conta: 98458273-3
05/05/2023	-591.06	645542ea-e1c6-4e30-9b73-66bf3527f6ab	Pagamento de boleto efetuado - CEEE  RS
05/05/2023	-720	645588d3-7276-4c05-bbd1-66ff9a156db9	Transferência enviada pelo Pix - RENATA MUENZER PEREIRA - •••.644.750-•• - BANCO BTG PACTUAL S.A. (0208) Agência: 20 Conta: 382554-1
08/05/2023	-2871.21	6447d3c7-eb89-4454-a461-17a5b93d9f42	Pagamento de boleto efetuado - AUXILIADORA PREDIAL LTDA
08/05/2023	-1162.56	6459028e-a08a-4b84-b2f9-7d60761e903f	Transferência enviada pelo Pix - Ferragem Thony Ltda - 87.093.290/0001-43 - COOP SICREDI UNIÃO METROLITANA Agência: 116 Conta: 14106-0
08/05/2023	-166.21	6459ada5-2a8e-4bda-9791-21f4a38bf0da	Transferência enviada pelo Pix - FLORES ONLINE S A  - 02.926.572/0001-21 - ITAÚ UNIBANCO S.A. (0341) Agência: 300 Conta: 13759-3
08/05/2023	1563.3	6459ade6-34de-40f3-94d0-4f142d15ea2d	Nubank Rewards - Dinheiro de volta
09/05/2023	-1753.22	644a7a6d-681e-478d-afee-210eb2a641d3	Pagamento de boleto efetuado - NAO INFORMADO
10/05/2023	-95.73	645b9fe3-422c-42f2-834f-1661973fe0e4	Transferência enviada pelo Pix - PAYMONTT INTERM SERV BANCARIOS - 35.375.442/0001-05 - ITAÚ UNIBANCO S.A. (0341) Agência: 188 Conta: 26241-4
10/05/2023	-160	645c1122-4893-4464-b5a3-35ac1e0b34f1	Transferência enviada pelo Pix - MARCELO SANTOS DE OLIVEIRA - •••.193.190-•• - BCO C6 S.A. (0336) Agência: 1 Conta: 15470028-2
12/05/2023	-100	645e4c36-7015-44eb-9043-cb2496b8f34c	Transferência enviada pelo Pix - EVERSON SOBRAL RIBAS DA ROCHA - •••.069.780-•• - BCO DO ESTADO DO RS S.A. (0041) Agência: 100 Conta: 352893471-7
12/05/2023	-1500	645e8494-81e5-4a08-9f3a-3b9595063733	Transferência enviada pelo Pix - jerri Adriano Machado dias - •••.310.370-•• - NU PAGAMENTOS - IP (0260) Agência: 1 Conta: 98458273-3
13/05/2023	-220	64600e00-2c93-47d7-85f4-6b798296468c	Transferência enviada pelo Pix - SONIA MARIA GONCALVES DIAS DA COSTA - •••.089.100-•• - BCO DO BRASIL S.A. (0001) Agência: 3537 Conta: 9195362-6
15/05/2023	-225	6462248c-cc01-446a-ba88-96c33aa8b30b	Transferência enviada pelo Pix - SONIA MARIA GONCALVES DIAS DA COSTA - •••.089.100-•• - BCO DO BRASIL S.A. (0001) Agência: 3537 Conta: 9195362-6
15/05/2023	98	64625c92-6c01-4446-aab0-d27b51f07ec3	Transferência recebida pelo Pix - VIVIANE SOBRAL RIBAS DA ROCHA - •••.069.780-•• - BCO DO ESTADO DO RS S.A. (0041) Agência: 100 Conta: 352893470-9
15/05/2023	74	6462657e-23cb-45ac-ab0f-8b8ac26d8658	Transferência recebida pelo Pix - ADEMAR ANTONIO SARTORI - •••.914.450-•• - BCO DO ESTADO DO RS S.A. (0041) Agência: 100 Conta: 358526950-8
15/05/2023	49	64626d18-bb1f-4a2f-b1f2-c6f0843ba539	Transferência recebida pelo Pix - CINTHIA GONCALVES SARTORI - •••.662.820-•• - BCO DO ESTADO DO RS S.A. (0041) Agência: 100 Conta: 358610280-1
15/05/2023	98	64626e96-df9b-4918-9f3e-90e518973eb4	Transferência recebida pelo Pix - NILTON OTTON - •••.694.330-•• - BCO DO ESTADO DO RS S.A. (0041) Agência: 82 Conta: 351809070-9
15/05/2023	49	64627cc5-06b4-43c7-9821-ae7e50496e84	Transferência recebida pelo Pix - Gustavo Antonio Goncalves Sobral - •••.036.440-•• - PICPAY (0380) Agência: 1 Conta: 8207300-7
15/05/2023	65	6462c148-89b9-4e71-abe5-3a59f8810af5	Transferência recebida pelo Pix - EDUARDO PONS DIAS COSTA - •••.855.950-•• - BCO DO BRASIL S.A. (0001) Agência: 2821 Conta: 2746930-1
15/05/2023	49	6462c53b-4716-4f2e-965a-b680c75f8bf8	Transferência recebida pelo Pix - SONIA MARIA G COSTA - •••.089.100-•• - BCO DO BRASIL S.A. (0001) Agência: 3537 Conta: 9195362-6
16/05/2023	2293.17	6463ba48-1e74-45eb-b3c6-dc915cfa4c29	Transferência recebida pelo Pix - GUILHERME PINHO MACHADO - •••.606.120-•• - BCO DO ESTADO DO RS S.A. (0041) Agência: 77 Conta: 350765120-4
16/05/2023	-60	6463e185-d85c-4d88-b495-1e1cf5a98813	Transferência enviada pelo Pix - SONIA MARIA GONCALVES DIAS DA COSTA - •••.089.100-•• - BCO DO BRASIL S.A. (0001) Agência: 3537 Conta: 9195362-6
17/05/2023	50	6464eded-5453-40d4-b16e-66c9cb1e00b1	Transferência recebida pelo Pix - Thiago Goncalves Sartori - •••.811.790-•• - COOP SICREDI UNIÃO METROLITANA Agência: 116 Conta: 50890-1
17/05/2023	49	6464f96c-105b-4053-8217-8840ca3c6102	Transferência recebida pelo Pix - GUILHERME GONCALVES SARTORI - •••.591.160-•• - BCO BRADESCO S.A. (0237) Agência: 2276 Conta: 32942-8
17/05/2023	49	64652d6e-56aa-4b5a-af06-b1dd2f217536	Transferência recebida pelo Pix - JULIANO GONCALVES OTTON - •••.694.150-•• - BCO BRADESCO S.A. (0237) Agência: 2276 Conta: 30230-9
18/05/2023	-898	646650e5-4b46-45e2-bcd4-857e0454e536	Transferência enviada pelo Pix - MARGA REGINA DUARTE DOS SANTOS - •••.289.500-•• - BCO DO BRASIL S.A. (0001) Agência: 4848 Conta: 32146-0
19/05/2023	-2020	6467bf65-6b91-4e18-8d5b-ba3ac7780007	Transferência enviada pelo Pix - jerri Adriano Machado dias - •••.310.370-•• - NU PAGAMENTOS - IP (0260) Agência: 1 Conta: 98458273-3
21/05/2023	-16159.91	646aaefb-ac92-4f01-8ba4-f93131f50b71	Pagamento de fatura
22/05/2023	54583	646b69a8-c482-40cd-ad3a-9dfc29fb4983	Transferência Recebida - EDUARDO GONCALVES PONS DIAS DA COSTA - •••.669.240-•• - Easynvest - Título Corretora de Valores SA (0140) Agência: 1 Conta: 742813-3
23/05/2023	43504.35	646cf650-bcbd-4f7c-9c5e-ef41356967b0	Transferência Recebida - EDUARDO GONCALVES PONS DIAS DA COSTA - 10.271.226/0001-80 - NU PAGAMENTOS - IP (0260) Agência: 1 Conta: 16234894-2
23/05/2023	-497	646d1a83-a87a-4566-999c-6a256499fac4	Transferência enviada pelo Pix - Flávia Wagner de Almeida - •••.621.270-•• - BANCO INTER (0077) Agência: 1 Conta: 2244179-4
23/05/2023	-3458	646d1b2b-309e-4af5-87cc-55a5ad90fd6f	Transferência enviada pelo Pix - Ferragem Thony Ltda - 87.093.290/0001-43 - COOP SICREDI UNIÃO METROLITANA Agência: 116 Conta: 14106-0
25/05/2023	-14375.53	646f97a8-87e9-497c-8ee3-c6db750cc0e5	Transferência enviada pelo Pix - SUPERCENTER COMERCIO DE MOVEIS C. LTDA - 09.254.986/0001-09 - BCO BRADESCO S.A. (0237) Agência: 2932 Conta: 13610-7
25/05/2023	-2000	646fcf66-f76d-42f1-b245-28ca65d5fd04	Transferência enviada pelo Pix - LUIS PAULO RIBAS MATOSO - •••.719.180-•• - ITAÚ UNIBANCO S.A. (0341) Agência: 7465 Conta: 9361-0
26/05/2023	-1500	6470bca2-4549-4b8f-b7bf-83f2e4e87c16	Transferência enviada pelo Pix - jerri Adriano Machado dias - •••.310.370-•• - NU PAGAMENTOS - IP (0260) Agência: 1 Conta: 98458273-3
27/05/2023	-205	647276ba-3da1-4e6d-a852-df12a299bbf3	Transferência enviada pelo Pix - SONIA MARIA GONCALVES DIAS DA COSTA - •••.089.100-•• - BCO DO BRASIL S.A. (0001) Agência: 3537 Conta: 9195362-6
29/05/2023	-25000	6474a187-587a-4b56-9dea-240741fe3e04	Transferência enviada pelo Pix - Mmg Comercio De Pedras Ltda - 30.183.550/0001-54 - COOP SICREDI UNIÃO METROLITANA Agência: 116 Conta: 12581-6
30/05/2023	-15800	6475df00-fa4f-4fc4-99e7-331d5fd005a8	Transferência enviada pelo Pix - EDUARDO GONCALVES PONS DIAS COSTA - •••.669.240-•• - BCO DO ESTADO DO RS S.A. (0041) Agência: 82 Conta: 358523050-4
30/05/2023	-400	6475f4df-d36d-47d0-beff-94b0660f4c8f	Transferência enviada pelo Pix - AQUECEGAS - 45.511.181/0001-59 - COOP SICREDI UNIÃO METROLITANA Agência: 116 Conta: 18701-5
30/05/2023	-176	6476225a-fc42-4dcd-914e-b30f4d358d80	Transferência enviada pelo Pix - SONIA MARIA GONCALVES DIAS DA COSTA - •••.089.100-•• - BCO DO BRASIL S.A. (0001) Agência: 3537 Conta: 9195362-6
31/05/2023	-720	6477983e-7a10-48d3-9f8b-534918bc7fae	Transferência enviada pelo Pix - RUI BICHINHO CORREA - •••.163.090-•• - BCO DO ESTADO DO RS S.A. (0041) Agência: 50 Conta: 358502360-6
01/04/2023	-129.9	64289794-69cc-4bf4-8acc-b03de3a4f3ae	Transferência enviada pelo Pix - CARTPANDA - 26.224.823/0001-94 - TRANSFEERA IP S.A. Agência: 1 Conta: 5086224-0
02/04/2023	-500	6423428b-249f-4c90-a429-8fcf1b3a9198	Transferência enviada pelo Pix - Luiz Afonso Cidade da Rocha - •••.368.200-•• - BCO DO ESTADO DO RS S.A. (0041) Agência: 51 Conta: 351223130-0
03/04/2023	-2214	638256e7-b6e8-43ac-b32c-8aed98cf792e	Pagamento de boleto efetuado - ASSOCIACAO PARA O DESENVOLVIME
03/04/2023	-1992.6	63b5aded-44c5-4140-aead-289074606884	Pagamento de boleto efetuado - ASSOCIACAO PARA O DESENVOLVIME
03/04/2023	-83	642b139b-66fa-49ca-89ec-fbc35e40ede0	Transferência enviada pelo Pix - CARLA FERNANDA LEAO BARCELLOS - •••.813.690-•• - BCO DO BRASIL S.A. (0001) Agência: 4848 Conta: 7115-3
04/04/2023	-3333.33	642c31e0-f373-414c-985a-d4ab29541407	Transferência enviada pelo Pix - TRANS GUINCHO CARLINHOS - 04.187.838/0001-97 - CAIXA ECONOMICA FEDERAL (0104) Agência: 1150 Conta: 3000000000001333-5
04/04/2023	-323.82	642c8a50-9546-4a5a-b519-c1eb21b9eaee	Transferência enviada pelo Pix - FIBER TECHNICAL TECELAGEM LTDA - 26.153.970/0001-10 - MERCADO PAGO IP LTDA. (0323) Agência: 1 Conta: 9080983349-6
04/04/2023	-168.36	642cc183-9583-4824-bdeb-3ed884564fc9	Transferência enviada pelo Pix - EDUARDO GONCALVES PONS DIAS COSTA - •••.669.240-•• - BCO DO ESTADO DO RS S.A. (0041) Agência: 82 Conta: 358523050-4
05/04/2023	-875.61	642d837e-650f-4601-932d-47d10fef4844	Pagamento de boleto efetuado - CIA ESTADUAL DE DIST
06/04/2023	-1253.39	6424730f-1ccb-4c89-9041-ca4093d69a3a	Pagamento de boleto efetuado - AUXILIADORA PREDIAL LTDA
06/04/2023	1900	642e44ee-58b2-4826-b96b-074ad8025e0f	Nubank Rewards - Dinheiro de volta
06/04/2023	-2650	642ec636-2e43-449e-9a07-945a046f4e81	Transferência enviada pelo Pix - Optica Foernges Ltda - 92.690.155/0001-15 - BCO BRADESCO S.A. (0237) Agência: 491 Conta: 655332-0
06/04/2023	76	642f45be-f817-46a5-a238-4be3f785a187	Transferência Recebida - Fernando Gemelli Eick - •••.478.940-•• - NU PAGAMENTOS - IP (0260) Agência: 1 Conta: 1967303-7
08/04/2023	-15	64319d77-81a7-410f-9c8e-985b8f17dd4e	Transferência enviada pelo Pix - cleison michelotti da silva - •••.177.290-•• - NU PAGAMENTOS - IP (0260) Agência: 1 Conta: 56440819-6
10/04/2023	-11224.34	643239a1-23f0-473f-bb19-a1264e84314e	Pagamento de boleto efetuado - BRADESCO
10/04/2023	-3500	64349688-175a-4f98-bb4d-f3a36018d6be	Transferência enviada pelo Pix - LUIS PAULO RIBAS MATOSO - •••.719.180-•• - ITAÚ UNIBANCO S.A. (0341) Agência: 7465 Conta: 9361-0
11/04/2023	-591.97	643587ae-a4ea-4f45-8577-a1cf682bc918	Transferência enviada pelo Pix - COFERCAN - 87.361.747/0001-53 - ITAÚ UNIBANCO S.A. (0341) Agência: 4880 Conta: 6683-4
12/04/2023	-134	6436a541-f687-49f0-8a98-64945cebbdc6	Transferência enviada pelo Pix - Flávia Wagner de Almeida - •••.621.270-•• - BANCO INTER (0077) Agência: 1 Conta: 2244179-4
12/04/2023	-16000	6436a613-93d8-41dd-9c2b-33ade78385b2	Transferência enviada pelo Pix - Flávia Wagner de Almeida - •••.621.270-•• - BANCO INTER (0077) Agência: 1 Conta: 2244179-4
13/04/2023	-333.5	6438229d-f99b-489f-8949-95fbcf4f19c3	Pagamento de boleto efetuado - Claro
13/04/2023	-3131	64385839-f2bc-4c3a-a932-352e1ab6a347	Transferência enviada pelo Pix - Ferragem Thony Ltda - 87.093.290/0001-43 - COOP SICREDI UNIÃO METROLITANA Agência: 116 Conta: 14106-0
13/04/2023	-300	64385c4d-8577-4595-85db-88d1fb34d045	Transferência enviada pelo Pix - Luiz Afonso Cidade da Rocha - •••.368.200-•• - BCO DO ESTADO DO RS S.A. (0041) Agência: 51 Conta: 351223130-0
13/04/2023	-3166.49	64385c81-a84c-4f66-8f0c-3714ab697193	Transferência enviada pelo Pix - SECRETARIA DA RECEITA FEDERAL DO BRASIL - 00.394.460/0058-87 - BCO DO BRASIL S.A. (0001) Agência: 1607 Conta: 333666-2
14/04/2023	1304.5	64395c3a-65af-4d05-9fab-69086dd85f31	Transferência Recebida - IMPORTADORA AMERICANA LTDA - 60.725.975/0001-09 - BCO DO ESTADO DO RS S.A. (0041) Agência: 45 Conta: 60190350-6
14/04/2023	-29500	64398fa2-a637-4ae7-bcf2-c397aba179bf	Transferência enviada pelo Pix - ELEVATO MATERIAIS DE CONSTRUCAO E DECORACAO LTDA - 87.305.850/0001-86 - COOP SICREDI UNIÃO METROLITANA Agência: 116 Conta: 13204-7
14/04/2023	-214.2	6439ae41-2e80-4e9b-bbd9-b3200588048f	Transferência enviada pelo Pix - VEPPO CIA LIMITADA - 92.660.760/0001-43 - FLAGSHIP IP LTDA Agência: 64 Conta: 102593-7
15/04/2023	-7000	643ab91f-ff7c-4b8a-8033-5f19e155afea	Transferência enviada pelo Pix - KLAUS MOREIRA MARTINS 03067511000 - 40.303.035/0001-14 - PAGSEGURO INTERNET IP S.A. (0290) Agência: 1 Conta: 27752016-9
15/04/2023	-10	643b0c81-7fa6-4066-a712-1b470ae79163	Transferência enviada pelo Pix - Jorge Luiz Fuhr - •••.736.890-•• - NU PAGAMENTOS - IP (0260) Agência: 1 Conta: 60516875-3
16/04/2023	-45	643c4abf-89bf-4af1-ae79-5818b32d64a7	Transferência enviada pelo Pix - Tectombr Comercio e Solucoes em Esportes e Lazer LTDA - 15.718.566/0001-20 - PAGSEGURO INTERNET IP S.A. (0290) Agência: 1 Conta: 32466220-4
16/04/2023	-180	643c6aa6-40f5-47fa-93c8-c2a8e08f537f	Transferência enviada pelo Pix - SONIA MARIA GONCALVES DIAS DA COSTA - •••.089.100-•• - BCO DO BRASIL S.A. (0001) Agência: 3537 Conta: 9195362-6
18/04/2023	-2500	643ec864-704e-4386-ada3-801be56f8643	Transferência enviada pelo Pix - jerri Adriano Machado dias - •••.310.370-•• - NU PAGAMENTOS - IP (0260) Agência: 1 Conta: 98458273-3
18/04/2023	-5840	643ec8be-49ef-47be-8c5f-3ac8c650592c	Transferência enviada pelo Pix - Robinson Roberto Espindola - •••.755.200-•• - NU PAGAMENTOS - IP (0260) Agência: 1 Conta: 51108239-9
18/04/2023	-1610.28	643ed5d1-d466-47ac-a195-8878c09d5ac5	Transferência enviada pelo Pix - Ferragem Thony Ltda - 87.093.290/0001-43 - COOP SICREDI UNIÃO METROLITANA Agência: 116 Conta: 14106-0
20/04/2023	-102	644176ab-b833-4608-a5c6-9119de7645f0	Transferência enviada pelo Pix - Ferragem Thony Ltda - 87.093.290/0001-43 - COOP SICREDI UNIÃO METROLITANA Agência: 116 Conta: 14106-0
20/04/2023	-1980.89	6441783a-e365-4524-8214-0d18f4942c38	Transferência enviada pelo Pix - EDUARDO GONCALVES PONS DIAS COSTA - •••.669.240-•• - BCO DO ESTADO DO RS S.A. (0041) Agência: 82 Conta: 358523050-4
22/04/2023	-62	6444425e-e4d3-4562-b722-75766497b6f4	Compra no débito - Cafe Na Hora
22/04/2023	-12690.92	644461c6-6ff8-42eb-a4f4-b4cb97ffd31b	Pagamento de fatura
26/04/2023	-1902	64491df8-3912-4e9c-b151-7d7118d0eb3e	Transferência enviada pelo Pix - Ferragem Thony Ltda - 87.093.290/0001-43 - COOP SICREDI UNIÃO METROLITANA Agência: 116 Conta: 14106-0
26/04/2023	-272.17	644976d5-4159-4031-b171-efd910877afe	Transferência enviada pelo Pix - jerri Adriano Machado dias - •••.310.370-•• - NU PAGAMENTOS - IP (0260) Agência: 1 Conta: 98458273-3
26/04/2023	50660.2	64498556-b043-4d08-ad7a-eb54a348b1c7	Transferência Recebida - EDUARDO GONCALVES PONS DIAS DA COSTA - 10.271.226/0001-80 - NU PAGAMENTOS - IP (0260) Agência: 1 Conta: 16234894-2
28/04/2023	-121	644bae5a-8c10-43b1-ac82-f72db96f113d	Transferência enviada pelo Pix - Ferragem Thony Ltda - 87.093.290/0001-43 - COOP SICREDI UNIÃO METROLITANA Agência: 116 Conta: 14106-0
28/04/2023	-2500	644bbb4c-e3df-44b3-aaeb-55595d9dc1cd	Transferência enviada pelo Pix - jerri Adriano Machado dias - •••.310.370-•• - NU PAGAMENTOS - IP (0260) Agência: 1 Conta: 98458273-3
28/04/2023	-13	644bc666-5ed2-4daa-902a-1b6bf32bf0f0	Transferência enviada pelo Pix - AAA ABRE TI SESAMO - 00.584.801/0001-41 - ITAÚ UNIBANCO S.A. (0341) Agência: 280 Conta: 37425-7
28/04/2023	-423	644c11d8-6b43-4b0f-b412-b98f676a226b	Transferência enviada pelo Pix - MARGA REGINA DUARTE DOS SANTOS - •••.289.500-•• - BCO DO BRASIL S.A. (0001) Agência: 4848 Conta: 32146-0
28/04/2023	-225.18	644c126d-6dd1-45ab-982c-ffd8a40047fd	Transferência enviada pelo Pix - KLAUS MOREIRA MARTINS 03067511000 - 40.303.035/0001-14 - PAGSEGURO INTERNET IP S.A. (0290) Agência: 1 Conta: 27752016-9
28/04/2023	-8280	644c1302-07b4-4050-80af-aba4a2e521d9	Transferência enviada pelo Pix - CASA LUDICA FESTAS E EVENTOS LTDA - 30.665.043/0001-57 - BCO SANTANDER (BRASIL) S.A. (0033) Agência: 3735 Conta: 13002098-1
01/03/2023	-1992.6	63b5add2-d914-4f8c-a545-6f9e478f2b82	Pagamento de boleto efetuado - ASSOCIACAO PARA O DESENVOLVIME
02/03/2023	-2214	638256cd-57aa-4d9e-a9f9-91bdae3a0697	Pagamento de boleto efetuado - ASSOCIACAO PARA O DESENVOLVIME
02/03/2023	-500	63bf08eb-8f36-42b9-99bb-244397d003bc	Transferência enviada pelo Pix - Luiz Afonso Cidade da Rocha - •••.368.200-•• - BCO DO ESTADO DO RS S.A. (0041) Agência: 51 Conta: 351223130-0
02/03/2023	-322.31	64009fc7-f6b9-4166-ae83-89083c3da4ed	Pagamento de boleto efetuado - CLARO SA
02/03/2023	53031.18	6400cc5d-6a93-4b77-aa3c-82021c5a7a26	Transferência Recebida - EDUARDO GONCALVES PONS DIAS DA COSTA - 10.271.226/0001-80 - NU PAGAMENTOS - IP (0260) Agência: 1 Conta: 16234894-2
07/03/2023	-775.05	64073850-ece2-46a9-9abe-0d543ed576d2	Pagamento de boleto efetuado - CEEE  RS
07/03/2023	-110	64073e10-8b20-4fc2-99f9-f8e50085bb1f	Transferência enviada pelo Pix - SONIA MARIA GONCALVES DIAS DA COSTA - •••.089.100-•• - BCO DO BRASIL S.A. (0001) Agência: 3537 Conta: 9195362-6
07/03/2023	-185.24	64075d26-0804-4b18-9455-2699e6db2a90	Transferência enviada pelo Pix - Luiz Afonso Cidade da Rocha - •••.368.200-•• - BCO DO ESTADO DO RS S.A. (0041) Agência: 51 Conta: 351223130-0
09/03/2023	-1820.05	63f2ac4b-7bcf-4baf-aedc-a203736dc093	Pagamento de boleto efetuado - AUXILIADORA PREDIAL LTDA
09/03/2023	-1421.13	63fcb6e1-4221-4ea2-94fa-981994363986	Pagamento de boleto efetuado - NAO INFORMADO
10/03/2023	-1260	640b369d-58f7-4c6e-b4d3-7d2af325434c	Transferência enviada pelo Pix - MOACIR INACIO DA SILVEIRA - •••.463.440-•• - ITAÚ UNIBANCO S.A. (0341) Agência: 3003 Conta: 7869-2
11/03/2023	-14	640cae3b-c593-4814-937e-688d08f3ee5b	Transferência enviada pelo Pix - RUBIO PASSOS VIDAL JUNIOR                - •••.081.390-•• - BCO BRADESCO S.A. (0237) Agência: 325 Conta: 14636-6
16/03/2023	-5658.01	64137d6f-7ad5-4468-9758-e28cc25405c7	Transferência enviada pelo Pix - IMPORTADORA AMERICANA LTDA - 60.725.975/0001-09 - ITAÚ UNIBANCO S.A. (0341) Agência: 328 Conta: 15577-5
18/03/2023	-14	6415e44c-2c0d-4990-9308-6a498ef666e0	Transferência enviada pelo Pix - GIOVANE SANTOS DA ROSA - •••.313.900-•• - BCO DO ESTADO DO RS S.A. (0041) Agência: 1800 Conta: 350230850-1
20/03/2023	-15519.53	6417e038-9104-4d2c-950b-b5857ac797d8	Pagamento de fatura
20/03/2023	-110	64188532-c430-4314-9385-857047853309	Transferência enviada pelo Pix - SONIA MARIA GONCALVES DIAS DA COSTA - •••.089.100-•• - BCO DO BRASIL S.A. (0001) Agência: 3537 Conta: 9195362-6
20/03/2023	-95	6418b2c3-2436-46cf-a100-b33415b8e3e5	Transferência enviada pelo Pix - SONIA MARIA GONCALVES DIAS DA COSTA - •••.089.100-•• - BCO DO BRASIL S.A. (0001) Agência: 3537 Conta: 9195362-6
21/03/2023	-50	641a564e-02d9-41a6-bdf1-8386d8643ccf	Transferência enviada pelo Pix - Mario Ferreira Cascao Junior - •••.130.120-•• - MERCADO PAGO IP LTDA. (0323) Agência: 1 Conta: 8009408040-6
24/03/2023	-426.15	641df159-ce67-4d56-8b56-6901f8ac28e8	Compra no débito - Federal Express Corp.
25/03/2023	-264	641f0169-080b-49cd-950b-265ff03d9d5a	Transferência enviada pelo Pix - Carolina Izabel Quartin Magalhaes - •••.829.758-•• - MERCADO PAGO IP LTDA. (0323) Agência: 1 Conta: 9230088309-4
25/03/2023	-14	641f153f-36c8-4309-b540-742ea4f35d8b	Transferência enviada pelo Pix - RUBIO PASSOS VIDAL JUNIOR                - •••.081.390-•• - BCO BRADESCO S.A. (0237) Agência: 325 Conta: 14636-6
25/03/2023	120	641f60ac-e465-4288-8ab3-4eb933ea7237	Transferência recebida pelo Pix - ARTHUR MARIA FERREIRA NT - •••.672.920-•• - BCO DO BRASIL S.A. (0001) Agência: 4899 Conta: 11666-1
27/03/2023	-1420.68	6421973a-f6aa-4231-980f-0410c67282c8	Pagamento de boleto efetuado - NAO INFORMADO
27/03/2023	-260	6421d81b-82d9-4079-89c5-59497e6bf751	Transferência enviada pelo Pix - EDUARDO GONCALVES PONS DIAS COSTA - •••.669.240-•• - BCO DO ESTADO DO RS S.A. (0041) Agência: 82 Conta: 358523050-4
28/03/2023	-2475.86	6423411a-2029-49b5-a03b-a2fda47fc81d	Transferência enviada pelo Pix - COFERCAN - 87.361.747/0001-53 - ITAÚ UNIBANCO S.A. (0341) Agência: 4880 Conta: 6683-4
29/03/2023	-800	64248e65-588d-491b-b033-217806c5c7bc	Transferência enviada pelo Pix - RUI BICHINHO CORREA - •••.163.090-•• - BCO DO ESTADO DO RS S.A. (0041) Agência: 50 Conta: 358502360-6
29/03/2023	-7500	64249a42-c814-43fc-bc60-e197f8d7d392	Transferência enviada pelo Pix - KLAUS MOREIRA MARTINS 03067511000 - 40.303.035/0001-14 - PAGSEGURO INTERNET IP S.A. (0290) Agência: 1 Conta: 27752016-9
29/03/2023	-1296	6424f368-6867-41e3-a50f-710f5144615a	Transferência enviada pelo Pix - UHUU.COM - 28.269.175/0001-18 - PAYMEE BRASIL Agência: 1 Conta: 1057-4
30/03/2023	44877.34	6425fbad-cc1a-4f66-8cb2-5b87650a7f48	Transferência Recebida - EDUARDO GONCALVES PONS DIAS DA COSTA - 10.271.226/0001-80 - NU PAGAMENTOS - IP (0260) Agência: 1 Conta: 16234894-2
30/03/2023	-30	6425fbef-3395-4c3f-8b60-c952f3237fbf	Transferência enviada pelo Pix - COFERCAN - 87.361.747/0001-53 - ITAÚ UNIBANCO S.A. (0341) Agência: 4880 Conta: 6683-4
30/03/2023	-550	6425fd25-8652-4477-9f44-c96fe4abc9b8	Transferência enviada pelo Pix - Luiz Afonso Cidade da Rocha - •••.368.200-•• - BCO DO ESTADO DO RS S.A. (0041) Agência: 51 Conta: 351223130-0
31/03/2023	40000	6426eb10-9e0b-478d-b9a3-8cb6b9c9ea30	Transferência Recebida - MARILIA GEMELLI EICK - •••.575.500-•• - BCO DO BRASIL S.A. (0001) Agência: 5770 Conta: 23243-2
31/03/2023	-550	6426f1fa-ccd9-4d7e-980b-34ed58255c4d	Pagamento de boleto efetuado - DARF
31/03/2023	-2987.06	6426f246-5c48-4743-ad13-068b1607a5d1	Transferência enviada pelo Pix - SECRETARIA DA RECEITA FEDERAL DO BRASIL - 00.394.460/0058-87 - BCO DO BRASIL S.A. (0001) Agência: 1607 Conta: 333666-2
01/02/2023	-1992.6	63b5adbc-3573-451b-80f0-d6b2fe7184a9	Pagamento de boleto efetuado - ASSOCIACAO PARA O DESENVOLVIME
02/02/2023	-2214	638256b8-b73f-4000-ac6e-ccbe2a7d6009	Pagamento de boleto efetuado - ASSOCIACAO PARA O DESENVOLVIME
02/02/2023	-500	63bf08da-a060-42b4-86e5-170af849feef	Transferência enviada pelo Pix - Luiz Afonso Cidade da Rocha - •••.368.200-•• - BCO DO ESTADO DO RS S.A. (0041) Agência: 51 Conta: 351223130-0
02/02/2023	-322.31	63dba6b2-6994-49c2-a561-0a42ab03c172	Pagamento de boleto efetuado - CLARO SA
02/02/2023	-200	63dc6341-b842-429c-abb1-74c7c78541df	Transferência enviada pelo Pix - Julia Machado Lemos da Silva - •••.963.910-•• - NU PAGAMENTOS - IP (0260) Agência: 1 Conta: 56871969-3
03/02/2023	-80	63dd42a6-70e1-40e7-8f34-3d9f8f079e7a	Transferência enviada pelo Pix - Marília Gemelli Eick - •••.575.500-•• - NU PAGAMENTOS - IP (0260) Agência: 1 Conta: 34749528-5
04/02/2023	-278	63de9825-ed70-4c1f-855e-5970a4b246fc	Transferência enviada pelo Pix - SONIA MARIA GONCALVES DIAS DA COSTA - •••.089.100-•• - BCO DO BRASIL S.A. (0001) Agência: 3537 Conta: 9195362-6
06/02/2023	-1962.73	63d277bb-a300-4d9a-b5f8-631457166bb9	Pagamento de boleto efetuado - AUXILIADORA PREDIAL LTDA
06/02/2023	-10923.71	63de5a51-c017-43ae-bc1f-f85ca6da1005	Pagamento de boleto efetuado - PREF PORTO ALEGRE
06/02/2023	-115.95	63de5aab-2052-4be4-a80e-67682bef82cf	Pagamento de boleto efetuado - PREF PORTO ALEGRE
06/02/2023	-172.93	63de5b21-3d11-405b-816f-a97819ffee1b	Pagamento de boleto efetuado - PREF PORTO ALEGRE
07/02/2023	-680.8	63e23f78-7508-4584-85aa-228f2cbffcac	Pagamento de boleto efetuado - CEEE  RS
08/02/2023	-550	63e3d9e9-09e1-4101-b82e-7d374a863f92	Pagamento de boleto efetuado - GPS
08/02/2023	-1652.82	63e3da1a-6f14-4c6b-a150-70837fc82a78	Pagamento de boleto efetuado - DAS - Simples Nacional
09/02/2023	-1521.81	63d3d779-1a61-4b45-93bc-ed8a45d16c9c	Pagamento de boleto efetuado - NAO INFORMADO
10/02/2023	-5000	63e69126-f90f-4fc4-b9c0-450b2cdbd176	Transferência enviada - EDUARDO GONCALVES PONS DIAS COSTA - •••.669.240-•• - Easynvest - Título Corretora de Valores SA (0140) Agência: 1 Conta: 742813-3
12/02/2023	-50	63e90307-8147-4641-a363-ea103564ae19	Transferência enviada pelo Pix Saque - SAQUE E PAGUE R - 12.901.364/0001-21 - BANCO TOPÁZIO S.A. (0082) Agência: 1 Conta: 4805516-4
13/02/2023	-1744	63ea5553-e07c-4651-a151-193e6f68f012	Transferência enviada pelo Pix - Gustavo Allebrandt - •••.238.900-•• - ITAÚ UNIBANCO S.A. (0341) Agência: 6941 Conta: 5203-4
19/02/2023	-160	63f23e9e-304d-4cc9-978d-bf611db4f851	Transferência enviada pelo Pix - SONIA MARIA GONCALVES DIAS DA COSTA - •••.089.100-•• - BCO DO BRASIL S.A. (0001) Agência: 3537 Conta: 9195362-6
19/02/2023	-20	63f2bbb2-69e9-4ebf-8055-cbc1e6512149	Transferência enviada pelo Pix - Ricardo de Azevedo ferri  - •••.226.230-•• - NU PAGAMENTOS - IP (0260) Agência: 1 Conta: 85804873-2
20/02/2023	-12149.64	63f2e996-dfa7-40e5-8569-6d6beb61b49e	Pagamento de fatura
22/02/2023	-24	63f628f4-ad35-4da3-94e8-b46d211f2fea	Transferência enviada pelo Pix - JUAREZ DE OLIVEIRA ROSA - •••.457.710-•• - CAIXA ECONOMICA FEDERAL (0104) Agência: 911 Conta: 1288000000916554695-0
23/02/2023	-250	63f76f7c-4161-45ad-b017-2c0346ac123c	Transferência enviada pelo Pix - SONIA MARIA GONCALVES DIAS DA COSTA - •••.089.100-•• - BCO DO BRASIL S.A. (0001) Agência: 3537 Conta: 9195362-6
24/02/2023	-614	63f8bc24-6104-45be-98cb-e5d643d6ae6a	Transferência enviada pelo Pix - EDUARDO GONCALVES PONS DIAS DA COSTA - 10.271.226/0001-80 - BCO DO ESTADO DO RS S.A. (0041) Agência: 82 Conta: 61833740-9
24/02/2023	-5658	63f90fef-1f9a-4d35-a590-a7210a0a4e69	Transferência enviada pelo Pix - IMPORTADORA AMERICANA LTDA - 60.725.975/0001-09 - ITAÚ UNIBANCO S.A. (0341) Agência: 328 Conta: 15577-5
27/02/2023	-2000	63fd6499-2b6f-454d-b184-7aacf357c5eb	Transferência enviada pelo Pix - GIULIANO DEBONI - •••.965.480-•• - BCO C6 S.A. (0336) Agência: 1 Conta: 23359768-9
02/01/2023	-1107	63825698-6c3f-4b0a-bab5-d41b4976e248	Pagamento de boleto efetuado - ASSOCIACAO PARA O DESENVOLVIME
02/01/2023	-322.31	63b35058-ba0f-45f4-8334-468b88b47ead	Transferência enviada pelo Pix - CLARO - 40.432.544/0001-47 - ITAÚ UNIBANCO S.A. (0341) Agência: 911 Conta: 6206-5
02/01/2023	-12	63b37673-77d6-4823-a70e-2fd32d5be90e	Transferência enviada pelo Pix - SUSHI YA - 42.646.881/0001-62 - COOP SICREDI CAMINHO DAS ÁGUAS RS Agência: 109 Conta: 52916-7
03/01/2023	-10	63b474da-b77b-4839-9257-1035ec1c5eb7	Transferência enviada pelo Pix - JESSICA MACHADO - •••.974.420-•• - CAIXA ECONOMICA FEDERAL (0104) Agência: 500 Conta: 1288000000809332689-6
03/01/2023	-10	63b4af81-4ad8-46fb-b45c-5f364dc8221c	Transferência enviada pelo Pix - PAULO RODRIGO DE SOUZA 00519038061 - 25.110.193/0001-64 - CCLA SUL CATARINENSE Agência: 3074 Conta: 94488-2
03/01/2023	-10.01	63b4b106-1616-45d4-b6d0-6272b29e0da0	Transferência enviada pelo Pix - PAULO RODRIGO DE SOUZA 00519038061 - 25.110.193/0001-64 - CCLA SUL CATARINENSE Agência: 3074 Conta: 94488-2
04/01/2023	-2033.04	63b5ad4f-dc51-4f5e-94db-d16d53770839	Pagamento de boleto efetuado - ASSOCIACAO PARA O DESENVOLVIME
05/01/2023	-549.25	63b6d166-5323-4e5e-b6e8-b54ca3794c32	Pagamento de boleto efetuado - CEEE  RS
05/01/2023	-237	63b75861-2df6-4d98-95fa-315a2c85619f	Transferência enviada pelo Pix - Émellyn Ribas da Rocha - •••.213.650-•• - NU PAGAMENTOS - IP (0260) Agência: 1 Conta: 3236994-8
06/01/2023	-1963.29	63b82909-1bae-4e58-a5c5-7ed64321e942	Pagamento de boleto efetuado - AUXILIADORA PREDIAL LTDA
06/01/2023	-2878.88	63b835f1-4eca-4114-9961-c101f1ea4c89	Pagamento de boleto efetuado - PREF PORTO ALEGRE
06/01/2023	-113.93	63b83617-e98d-4342-8a69-b2f7420f3092	Pagamento de boleto efetuado - PREF PORTO ALEGRE
06/01/2023	-247.73	63b83636-997e-445b-9b9d-5c1f36a8d95f	Pagamento de boleto efetuado - PREF PORTO ALEGRE
06/01/2023	-10	63b878c9-20b3-40a8-8c59-572041a92b6d	Transferência enviada pelo Pix - FERNANDA SCHEFFER DA SILVA - •••.061.470-•• - PAGSEGURO INTERNET IP S.A. (0290) Agência: 1 Conta: 44389210-4
06/01/2023	-10	63b8c080-0e9d-477a-a008-abcea17fabf0	Transferência enviada pelo Pix - Ricardo de Azevedo ferri  - •••.226.230-•• - NU PAGAMENTOS - IP (0260) Agência: 1 Conta: 85804873-2
09/01/2023	-10	63bc216e-8d68-4a6a-b38b-a829235d773d	Transferência enviada pelo Pix - GARDEL DOS SANTOS - •••.713.660-•• - BANCO INTER (0077) Agência: 1 Conta: 21160085-7
09/01/2023	-10	63bc3375-bb18-49e8-8acb-73fafeed20e2	Transferência enviada pelo Pix - TATIANE BORBA PANTA - •••.029.310-•• - BANCO INTER (0077) Agência: 1 Conta: 5465116-6
10/01/2023	-320	63bd8735-3eb5-4bae-a5c9-83b85d1d6b01	Transferência enviada pelo Pix - SONIA MARIA GONCALVES DIAS DA COSTA - •••.089.100-•• - BCO DO BRASIL S.A. (0001) Agência: 3537 Conta: 9195362-6
11/01/2023	-500	63bf08c3-45ef-40f3-87d6-4e0c2463d4b2	Transferência enviada pelo Pix - Luiz Afonso Cidade da Rocha - •••.368.200-•• - BCO DO ESTADO DO RS S.A. (0041) Agência: 51 Conta: 351223130-0
11/01/2023	-550	63bf0d90-489d-4442-82e8-0e4e4d10742c	Pagamento de boleto efetuado - GPS
11/01/2023	-1591.81	63bf0dc7-dc82-4955-9594-a80f719b4afd	Pagamento de boleto efetuado - DAS - Simples Nacional
13/01/2023	-80	63c171af-ece5-4978-8448-35353fa7e9fe	Transferência enviada pelo Pix - SONIA MARIA GONCALVES DIAS DA COSTA - •••.089.100-•• - BCO DO BRASIL S.A. (0001) Agência: 3537 Conta: 9195362-6
14/01/2023	-14	63c2ccd8-3c0d-4ad6-9b4d-d4bad3412984	Compra no débito - Ok Park
16/01/2023	-12	63c5639c-e3a9-4aed-81aa-1ed90795e2b8	Transferência enviada pelo Pix - ABEL DOS SANTOS - •••.424.770-•• - CAIXA ECONOMICA FEDERAL (0104) Agência: 461 Conta: 1288000000867439866-7
17/01/2023	-22	63c6b7f8-2674-477f-baeb-56be0c6cb488	Transferência enviada pelo Pix - ROSIMAIRA DIAS - •••.259.500-•• - CAIXA ECONOMICA FEDERAL (0104) Agência: 478 Conta: 1288000000809370481-5
17/01/2023	-35	63c6bb96-e26b-48a5-bfdd-0fe6a32d21f5	Transferência enviada pelo Pix - JORGE ELI ABREU DIAS - •••.557.070-•• - CAIXA ECONOMICA FEDERAL (0104) Agência: 472 Conta: 1288000000814718393-1
17/01/2023	-900	63c71320-f2e8-46df-b149-52f7384991e5	Transferência enviada pelo Pix - DORVAL ANTONIO CORREA - •••.070.490-•• - ITAÚ UNIBANCO S.A. (0341) Agência: 3841 Conta: 37124-2
18/01/2023	-10	63c887f8-f733-4a4e-b480-8d4f083cbcf4	Transferência enviada pelo Pix - Maycon Gustavo da Silva Barbosa - •••.694.360-•• - NU PAGAMENTOS - IP (0260) Agência: 1 Conta: 36675036-8
20/01/2023	-14134.52	63ca0d30-599d-470f-97d3-9343fb25fdcf	Pagamento de fatura
20/01/2023	-10	63ca9f16-d2ce-4e90-bb87-b858aa31696f	Transferência enviada pelo Pix - GEFERSON ANDRE FETTER - •••.434.060-•• - PAGSEGURO INTERNET IP S.A. (0290) Agência: 1 Conta: 16946936-8
20/01/2023	-4563.1	63cacaac-d8da-438b-8f51-3b94e1dba57b	Pagamento de boleto efetuado - PREF PORTO ALEGRE
21/01/2023	-25	63cbfbf0-97fc-499e-9b94-c49e2a7e9154	Transferência enviada pelo Pix - NILVA DE OLIVEIRA - •••.012.270-•• - CAIXA ECONOMICA FEDERAL (0104) Agência: 2266 Conta: 1288000000848729154-4
21/01/2023	-80	63cc2143-6fba-44ad-8eb9-22b92cff54d5	Transferência enviada pelo Pix - Kelly Tressoldi Da Silva Do Prado - •••.358.850-•• - BCO ITAUCARD S.A. Agência: 500 Conta: 11443387-3
25/01/2023	-140	63d14380-1dd5-4bce-a73f-92b761e1f12e	Transferência enviada pelo Pix - SONIA MARIA GONCALVES DIAS DA COSTA - •••.089.100-•• - BCO DO BRASIL S.A. (0001) Agência: 3537 Conta: 9195362-6
26/01/2023	54119.91	63d2a5aa-091b-4b1a-9b0a-e2299d804318	Transferência Recebida - EDUARDO GONCALVES PONS DIAS DA COSTA - 10.271.226/0001-80 - NU PAGAMENTOS - IP (0260) Agência: 1 Conta: 16234894-2
27/01/2023	-51.46	63d41af3-263d-4ef8-9356-fc8f8c2944e3	Transferência enviada pelo Pix - NINO JOSE CANANI - •••.865.900-•• - BCO DO BRASIL S.A. (0001) Agência: 1248 Conta: 113008-0
30/01/2023	-44	63d7c9f3-79f5-4d9f-9762-ac230efcdc41	Pagamento de boleto efetuado - AUXILIADORA PREDIAL LTDA
20 JUL Pagamento em 20 JUL 9.340,05
21 JUL Paypal *Www.Plex.Tv Pa
BRL 25,19 = USD 5,25
Conversão: BRL 4,80 = USD 1 = R$ 4,98

26,15

21 JUL Google Storage 69,99
21 JUL IOF de "Paypal *Www.Plex.Tv Pa" 1,41
22 JUL Estetica Maria Candida 40,00
22 JUL Zaffari Cabral 577,58
22 JUL Panvel Farmacias 279,78
23 JUL Zaffari Cabral 225,18
24 JUL Cais Parking 30,00
24 JUL Bravo 23,00
24 JUL Mamma Mia Embarcadero 456,50
24 JUL Ifood *Ifd*Tokyo Sus 183,74
24 JUL Just Cold - Embarcadei 36,00
24 JUL Zaffari Cabral 353,84
26 JUL Posto Bela Vista 28,00
26 JUL Zaffari Cabral 127,59
27 JUL Pag*Cp 300,00
28 JUL Lara Poc 16,00
28 JUL Zaffari Cabral 391,31
28 JUL Deza 34,00
28 JUL Deza 2,00
28 JUL Lara Poc 16,00
29 JUL Raia 385,25
29 JUL Mini Kids Car 70,00
29 JUL Mega Zone 60,00
29 JUL Zaffari Cabral 313,46
30 JUL Pasta Sciutta 468,60
01 AGO Pag*Cp 225,00
01 AGO Vive Le Cafe 30,40
01 AGO Pag*Cp 225,00
21 JUN Pagamento em 21 JUN 9.836,99
21 JUN IOF de "Paypal *Www.Plex.Tv Pa" 1,41
21 JUN Paypal *Www.Plex.Tv Pa
BRL 25,24 = USD 5,26
Conversão: BRL 4,80 = USD 1 = R$ 4,98

26,22

22 JUN Zaffari Cabral 181,07
22 JUN Posto Bela Vista 19,50
24 JUN Pag*Cp 300,00
24 JUN GameStore 225,00
26 JUN Zaffari Cabral 506,52
27 JUN Ifood *Ifd*Tokyo Sus 181,74
01 JUL GameStore 150,00
01 JUL Zaffari Cabral 706,77
02 JUL Pag*Cp 90,00
02 JUL Google Suite 8,10
02 JUL Google Globo 49,90
03 JUL Safe Estacionamentos 13,10
04 JUL Zaffari Cabral 371,97
04 JUL Sem Parar Tag 113,86
04 JUL Raia 237,34
05 JUL Paypal *Tradingview Pr
BRL 5,04 = USD 1,05
Conversão: BRL 4,80 = USD 1 = R$ 5,00

5,25

05 JUL IOF de "Paypal *Tradingview Pr" 0,28
06 JUL Zaffari Cabral 294,52
07 JUL Posto Bela Vista 98,50
07 JUL Posto Bela Vista 342,67
07 JUL Trem Expresso 40,00
07 JUL Animal Kids 35,00
08 JUL Mp *Hbomaxassin 17,45
08 JUL Posto Bela Vista 19,50
08 JUL Pag*Cp 225,00
08 JUL Zaffari Cabral 382,34
09 JUL Saude No Copo 29,00
09 JUL Zaffari Cabral 307,35
10 JUL Mp *Mp*Nivel6 14,99
10 JUL IOF de "Midjourney Inc." 8,19
10 JUL Midjourney Inc.
USD 30,00
Conversão: USD 1 = R$ 5,08

152,25

10 JUL Ebn *Spotify 34,90
10 JUL Ifood *Ifd*Lov Pizza 101,90
10 JUL Posto Garybaldi 76,00
11 JUL Google Fitbit Llc 38,99
11 JUL Zaffari Cabral 187,40
12 JUL Zaffari Cabral 260,12
13 JUL IOF de "Paypal *Site5" 18,17
13 JUL Paypal *Site5
BRL 323,32 = USD 66,35
Conversão: BRL 4,87 = USD 1 = R$ 5,09

337,77

14 JUL Zaffari Cabral 259,34
14 JUL Pag*Panvelfilial357 210,65
15 JUL Zaffari Cabral 1.215,37
15 JUL Posto Bela Vista 22,50
15 JUL Letto Premium 99,00
15 JUL Six Dry Aged 332,45
15 JUL Le Petit Macarons Pati 47,00
15 JUL Mercadolivre*Jgames 294,31
15 JUL Lyon Park - Patio 11,00
17 JUL Zaffari Cabral 91,58
17 JUL IOF de "Paypal *Unitytechno" 9,87
17 JUL Paypal *Unitytechno
BRL 176,44 = USD 36,79
Conversão: BRL 4,80 = USD 1 = R$ 4,99

183,49

17 JUL Lyon Park - Viva 22,00
18 JUL Ebn*Sonyplaystatn 275,54
19 JUL Netflix.Com 55,90

20 MAI Zaffari Cabral 266,15
20 MAI Raia 310,16
20 MAI Posto Bela Vista 19,50
21 MAI Pagamento em 21 MAI 16.159,91
22 MAI Pag*Grandcrepe 30,00
22 MAI IOF de "Paypal *Www.Plex.Tv Pa" 1,47
22 MAI Marques 368,72
22 MAI Paypal *Www.Plex.Tv Pa
BRL 26,14 = USD 5,26
Conversão: BRL 4,97 = USD 1 = R$ 5,18

27,27

22 MAI Paypal *Shellbox 325,00
22 MAI Pag*Cp 150,00
22 MAI Zaffari Cabral 342,71
22 MAI Pag*Grandcrepe 5,00
25 MAI Zaffari Cabral 378,46
26 MAI Pag*Cp 150,00
26 MAI Zaffari Cabral 385,80
27 MAI Paypal *Uber 3,00
27 MAI Paypal *Uber 37,76
27 MAI Paypal *Uber 32,75
28 MAI Zaffari Cabral 324,19
29 MAI Mp *Guicheweb 65,00
29 MAI Mp *Guicheweb 130,00
30 MAI Zaffari Cabral 675,75
30 MAI Ifood *Ifd*Tokyo Sus 181,74
31 MAI Zaffari Cabral 271,65
01 JUN Pag*Cp 150,00
02 JUN Google Gsuite_thelabor 8,10
02 JUN Google Globo 49,90
03 JUN Estetica Maria Candida 40,00
03 JUN Pag*Cp 150,00
03 JUN Zaffari Cabral 462,52
03 JUN Pag*Cp 50,00
04 JUN D. dos Santos Marchior 4,00
05 JUN IOF de "Paypal *Tradingview Pr" 0,29
05 JUN Ifood *Ifd*Tokyo Sus 181,74
05 JUN sem Par*sem Parar * 97,86
05 JUN Paypal *Tradingview Pr
BRL 5,25 = USD 1,05
Conversão: BRL 5,00 = USD 1 = R$ 5,15

5,41

05 JUN Pag*Panvelfilial357 18,23
05 JUN Zaffari Cabral 255,74
06 JUN Cinemark Barra Sul 41,00
06 JUN Pag*Cp 150,00
07 JUN Ingresso.Com 29,64
08 JUN Pag*Mepayfinancial 45,00
08 JUN Pag*Guicheweb 30,00
08 JUN Decathlon Porto Alegre 429,98
08 JUN Pag*Adelmatavaresdoss 50,00
08 JUN Mp *Hbomaxassin 17,45
09 JUN Pag*Cp 50,00
09 JUN Pag*Cp 50,00
10 JUN Ifood *Ifd*Tokyo Sus 181,73
10 JUN Midjourney Inc.
USD 30,00
Conversão: USD 1 = R$ 5,09

152,64

10 JUN Ec*Nivel6 14,99
10 JUN Ebn*Spotify 34,90
10 JUN IOF de "Midjourney Inc." 8,21
11 JUN Coco Bambu P*Cb Porto 186,91
11 JUN Pag*Livrarialeitura 65,78
11 JUN Zaffari Cabral 402,52
11 JUN Pag*Clubedacrianca 200,00
11 JUN Google Fitbit Llc 38,99
13 JUN Pag*Cp 270,00
16 JUN Paypal *Unitytechno
BRL 178,38 = USD 36,76
Conversão: BRL 4,85 = USD 1 = R$ 5,04

185,27

16 JUN IOF de "Paypal *Unitytechno" 9,97
17 JUN Posto Bela Vista 44,50
17 JUN Zaffari Cabral 646,12
18 JUN Casa de Carnes Bela Vi 194,89
18 JUN Mercadolivre*Espacoju 40,90
18 JUN Mercadolivre*Jmpparaf 43,88
19 JUN Netflix.Com 55,90
19 JUN Zaffari Cabral 209,95
20 ABR Zaffari Cabral 196,51
20 ABR Ebn *Sonyplaystatn 200,66
21 ABR IOF de "Paypal *Www.Plex.Tv Pa" 1,50
21 ABR Zaffari Cabral 198,93
21 ABR Paypal *Www.Plex.Tv Pa
BRL 26,59 = USD 5,30
Conversão: BRL 5,02 = USD 1 = R$ 5,25

27,83

22 ABR Zaffari Cabral 225,65
22 ABR Pagamento em 22 ABR 12.690,92
23 ABR Zaffari Cabral 494,76
24 ABR Zaffari Cabral 149,74
25 ABR Zaffari Cabral 126,56
26 ABR Raia 241,69
26 ABR Zaffari Cabral 332,32
27 ABR Paypal*Paypal *Uber 20,66
28 ABR Zaffari Cabral 275,17
28 ABR Ifood *Ifd*Tokyo Sus 149,34
29 ABR Zaffari Cabral 270,91
29 ABR Paypal *Shellbox 331,42
29 ABR Posto Bela Vista 14,00
01 MAI Paypal *Tradingview Pr
BRL 816,69 = USD 163,50
Conversão: BRL 5,00 = USD 1 = R$ 5,20

850,32

01 MAI Pag*Juarezzagonel 20,00
01 MAI IOF de "Paypal *Tradingview Pr" 45,75
02 MAI Google Gsuite_thelabor 8,10
02 MAI Vila Ventura Hoteis 359,00
02 MAI Google Globo 49,90
02 MAI Zaffari Cabral 351,28
03 MAI IFood / Tokyo Sushi House 132,34
04 MAI sem Par*sem Parar * 67,86
05 MAI Paypal *Tradingview Pr
BRL 5,29 = USD 1,05
Conversão: BRL 5,04 = USD 1 = R$ 5,21

5,47

05 MAI IOF de "Paypal *Tradingview Pr" 0,29
05 MAI Zaffari Cabral 364,99
07 MAI Agua Viva 215,00
07 MAI Drive Kids 25,00
07 MAI Zaffari Cabral 337,45
08 MAI IOF de "Amzn Mktp Us*Lg6te3sy3" 15,92
08 MAI Mp *Hbomaxassin 17,45
08 MAI Amzn Mktp Us*Lg6te3sy3
BRL 285,55 = USD 57,27
Conversão: BRL 4,99 = USD 1 = R$ 5,17

295,99

09 MAI Zaffari Cabral 636,79
10 MAI Midjourney Inc.
USD 30,00
Conversão: USD 1 = R$ 5,20

156,02

10 MAI IOF de "Midjourney Inc." 8,39
10 MAI Ebn*Spotify 34,90
11 MAI Ec*Nivel6 14,99
11 MAI Pag*Cp 150,00
11 MAI Zaffari Cabral 332,84
11 MAI Google Fitbit Llc 38,99
12 MAI Paypal *Uber 3,00
12 MAI Paypal *Uber 20,00
13 MAI Zaffari Cabral 487,09
13 MAI Zaffari Cabral 399,99
13 MAI Raia 236,42
15 MAI Essencia do Sabor 160,50
15 MAI Ifood *Ifd*Tokyo Sus 181,73
15 MAI Zaffari Cabral 243,30
16 MAI IOF de "Paypal *Unitytechno" 10,14
16 MAI Paypal *Unitytechno
BRL 181,64 = USD 36,81
Conversão: BRL 4,93 = USD 1 = R$ 5,12

188,48

17 MAI Pag*Cp 150,00
17 MAI Pag*Cp 100,00

18 MAI Pag*Cp 150,00
18 MAI Zaffari Cabral 378,71
19 MAI Netflix.Com 55,90
19 MAI Mapfre Seguros 5.601,96

20 MAR Zaffari Cabral 347,32
20 MAR Pagamento em 20 MAR 15.519,53
21 MAR IOF de "Paypal *Www.Plex.Tv Pa" 1,54
21 MAR Zaffari Cabral 381,29
21 MAR Paypal *Www.Plex.Tv Pa
BRL 27,61 = USD 5,25
Conversão: BRL 5,26 = USD 1 = R$ 5,46

28,65

23 MAR Pag*Berthacristina 25,00
23 MAR Pag*Berthacristina 30,00
23 MAR Mario Ferreira Cascao 40,00
24 MAR Ebn *Sonyplaystatn 105,30
25 MAR Paypal *Uber 47,06
25 MAR Pag*Cp 150,00
25 MAR Paypal *Uber 47,84
25 MAR Zaffari Cabral 372,77
26 MAR Amazon.Com.Br 115,29
26 MAR Barranquinho 352,00
27 MAR Zaffari Cabral 274,39
28 MAR Mercadolivre*Okstorec 28,71
28 MAR Amazon-Marketplace 44,55
28 MAR Six Dry Aged 212,21
28 MAR Paypal *Uber 31,25
28 MAR Ifood *Ifd*Tokyo Sus 181,74
28 MAR Bs Cafes Especiais 22,00
28 MAR Everton Dionisio Lessa 18,00
29 MAR Zaffari Cabral 348,97
29 MAR Paypal *Ingressocom 39,90
30 MAR Paypal *Uber 47,51
30 MAR Paypal *Uber 43,25
30 MAR Cinemark Barra Sul 38,00
31 MAR Ebn*Sonyplaystatn 44,94
31 MAR Zaffari Cabral 488,64

01 ABR Pag*Cp 225,00
02 ABR Google Gsuite_thelabor 8,10
02 ABR Google Globo 49,90
02 ABR Pag*Evertonluis 10,00
03 ABR Ifood *Ifd*Tokyo Sus 181,74
03 ABR Zaffari Cabral 394,69
03 ABR Zaffari Cabral 273,35
04 ABR Semparar*sem Parar 98,86
05 ABR Paypal *Tradingview Pr
BRL 5,32 = USD 1,05
Conversão: BRL 5,07 = USD 1 = R$ 5,28

5,54

05 ABR Zaffari Cabral 154,48
05 ABR IOF de "Paypal *Tradingview Pr" 0,30
06 ABR Letto Premium 277,90
06 ABR Zaffari Cabral 245,94
06 ABR Pag*Cp 225,00
07 ABR Zaffari Cabral 485,56
07 ABR Posto Bela Vista 19,50
07 ABR Pag*Cp 225,00
07 ABR Panvel Filial 106,88
07 ABR Estetica Maria Candida 40,00
07 ABR Ifood *Ifd*Tokyo Sus 278,84
08 ABR Mercpago *Hbomaxas 13,95
08 ABR Mercadolivre*Lojasnan 57,60
09 ABR Posto Bela Vista 331,79
09 ABR Barranquinho 546,70
09 ABR Zaffari Cabral 247,05
09 ABR Pag*Cp 50,00
09 ABR Posto Bela Vista 28,00
09 ABR Zaffari Cabral 514,54
10 ABR Ebn*Spotify 34,90
10 ABR Zaffari Cabral 220,94

11 ABR Google Fitbit Llc 38,99
11 ABR Ec*Nivel6 9,90
11 ABR Zaffari Cabral 249,68
12 ABR Cinemark Barra Sul 83,00
12 ABR Paypal *Ingressocom 59,28
13 ABR Raia 493,44
13 ABR Posto Bela Vista 19,50
14 ABR Pag*Cp 112,50
14 ABR Zaffari Cabral 219,79
15 ABR Coco Bambu P*Cb Porto 144,91
15 ABR Pag*Safe 20,00
16 ABR Santo Antonio Eventos 349,80
16 ABR Zaffari Cabral 306,38
17 ABR Bacio Di Latte 44,00
17 ABR Mega Zone 60,00
17 ABR IOF de "Paypal *Unitytechno" 10,22
17 ABR Paypal *Unitytechno
BRL 181,95 = USD 36,92
Conversão: BRL 4,93 = USD 1 = R$ 5,14

189,89

17 ABR Ifood *Ifd*Lov Pizza 106,90
18 ABR Pag*Previne 400,00
18 ABR Zaffari Cabral 284,18
19 ABR Zaffari Cabral 172,50
19 ABR Netflix.Com 55,90

20 FEV Pagamento em 20 FEV 12.149,64
20 FEV Asiana Comercio de Ali 613,80
21 FEV IOF de "Paypal *Www.Plex.Tv Pa" 1,53
21 FEV Paypal *Www.Plex.Tv Pa
BRL 27,45 = USD 5,27
Conversão: BRL 5,21 = USD 1 = R$ 5,41

28,51

22 FEV Pastasciutta 443,30
22 FEV Rosa Janaina Schneider 20,00
22 FEV Ifood *Ifd*Kero Sush 140,98
22 FEV Panvel Filial 73,79
22 FEV Fascinius 260,00
22 FEV Berlinf*Angus Marques 204,05
22 FEV Raquel Silva de Olive 20,00
22 FEV Fascinius 133,00
22 FEV Pag*Supermercado 167,69
23 FEV Rejane Ferreira 119,00
23 FEV Pag*Cp 150,00
23 FEV Pag*Cp 100,00
23 FEV Rejane Ferreira 19,00
24 FEV Zaffari Cabral 325,98
24 FEV Ifood *Tokyo Sushi L 181,73
25 FEV Zaffari Cabral 373,42
26 FEV Pag*Targetdiversoes 70,00
26 FEV Premium Diversoes 100,00
26 FEV Superlegal Comercio de 159,97
26 FEV Berlinf*Emporio Marque 350,57
26 FEV D'Oro Gelato Italiano 43,00
26 FEV A e P Serv Com de Alim 5,00
27 FEV Zaffari Cabral 367,71
28 FEV Zaffari Cabral 307,81
01 MAR Raia 59,09
01 MAR Posto Bela Vista 19,50

02 MAR Zaffari P. Alves 285,17
02 MAR Google Globo 49,90
02 MAR Pag*Cp 225,00
02 MAR Pag*Cp 112,50
02 MAR Google Gsuite_thelabor 8,10
02 MAR Google Stellariumlabs 29,99
04 MAR Semparar*sem Parar 92,66
04 MAR Posto Bela Vista 332,03
04 MAR Raia 168,39
04 MAR Posto Bela Vista 19,50
04 MAR Zaffari Cabral 480,04
04 MAR Letto Premium 130,90
04 MAR Pag*Cp 150,00
05 MAR Zaffari Cabral 270,54
05 MAR Pasta Sciutta 374,00
06 MAR Paypal *Tradingview Pr
BRL 5,48 = USD 1,05
Conversão: BRL 5,22 = USD 1 = R$ 5,41

5,68

06 MAR IOF de "Paypal *Tradingview Pr" 0,31
07 MAR Sms Mercado Saudavel L 565,00
07 MAR Trem Expresso 40,00
07 MAR Drive Kids 25,00
08 MAR Mercadolivre*Hbomaxas 13,95
09 MAR Flores On Line 190,49
10 MAR Ebn *Spotify 34,90
10 MAR Zaffari Cabral 311,53
11 MAR Google Fitbit Llc 38,99
11 MAR Pag*Cp 150,00
11 MAR Posto Bela Vista 28,00
11 MAR Emporio Bela Vista 128,20
12 MAR Zaffari Cabral 466,09
12 MAR Ec*Nivel6 9,90

12 MAR Barranquinho 520,30
13 MAR Zaffari Cabral 192,98
14 MAR Paypal *Uber 30,65
14 MAR Ifood *Ifd*Tokyo Sus 183,73
14 MAR Paypal *Uber 3,00
14 MAR Zaffari Cabral 133,88
15 MAR Zaffari Cabral 188,43
15 MAR Silva So Manutencao e 1.920,00
15 MAR Am Pm Comestiveis - Lo 26,96
16 MAR Zaffari Cabral 249,03
16 MAR Hosp Moinhos de Vento 541,50
16 MAR Poupe Parking Estacio 18,00
16 MAR Paypal *Unitytechno
BRL 192,86 = USD 36,77
Conversão: BRL 5,25 = USD 1 = R$ 5,45

200,24

16 MAR Pag*Clubedacrianca 125,00
16 MAR IOF de "Paypal *Unitytechno" 10,77
16 MAR Pag*Cp 240,00
17 MAR Mercadolivre*Staefige 86,20
18 MAR Pag*Cp 150,00
18 MAR Zaffari Cabral 49,14
18 MAR Zaffari Cabral 443,09
19 MAR Barranquinho 371,80
19 MAR Netflix.Com 55,90
19 MAR Ifood *Ifd*Tokyo Sus 183,73

20 JAN Pagamento em 20 JAN 14.134,52
20 JAN Ifood *Ifd*Acao da C 3,00
20 JAN Pag*Supermercado 162,53
21 JAN Pag*Rogeriokieling 16,00
21 JAN IOF de "Paypal *Www.Plex.Tv Pa" 1,54
21 JAN Pag*Magnusbatistagobb 50,00
21 JAN Paypal *Www.Plex.Tv Pa
BRL 27,46 = USD 5,29
Conversão: BRL 5,19 = USD 1 = R$ 5,41

28,60

21 JAN Naro Beach C Japones 576,18
21 JAN Rosa Janaina Schneider 30,00
21 JAN Ifood *Ifd*Wisco Piz 110,00
21 JAN Pag*Rogeriokieling 12,00
22 JAN Pag*Rogeriokieling 45,00
22 JAN Pag*Supermercado 798,00
23 JAN Zaffari Cabral 313,69
23 JAN Pag*Gigapostos 20,00
23 JAN Pag*Cp 150,00
23 JAN Berlinf*Emporio Marque 265,32
24 JAN Press Bar e Restaurant 46,22
24 JAN Casa do Papel 850,45
24 JAN Alo Bebe 434,17
25 JAN Pag*Cp 150,00
25 JAN Roberto Celular 164,00
26 JAN Estacionamento Pontal 9,00
26 JAN Pag*Cp 150,00
27 JAN Ifood *Ifd*Tokyo Sus 183,74
28 JAN Zaffari Cabral 20,28
28 JAN Amazon.Com.Br 224,14
28 JAN Posto Bela Vista 11,00
28 JAN Zaffari Cabral 473,51
30 JAN Posto Bela Vista 325,02

30 JAN Zaffari Cabral 176,45
30 JAN Posto Bela Vista 25,00
01 FEV Zaffari Cabral 274,16
01 FEV Paypal *Uber 14,20
02 FEV Paypal*Paypal *Uber 18,24
02 FEV Google Globo 49,90
02 FEV Google Gsuite_thelabor 8,10
03 FEV Zaffari Cabral 318,99
03 FEV Posto Bela Vista 18,00
04 FEV Pag*Cp 100,00
04 FEV Pag*Cp 150,00
04 FEV Zaffari Cabral 276,44
04 FEV sem Par*sem Parar * 86,06
06 FEV Ifood *Ifd*Tokyo Sus 172,84
06 FEV Paypal *Tradingview Pr
BRL 5,40 = USD 1,07
Conversão: BRL 5,05 = USD 1 = R$ 5,31

5,68

06 FEV Zaffari Cabral 304,45
06 FEV IOF de "Paypal *Tradingview Pr" 0,31
07 FEV Zaffari Cabral 275,58
08 FEV Mercadolivre*Hbomaxas 13,95
09 FEV Paypal *Uber 36,19
10 FEV Zaffari Lucas Oliv 149,83
10 FEV Mercpago *Nivel6 9,90
10 FEV Ebw*Spotify 34,90
10 FEV Paypal *Uber 13,94
11 FEV Google Fitbit Llc 38,99
11 FEV Zaffari Cabral 382,05
12 FEV Pag*Cp 50,00
12 FEV Pag*Cp 150,00
12 FEV Berlinf*Emporio Marque 349,14
12 FEV Ebw *Sonyplaystatn 200,26

13 FEV Posto Universitario 25,00
13 FEV Zaffari Cabral 285,40
14 FEV Ifood *Ifd*Tokyo Sus 183,74
16 FEV Zaffari Cabral 155,04
16 FEV Z Cafe 46,64
16 FEV Paypal *Unitytechno
BRL 191,61 = USD 37,15
Conversão: BRL 5,16 = USD 1 = R$ 5,36

199,00

16 FEV Estetica Maria Candida 40,00
16 FEV IOF de "Paypal *Unitytechno" 10,71
16 FEV Pag*Panvelfilial44 79,90
17 FEV Posto Bela Vista 19,50
17 FEV Pag*Zaffarianita 228,03
18 FEV Zaffari Cabral 567,06
18 FEV Shala Gade Comercio de 147,98
18 FEV Posto Bela Vista 333,57
18 FEV Agua Viva 215,00
19 FEV Posto Bela Vista 48,50
19 FEV Ifood *Ifd*Tokyo Sus 181,74
19 FEV Netflix.Com 55,90

01 JAN Pag*Rogeriokieling 9,00
01 JAN Pag*Rogeriokieling 30,00

02 JAN Google Gsuite_thelabor 8,10
02 JAN Pag*Supermercado 516,53
02 JAN Google Globo 49,90
03 JAN Fascinius 185,00
03 JAN Pag*Alexsandrodasilva 178,75
03 JAN Fascinius 85,00
03 JAN Pag*Alexsandrodasilva 12,00
04 JAN Amiga Sua Louca 75,00
04 JAN sem Par*sem Parar * 142,96
05 JAN Paypal *Tradingview Pr
BRL 5,74 = USD 1,07
Conversão: BRL 5,36 = USD 1 = R$ 5,66

6,06

05 JAN IOF de "Paypal *Tradingview Pr" 0,33
06 JAN Pag*Supermercado 748,22
07 JAN Pag*Rogeriokieling 16,00
07 JAN Pag*Alceucomerciode 35,00
07 JAN Asiana Comercio de Ali 416,90
07 JAN Fascinius 140,00
07 JAN Fasciniu'S 85,00
08 JAN Pag*Pionerrestaurante 45,00
08 JAN Marina Suvenirs 40,00
08 JAN N C B Teixeira Lanches 60,00
08 JAN Marina Park Empreendim 20,00
08 JAN N C B Teixeira Lanches 45,00
09 JAN Pag*Supermercado 7,97
09 JAN Mercadolivre*Hbomaxas 13,95
09 JAN Nacional Centro (Xangr 229,22
09 JAN El Gaucho 551,16
10 JAN Pag*Rogeriokieling 16,00
10 JAN Ebw*Spotify 34,90
10 JAN Pag*Rogeriokieling 23,00
10 JAN Pag*Rogeriokieling 7,00

10 JAN Pag*Rogeriokieling 10,00
10 JAN Pag*Rogeriokieling 28,00
11 JAN Zaffari Cabral 1.147,94
11 JAN Ec*Nivel6 9,90
11 JAN Google Fitbit Llc 38,99
11 JAN Pag*Gigapostos 20,00
11 JAN Giga Postos 322,46
12 JAN Pag*Cp 150,00
12 JAN Pag*Cp 300,00
12 JAN Ifood *Ifd*Tokyo Sus 183,74
13 JAN Coco Bambu P*Cb Porto 141,91
13 JAN Htm*Vsncurso 197,00
13 JAN Zaffari Cabral 346,13
13 JAN Paypal *Uber 31,64
14 JAN Zaffari Cabral 198,42
15 JAN Posto Bela Vista 25,00
15 JAN Pag*Supermercado 214,94
15 JAN Posto Bela Vista 147,04
15 JAN Panvel Filial 100,88
15 JAN Barranquinho 330,00
16 JAN IOF de "Paypal *Unitytechno" 10,58
16 JAN Paypal *Unitytechno
BRL 188,92 = USD 36,96
Conversão: BRL 5,11 = USD 1 = R$ 5,32

196,60

16 JAN Pag*Supermercado 79,95
16 JAN Pag*Supermercado 271,55
16 JAN Pag*Marilenesteinmetz 36,70
17 JAN Pag*Rogeriokieling 16,00
17 JAN Pag*Supermercado 335,71
17 JAN Osnir Antonio Diniz 930,00
18 JAN Pag*Rogeriokieling 20,00
18 JAN Pag*Cp 150,00

18 JAN Pag*Rogeriokieling 22,00
18 JAN Ifood *Ifd*Wisco Piz 83,00
18 JAN Pag*Rogeriokieling 12,00
19 JAN Estorno de "Htm*Vsncurso" 197,00
19 JAN Pag*Ilhadosorvete 36,09
19 JAN Pag*Magnusbatistagobb 50,00
19 JAN Asiana Comercio de Ali 670,88
19 JAN Netflix.Com 55,90